  3.000E+00  9.894E-01   3.693E+00 -3.949E-04 -4.691E-02  4.835E-02 -3.717E-04  1.863E-02  8.667E-01
  3.000E+00  9.446E-01   3.730E+00 -2.709E-03 -9.295E-02  9.725E-02 -8.772E-04  3.284E-02  8.550E-01
  3.000E+00  8.656E-01   3.769E+00 -7.663E-03 -1.234E-01  1.303E-01 -1.362E-03  4.676E-02  8.364E-01
  3.000E+00  7.554E-01   3.766E+00 -1.446E-02 -1.324E-01  1.415E-01 -1.696E-03  5.790E-02  8.147E-01
  3.000E+00  6.179E-01   3.692E+00 -2.431E-02 -1.186E-01  1.292E-01 -1.779E-03  6.227E-02  7.921E-01
  3.000E+00  4.580E-01   3.544E+00 -3.949E-02 -8.096E-02  9.223E-02 -1.537E-03  5.379E-02  7.686E-01
  3.000E+00  2.816E-01   3.349E+00 -6.415E-02 -1.810E-02  2.895E-02 -9.523E-04  2.972E-02  7.398E-01
  3.000E+00  9.501E-02   3.174E+00 -1.087E-01  7.256E-02 -6.355E-02 -2.274E-05 -3.696E-03  6.950E-01
  3.000E+00 -9.501E-02   3.111E+00 -1.862E-01  1.770E-01 -1.712E-01  1.129E-03 -2.947E-02  6.200E-01
  3.000E+00 -2.816E-01   3.228E+00 -2.921E-01  2.695E-01 -2.675E-01  2.215E-03 -3.387E-02  5.154E-01
  3.000E+00 -4.580E-01   3.523E+00 -3.967E-01  3.296E-01 -3.308E-01  2.959E-03 -1.548E-02  4.065E-01
  3.000E+00 -6.179E-01   3.875E+00 -4.625E-01  3.547E-01 -3.577E-01  3.291E-03  1.270E-02  3.220E-01
  3.000E+00 -7.554E-01   4.072E+00 -4.665E-01  3.576E-01 -3.615E-01  3.322E-03  3.886E-02  2.745E-01
  3.000E+00 -8.656E-01   3.945E+00 -3.981E-01  3.432E-01 -3.472E-01  3.116E-03  5.746E-02  2.643E-01
  3.000E+00 -9.446E-01   3.518E+00 -2.551E-01  2.939E-01 -2.973E-01  2.565E-03  6.219E-02  2.873E-01
  3.000E+00 -9.894E-01   3.038E+00 -7.499E-02  1.709E-01 -1.731E-01  1.395E-03  4.296E-02  3.298E-01
  4.000E+00  9.894E-01   8.438E+00  5.207E-03 -1.767E-02  1.414E-02  1.107E-03 -8.121E-03  8.973E-01
  4.000E+00  9.446E-01   8.195E+00  1.627E-02 -3.442E-02  2.868E-02  1.734E-03 -2.080E-03  8.855E-01
  4.000E+00  8.656E-01   7.752E+00  2.634E-02 -4.915E-02  4.198E-02  1.338E-03  2.150E-02  8.635E-01
  4.000E+00  7.554E-01   7.177E+00  1.577E-02 -5.848E-02  5.172E-02  2.684E-04  6.287E-02  8.272E-01
  4.000E+00  6.179E-01   6.556E+00 -3.291E-02 -6.433E-02  5.899E-02 -6.490E-04  1.189E-01  7.713E-01
  4.000E+00  4.580E-01   6.035E+00 -1.293E-01 -5.142E-02  4.781E-02 -1.089E-03  1.608E-01  6.955E-01
  4.000E+00  2.816E-01   5.643E+00 -2.503E-01 -2.496E-02  2.254E-02 -1.133E-03  1.921E-01  5.994E-01
  4.000E+00  9.501E-02   5.516E+00 -3.862E-01  1.220E-02 -1.416E-02 -1.007E-03  1.826E-01  4.882E-01
  4.000E+00 -9.501E-02   5.619E+00 -5.093E-01  5.042E-02 -5.222E-02 -5.988E-04  1.342E-01  3.816E-01
  4.000E+00 -2.816E-01   5.942E+00 -5.973E-01  8.984E-02 -9.275E-02 -3.227E-05  3.582E-02  2.866E-01
  4.000E+00 -4.580E-01   6.795E+00 -6.499E-01  1.250E-01 -1.295E-01  6.939E-04 -3.153E-02  1.995E-01
  4.000E+00 -6.179E-01   8.613E+00 -6.673E-01  1.215E-01 -1.265E-01  1.361E-03 -6.204E-02  1.239E-01
  4.000E+00 -7.554E-01   1.146E+01 -6.377E-01  1.145E-01 -1.194E-01  1.790E-03 -5.848E-02  6.752E-02
  4.000E+00 -8.656E-01   1.415E+01 -5.287E-01  1.110E-01 -1.152E-01  1.743E-03 -3.684E-02  3.749E-02
  4.000E+00 -9.446E-01   1.549E+01 -3.473E-01  1.019E-01 -1.050E-01  1.359E-03 -1.938E-02  2.242E-02
  4.000E+00 -9.894E-01   1.462E+01 -1.045E-01  7.216E-02 -7.391E-02  7.212E-04 -7.709E-03  1.459E-02
  5.000E+00  9.894E-01   1.276E+01  1.247E-02 -6.418E-03  1.765E-03  8.371E-04 -3.700E-02  8.395E-01
  5.000E+00  9.446E-01   1.153E+01  3.335E-02 -1.272E-02  3.184E-03  1.431E-03 -5.182E-02  8.307E-01
  5.000E+00  8.656E-01   9.693E+00  6.303E-02 -1.789E-02  7.717E-03  9.016E-04 -4.952E-02  8.115E-01
  5.000E+00  7.554E-01   7.704E+00  8.534E-02 -2.417E-02  1.497E-02  1.366E-04 -1.268E-02  7.837E-01
  5.000E+00  6.179E-01   6.132E+00  3.658E-02 -2.316E-02  1.609E-02 -4.147E-04  5.304E-02  7.301E-01
  5.000E+00  4.580E-01   5.078E+00 -8.481E-02 -2.428E-02  2.124E-02 -7.449E-04  1.381E-01  6.297E-01
  5.000E+00  2.816E-01   4.591E+00 -2.522E-01  4.251E-03 -4.187E-03 -6.846E-04  2.057E-01  4.980E-01
  5.000E+00  9.501E-02   4.623E+00 -4.182E-01  2.218E-02 -1.891E-02 -4.764E-04  2.568E-01  3.547E-01
  5.000E+00 -9.501E-02   5.214E+00 -5.590E-01  3.734E-02 -3.306E-02 -3.249E-04  2.515E-01  2.293E-01
  5.000E+00 -2.816E-01   6.238E+00 -6.587E-01  3.331E-02 -2.915E-02  3.155E-06  2.017E-01  1.430E-01
  5.000E+00 -4.580E-01   7.004E+00 -6.965E-01  3.637E-02 -3.277E-02  4.856E-04  7.721E-02  8.879E-02
  5.000E+00 -6.179E-01   9.488E+00 -7.368E-01  5.849E-02 -5.611E-02  1.087E-03  3.022E-02  4.943E-02
  5.000E+00 -7.554E-01   1.341E+01 -7.150E-01  3.807E-02 -3.674E-02  1.325E-03 -1.753E-02  3.083E-02
  5.000E+00 -8.656E-01   1.900E+01 -6.277E-01  3.498E-02 -3.507E-02  1.692E-03 -2.537E-02  1.122E-02
  5.000E+00 -9.446E-01   2.288E+01 -4.236E-01  5.168E-02 -5.224E-02  1.319E-03 -1.262E-02 -1.269E-03
  5.000E+00 -9.894E-01   2.339E+01 -1.490E-01  4.275E-02 -4.316E-02  6.305E-04 -5.658E-03 -7.410E-03
