  3.000E+00  9.816E-01   3.367E+00  1.123E-01 -5.270E-02 -1.526E-01
  3.000E+00  9.041E-01   3.900E+00  1.920E-01 -1.679E-01 -2.610E-01
  3.000E+00  7.699E-01   4.245E+00  2.191E-01 -2.169E-01 -2.976E-01
  3.000E+00  5.873E-01   4.267E+00  2.240E-01 -2.028E-01 -3.038E-01
  3.000E+00  3.678E-01   4.119E+00  2.188E-01 -1.584E-01 -2.951E-01
  3.000E+00  1.252E-01   3.935E+00  2.090E-01 -1.074E-01 -2.785E-01
  3.000E+00 -1.252E-01   3.760E+00  1.963E-01 -6.241E-02 -2.570E-01
  3.000E+00 -3.678E-01   3.564E+00  1.789E-01 -3.010E-02 -2.305E-01
  3.000E+00 -5.873E-01   3.247E+00  1.550E-01 -1.266E-02 -1.989E-01
  3.000E+00 -7.699E-01   2.700E+00  1.248E-01 -7.628E-03 -1.636E-01
  3.000E+00 -9.041E-01   1.950E+00  8.985E-02 -7.712E-03 -1.247E-01
  3.000E+00 -9.816E-01   1.288E+00  4.615E-02 -3.646E-03 -6.967E-02
  4.000E+00  9.816E-01   7.691E+00  6.880E-02 -2.757E-01 -1.037E-01
  4.000E+00  9.041E-01   1.112E+01  7.859E-02 -5.022E-01 -1.181E-01
  4.000E+00  7.699E-01   1.083E+01  7.765E-02 -5.106E-01 -1.173E-01
  4.000E+00  5.873E-01   9.041E+00  7.244E-02 -4.598E-01 -1.115E-01
  4.000E+00  3.678E-01   7.452E+00  6.649E-02 -4.013E-01 -1.038E-01
  4.000E+00  1.252E-01   6.335E+00  7.003E-02 -3.408E-01 -1.054E-01
  4.000E+00 -1.252E-01   5.648E+00  8.716E-02 -2.674E-01 -1.208E-01
  4.000E+00 -3.678E-01   5.482E+00  1.023E-01 -1.833E-01 -1.330E-01
  4.000E+00 -5.873E-01   5.933E+00  8.997E-02 -1.097E-01 -1.161E-01
  4.000E+00 -7.699E-01   6.634E+00  4.881E-02 -6.707E-02 -7.089E-02
  4.000E+00 -9.041E-01   6.478E+00  3.436E-03 -4.564E-02 -2.361E-02
  4.000E+00 -9.816E-01   5.189E+00 -1.790E-02 -1.739E-02  3.299E-03
  5.000E+00  9.816E-01   1.147E+01  3.584E-02 -4.208E-01 -5.647E-02
  5.000E+00  9.041E-01   1.557E+01  3.826E-02 -5.927E-01 -5.941E-02
  5.000E+00  7.699E-01   1.241E+01  3.592E-02 -5.710E-01 -5.743E-02
  5.000E+00  5.873E-01   8.810E+00  2.799E-02 -5.391E-01 -4.894E-02
  5.000E+00  3.678E-01   6.597E+00  1.974E-02 -5.268E-01 -3.919E-02
  5.000E+00  1.252E-01   5.460E+00  1.949E-02 -5.199E-01 -3.779E-02
  5.000E+00 -1.252E-01   4.809E+00  4.283E-02 -4.840E-01 -6.189E-02
  5.000E+00 -3.678E-01   4.637E+00  8.006E-02 -4.000E-01 -1.013E-01
  5.000E+00 -5.873E-01   5.410E+00  8.749E-02 -2.574E-01 -1.094E-01
  5.000E+00 -7.699E-01   7.760E+00  4.241E-02 -1.140E-01 -6.316E-02
  5.000E+00 -9.041E-01   1.071E+01 -8.920E-03 -4.243E-02 -1.086E-02
  5.000E+00 -9.816E-01   1.138E+01 -2.311E-02 -1.202E-02  8.972E-03
  3.000E+00  9.816E-01   1.509E+00  5.676E-02  7.120E-03  6.340E-03
  3.000E+00  9.041E-01   1.856E+00  8.402E-02  2.426E-02  3.745E-02
  3.000E+00  7.699E-01   2.375E+00  4.946E-02  3.240E-02  1.014E-01
  3.000E+00  5.873E-01   2.890E+00 -1.832E-02  2.665E-02  1.836E-01
  3.000E+00  3.678E-01   3.294E+00 -1.175E-01 -1.205E-02  2.885E-01
  3.000E+00  1.252E-01   3.610E+00 -2.608E-01 -9.721E-02  4.271E-01
  3.000E+00 -1.252E-01   3.937E+00 -4.106E-01 -2.234E-01  5.643E-01
  3.000E+00 -3.678E-01   4.381E+00 -5.055E-01 -3.660E-01  6.379E-01
  3.000E+00 -5.873E-01   4.745E+00 -5.269E-01 -4.580E-01  6.342E-01
  3.000E+00 -7.699E-01   4.694E+00 -4.949E-01 -4.593E-01  5.803E-01
  3.000E+00 -9.041E-01   4.028E+00 -4.275E-01 -3.463E-01  4.940E-01
  3.000E+00 -9.816E-01   3.077E+00 -2.647E-01 -1.120E-01  3.033E-01
  4.000E+00  9.816E-01   5.881E+00  2.612E-02  1.241E-02 -2.930E-03
  4.000E+00  9.041E-01   6.094E+00  2.934E-02  5.110E-02  2.513E-02
  4.000E+00  7.699E-01   6.355E+00  1.278E-02  6.620E-02  6.718E-02
  4.000E+00  5.873E-01   6.254E+00 -5.431E-03  5.059E-02  1.080E-01
  4.000E+00  3.678E-01   5.622E+00 -8.399E-02  1.301E-02  2.150E-01
  4.000E+00  1.252E-01   5.060E+00 -1.772E-01 -9.690E-02  3.284E-01
  4.000E+00 -1.252E-01   4.930E+00 -1.909E-01 -2.670E-01  3.533E-01
  4.000E+00 -3.678E-01   5.944E+00 -2.702E-01 -4.726E-01  4.070E-01
  4.000E+00 -5.873E-01   8.759E+00 -2.783E-01 -5.969E-01  3.591E-01
  4.000E+00 -7.699E-01   1.231E+01 -2.180E-01 -5.403E-01  2.683E-01
  4.000E+00 -9.041E-01   1.599E+01 -1.225E-01 -3.420E-01  1.546E-01
  4.000E+00 -9.816E-01   1.739E+01 -3.401E-02 -9.270E-02  4.871E-02
  5.000E+00  9.816E-01   1.173E+01  2.428E-02  3.763E-02 -8.578E-03
  5.000E+00  9.041E-01   1.006E+01  3.698E-02  1.140E-01  5.251E-04
  5.000E+00  7.699E-01   8.384E+00  1.981E-02  1.127E-01  4.315E-02
  5.000E+00  5.873E-01   6.649E+00 -2.271E-02  5.049E-02  9.781E-02
  5.000E+00  3.678E-01   4.908E+00 -7.296E-02 -5.616E-02  1.453E-01
  5.000E+00  1.252E-01   3.618E+00 -1.222E-01 -1.829E-01  1.969E-01
  5.000E+00 -1.252E-01   3.274E+00 -1.568E-01 -3.714E-01  2.329E-01
  5.000E+00 -3.678E-01   4.746E+00 -1.417E-01 -6.251E-01  2.054E-01
  5.000E+00 -5.873E-01   7.725E+00 -1.628E-01 -6.821E-01  2.109E-01
  5.000E+00 -7.699E-01   1.263E+01 -1.181E-01 -5.930E-01  1.428E-01
  5.000E+00 -9.041E-01   2.092E+01 -7.904E-02 -5.189E-01  8.797E-02
  5.000E+00 -9.816E-01   2.113E+01 -2.198E-02 -2.675E-01  2.594E-02
