  3.000E+00  9.894E-01   1.456E+00  2.431E-03  3.724E-02  1.255E-02  4.224E-05 -4.608E-02  8.089E-01
  3.000E+00  9.446E-01   1.655E+00  1.316E-02  7.443E-02  2.800E-02  8.345E-05 -1.096E-01  8.089E-01
  3.000E+00  8.656E-01   1.983E+00  2.662E-02  7.973E-02  5.685E-02  1.112E-04 -1.844E-01  8.010E-01
  3.000E+00  7.554E-01   2.375E+00  3.517E-02  5.361E-02  1.028E-01  1.467E-04 -2.504E-01  7.880E-01
  3.000E+00  6.179E-01   2.761E+00  3.292E-02  3.874E-03  1.641E-01  2.106E-04 -2.915E-01  7.768E-01
  3.000E+00  4.580E-01   3.092E+00  1.226E-02 -6.821E-02  2.425E-01  3.301E-04 -2.988E-01  7.720E-01
  3.000E+00  2.816E-01   3.364E+00 -3.491E-02 -1.628E-01  3.385E-01  5.334E-04 -2.712E-01  7.693E-01
  3.000E+00  9.501E-02   3.615E+00 -1.134E-01 -2.751E-01  4.461E-01  8.426E-04 -2.131E-01  7.562E-01
  3.000E+00 -9.501E-02   3.893E+00 -2.161E-01 -3.870E-01  5.465E-01  1.245E-03 -1.391E-01  7.185E-01
  3.000E+00 -2.816E-01   4.221E+00 -3.250E-01 -4.750E-01  6.173E-01  1.681E-03 -6.669E-02  6.527E-01
  3.000E+00 -4.580E-01   4.557E+00 -4.151E-01 -5.235E-01  6.462E-01  2.078E-03 -9.268E-03  5.718E-01
  3.000E+00 -6.179E-01   4.777E+00 -4.652E-01 -5.316E-01  6.355E-01  2.382E-03  2.793E-02  4.966E-01
  3.000E+00 -7.554E-01   4.725E+00 -4.613E-01 -5.089E-01  5.969E-01  2.561E-03  4.671E-02  4.440E-01
  3.000E+00 -8.656E-01   4.321E+00 -3.916E-01 -4.614E-01  5.352E-01  2.564E-03  5.111E-02  4.240E-01
  3.000E+00 -9.446E-01   3.678E+00 -2.498E-01 -3.763E-01  4.334E-01  2.228E-03  4.359E-02  4.406E-01
  3.000E+00 -9.894E-01   3.093E+00 -7.232E-02 -2.142E-01  2.445E-01  1.250E-03  2.279E-02  4.844E-01
  4.000E+00  9.894E-01   5.826E+00  9.722E-03  7.467E-03  7.338E-03  4.931E-05 -1.014E-01  8.946E-01
  4.000E+00  9.446E-01   5.893E+00  3.833E-02  2.051E-02  1.680E-02  1.016E-04 -2.210E-01  8.678E-01
  4.000E+00  8.656E-01   6.055E+00  6.353E-02  2.267E-02  3.872E-02  1.371E-04 -3.496E-01  8.088E-01
  4.000E+00  7.554E-01   6.181E+00  6.902E-02  1.157E-02  7.151E-02  1.624E-04 -4.456E-01  7.363E-01
  4.000E+00  6.179E-01   6.092E+00  5.683E-02 -1.337E-02  1.133E-01  2.033E-04 -4.888E-01  6.782E-01
  4.000E+00  4.580E-01   5.764E+00  2.191E-02 -4.285E-02  1.584E-01  2.932E-04 -4.618E-01  6.519E-01
  4.000E+00  2.816E-01   5.296E+00 -3.595E-02 -8.891E-02  2.199E-01  5.050E-04 -3.869E-01  6.411E-01
  4.000E+00  9.501E-02   4.928E+00 -1.318E-01 -1.464E-01  2.896E-01  8.488E-04 -2.515E-01  6.226E-01
  4.000E+00 -9.501E-02   4.871E+00 -2.674E-01 -2.092E-01  3.516E-01  1.412E-03 -8.900E-02  5.741E-01
  4.000E+00 -2.816E-01   5.425E+00 -4.261E-01 -2.627E-01  3.935E-01  2.074E-03  6.049E-02  4.689E-01
  4.000E+00 -4.580E-01   6.833E+00 -5.511E-01 -2.925E-01  4.011E-01  2.579E-03  1.403E-01  3.309E-01
  4.000E+00 -6.179E-01   9.337E+00 -6.071E-01 -2.857E-01  3.629E-01  2.752E-03  1.422E-01  2.089E-01
  4.000E+00 -7.554E-01   1.278E+01 -5.895E-01 -2.425E-01  2.943E-01  2.649E-03  1.152E-01  1.213E-01
  4.000E+00 -8.656E-01   1.555E+01 -4.805E-01 -1.763E-01  2.131E-01  2.330E-03  8.581E-02  6.659E-02
  4.000E+00 -9.446E-01   1.681E+01 -3.020E-01 -1.067E-01  1.307E-01  1.754E-03  5.778E-02  3.107E-02
  4.000E+00 -9.894E-01   1.618E+01 -8.615E-02 -4.036E-02  5.181E-02  8.943E-04  2.936E-02  1.023E-02
  5.000E+00  9.894E-01   1.144E+01  1.850E-02  6.584E-03  3.597E-03  1.731E-05 -1.571E-01  8.614E-01
  5.000E+00  9.446E-01   1.053E+01  6.741E-02  2.198E-02  5.401E-03  3.927E-05 -3.252E-01  8.093E-01
  5.000E+00  8.656E-01   9.466E+00  9.910E-02  2.328E-02  2.247E-02  4.938E-05 -4.752E-01  7.096E-01
  5.000E+00  7.554E-01   8.224E+00  9.446E-02  8.715E-03  5.221E-02  5.222E-05 -5.779E-01  6.078E-01
  5.000E+00  6.179E-01   6.819E+00  5.003E-02 -1.558E-02  8.803E-02  7.337E-05 -6.019E-01  5.576E-01
  5.000E+00  4.580E-01   5.435E+00 -2.111E-02 -4.026E-02  1.216E-01  1.384E-04 -5.609E-01  5.406E-01
  5.000E+00  2.816E-01   4.332E+00 -1.182E-01 -6.928E-02  1.597E-01  3.480E-04 -4.366E-01  5.389E-01
  5.000E+00  9.501E-02   3.676E+00 -2.460E-01 -9.993E-02  1.975E-01  8.000E-04 -2.771E-01  5.073E-01
  5.000E+00 -9.501E-02   3.628E+00 -4.119E-01 -1.176E-01  2.202E-01  1.456E-03 -9.033E-02  4.066E-01
  5.000E+00 -2.816E-01   4.190E+00 -5.601E-01 -1.298E-01  2.181E-01  2.256E-03  4.851E-02  2.800E-01
  5.000E+00 -4.580E-01   5.565E+00 -6.602E-01 -1.552E-01  2.220E-01  2.887E-03  1.298E-01  1.490E-01
  5.000E+00 -6.179E-01   8.794E+00 -7.138E-01 -1.638E-01  2.132E-01  3.102E-03  1.236E-01  5.546E-02
  5.000E+00 -7.554E-01   1.405E+01 -6.869E-01 -1.629E-01  1.971E-01  2.788E-03  9.218E-02  1.894E-02
  5.000E+00 -8.656E-01   2.106E+01 -5.873E-01 -1.218E-01  1.427E-01  2.481E-03  5.810E-02 -3.680E-03
  5.000E+00 -9.446E-01   2.543E+01 -3.753E-01 -5.795E-02  7.222E-02  1.798E-03  3.497E-02 -2.023E-02
  5.000E+00 -9.894E-01   2.623E+01 -1.189E-01 -1.172E-02  1.874E-02  8.571E-04  1.826E-02 -3.323E-02
