  3.000E+00  9.894E-01   2.491E+00  2.247E-03  6.280E-02  2.326E-02 -1.039E-04 -3.277E-02  7.916E-01
  3.000E+00  9.446E-01   2.674E+00  1.667E-02  1.237E-01  5.200E-02 -2.070E-04 -7.703E-02  8.024E-01
  3.000E+00  8.656E-01   2.954E+00  3.463E-02  1.404E-01  8.710E-02 -2.604E-04 -1.189E-01  8.057E-01
  3.000E+00  7.554E-01   3.253E+00  4.372E-02  1.246E-01  1.205E-01 -2.675E-04 -1.525E-01  7.931E-01
  3.000E+00  6.179E-01   3.490E+00  3.712E-02  9.509E-02  1.453E-01 -2.358E-04 -1.763E-01  7.705E-01
  3.000E+00  4.580E-01   3.621E+00  9.657E-03  5.202E-02  1.715E-01 -1.508E-04 -1.876E-01  7.524E-01
  3.000E+00  2.816E-01   3.666E+00 -4.571E-02 -2.060E-02  2.217E-01  2.918E-05 -1.790E-01  7.469E-01
  3.000E+00  9.501E-02   3.718E+00 -1.406E-01 -1.380E-01  3.143E-01  3.549E-04 -1.371E-01  7.367E-01
  3.000E+00 -9.501E-02   3.904E+00 -2.761E-01 -2.819E-01  4.330E-01  8.141E-04 -6.393E-02  6.813E-01
  3.000E+00 -2.816E-01   4.277E+00 -4.213E-01 -4.017E-01  5.308E-01  1.279E-03  1.452E-02  5.660E-01
  3.000E+00 -4.580E-01   4.692E+00 -5.272E-01 -4.644E-01  5.779E-01  1.638E-03  7.116E-02  4.278E-01
  3.000E+00 -6.179E-01   4.837E+00 -5.609E-01 -4.791E-01  5.852E-01  1.893E-03  1.011E-01  3.123E-01
  3.000E+00 -7.554E-01   4.486E+00 -5.073E-01 -4.683E-01  5.740E-01  2.094E-03  1.122E-01  2.399E-01
  3.000E+00 -8.656E-01   3.801E+00 -3.616E-01 -4.343E-01  5.390E-01  2.178E-03  1.077E-01  2.151E-01
  3.000E+00 -9.446E-01   3.211E+00 -1.702E-01 -3.476E-01  4.348E-01  1.860E-03  8.283E-02  2.321E-01
  3.000E+00 -9.894E-01   2.931E+00 -3.591E-02 -1.814E-01  2.254E-01  9.515E-04  3.914E-02  2.624E-01
  4.000E+00  9.894E-01   8.954E+00 -8.895E-04  2.438E-02 -9.811E-03  4.394E-05 -5.201E-02  8.609E-01
  4.000E+00  9.446E-01   8.806E+00 -9.945E-03  4.249E-02 -4.571E-03  1.058E-04 -1.135E-01  8.315E-01
  4.000E+00  8.656E-01   8.472E+00 -2.195E-02  3.236E-02  3.168E-02  1.915E-04 -1.663E-01  7.782E-01
  4.000E+00  7.554E-01   7.903E+00 -4.993E-02  1.848E-02  6.923E-02  3.082E-04 -1.948E-01  6.960E-01
  4.000E+00  6.179E-01   7.347E+00 -1.252E-01  4.447E-03  9.661E-02  4.540E-04 -1.934E-01  5.872E-01
  4.000E+00  4.580E-01   7.146E+00 -2.664E-01 -1.208E-02  1.124E-01  5.544E-04 -1.502E-01  4.796E-01
  4.000E+00  2.816E-01   7.485E+00 -4.340E-01 -4.875E-02  1.370E-01  6.152E-04 -9.239E-02  3.838E-01
  4.000E+00  9.501E-02   8.234E+00 -5.638E-01 -8.178E-02  1.531E-01  5.838E-04 -3.004E-02  2.902E-01
  4.000E+00 -9.501E-02   9.572E+00 -6.268E-01 -1.043E-01  1.577E-01  5.919E-04  1.360E-02  1.981E-01
  4.000E+00 -2.816E-01   1.236E+01 -6.222E-01 -1.084E-01  1.452E-01  6.802E-04  4.265E-02  1.037E-01
  4.000E+00 -4.580E-01   1.708E+01 -5.616E-01 -1.103E-01  1.348E-01  8.249E-04  5.702E-02  3.227E-02
  4.000E+00 -6.179E-01   2.293E+01 -4.558E-01 -1.254E-01  1.418E-01  9.223E-04  5.697E-02 -7.178E-03
  4.000E+00 -7.554E-01   2.809E+01 -3.198E-01 -1.430E-01  1.550E-01  9.024E-04  4.721E-02 -2.683E-02
  4.000E+00 -8.656E-01   3.032E+01 -1.699E-01 -1.420E-01  1.519E-01  7.097E-04  3.134E-02 -3.303E-02
  4.000E+00 -9.446E-01   3.028E+01 -5.534E-02 -1.085E-01  1.159E-01  4.122E-04  1.583E-02 -2.978E-02
  4.000E+00 -9.894E-01   2.953E+01 -6.216E-03 -4.225E-02  4.576E-02  1.546E-04  4.996E-03 -2.376E-02
  5.000E+00  9.894E-01   1.745E+01  5.727E-03  1.421E-02 -1.025E-02  1.137E-05 -8.104E-02  9.164E-01
  5.000E+00  9.446E-01   1.584E+01  1.582E-02  2.511E-02 -1.107E-02  3.378E-05 -1.678E-01  8.758E-01
  5.000E+00  8.656E-01   1.326E+01  3.177E-02  2.044E-02  5.670E-03  6.475E-05 -2.175E-01  7.984E-01
  5.000E+00  7.554E-01   1.037E+01  2.158E-02  7.890E-03  2.724E-02  1.451E-04 -2.300E-01  6.766E-01
  5.000E+00  6.179E-01   8.125E+00 -8.074E-02 -2.925E-03  4.237E-02  3.176E-04 -1.877E-01  5.219E-01
  5.000E+00  4.580E-01   7.071E+00 -2.788E-01 -8.529E-03  4.923E-02  5.659E-04 -1.288E-01  3.552E-01
  5.000E+00  2.816E-01   6.937E+00 -4.728E-01 -1.033E-02  5.216E-02  7.070E-04 -5.292E-02  2.193E-01
  5.000E+00  9.501E-02   7.882E+00 -6.093E-01 -2.886E-02  6.891E-02  8.098E-04  1.263E-03  1.269E-01
  5.000E+00 -9.501E-02   1.054E+01 -6.675E-01 -5.539E-02  8.608E-02  7.607E-04  4.175E-02  6.588E-02
  5.000E+00 -2.816E-01   1.489E+01 -6.098E-01 -9.438E-02  1.149E-01  7.841E-04  6.305E-02  3.318E-02
  5.000E+00 -4.580E-01   2.038E+01 -4.293E-01 -1.107E-01  1.242E-01  6.740E-04  7.613E-02 -1.310E-02
  5.000E+00 -6.179E-01   3.219E+01 -2.942E-01 -9.774E-02  1.064E-01  6.870E-04  5.609E-02 -3.226E-02
  5.000E+00 -7.554E-01   4.726E+01 -2.431E-01 -1.015E-01  1.075E-01  6.549E-04  3.535E-02 -2.809E-02
  5.000E+00 -8.656E-01   5.776E+01 -1.641E-01 -1.057E-01  1.099E-01  6.304E-04  1.838E-02 -2.518E-02
  5.000E+00 -9.446E-01   5.989E+01 -3.826E-02 -7.990E-02  8.329E-02  3.791E-04  5.974E-03 -2.420E-02
  5.000E+00 -9.894E-01   5.615E+01  1.266E-03 -2.980E-02  3.172E-02  1.251E-04  1.632E-03 -2.620E-02
