  2.800E+00  9.894E-01   2.290E+00  1.609E-03  6.601E-17  2.462E-17 -2.950E-02 -2.902E-17  1.554E-16  3.484E-02  3.994E-17 -1.190E-02  5.310E-18  8.562E-01
  2.800E+00  9.446E-01   2.286E+00  8.408E-03  4.085E-17  2.892E-16 -6.115E-02 -1.192E-16  3.912E-16  7.324E-02  9.505E-17 -2.606E-02 -1.033E-16  8.507E-01
  2.800E+00  8.656E-01   2.268E+00  2.022E-02 -1.284E-18 -3.944E-17 -7.866E-02  1.461E-16  3.682E-17  9.709E-02 -2.812E-16 -3.794E-02 -6.199E-17  8.421E-01
  2.800E+00  7.554E-01   2.223E+00  3.587E-02 -3.279E-17 -1.734E-17 -7.641E-02  5.199E-17 -6.324E-17  1.006E-01 -3.357E-17 -4.728E-02 -1.795E-18  8.318E-01
  2.800E+00  6.179E-01   2.146E+00  5.270E-02  8.230E-17 -1.072E-16 -5.075E-02  5.393E-20 -1.134E-16  7.985E-02 -3.184E-17 -5.404E-02  5.488E-17  8.203E-01
  2.800E+00  4.580E-01   2.042E+00  6.493E-02 -1.149E-16  6.302E-18  8.923E-04  1.472E-16 -6.182E-17  3.203E-02 -9.008E-17 -5.669E-02 -5.086E-17  8.054E-01
  2.800E+00  2.816E-01   1.935E+00  6.155E-02 -2.051E-16 -2.756E-16  7.908E-02  2.958E-16 -1.163E-16 -4.399E-02 -1.415E-17 -5.085E-02  1.987E-18  7.804E-01
  2.800E+00  9.501E-02   1.860E+00  2.694E-02 -9.417E-17 -4.095E-16  1.781E-01 -3.718E-16 -2.529E-16 -1.432E-01  4.340E-16 -3.052E-02  7.962E-19  7.353E-01
  2.800E+00 -9.501E-02   1.851E+00 -4.931E-02  5.404E-17 -3.653E-16  2.810E-01 -8.847E-16 -3.178E-16 -2.491E-01  9.569E-16  6.290E-03 -8.934E-17  6.644E-01
  2.800E+00 -2.816E-01   1.921E+00 -1.567E-01 -5.196E-17  1.869E-16  3.644E-01  3.156E-16  9.539E-16 -3.376E-01 -8.817E-16  5.267E-02 -1.975E-16  5.764E-01
  2.800E+00 -4.580E-01   2.044E+00 -2.633E-01 -4.102E-17 -6.057E-17  4.150E-01  8.952E-17  3.668E-18 -3.939E-01 -4.278E-17  9.700E-02  3.969E-17  4.937E-01
  2.800E+00 -6.179E-01   2.147E+00 -3.359E-01  6.960E-17  4.249E-17  4.366E-01  1.592E-17 -1.393E-17 -4.206E-01 -2.139E-17  1.317E-01 -4.280E-17  4.380E-01
  2.800E+00 -7.554E-01   2.141E+00 -3.539E-01  1.927E-17  4.800E-17  4.380E-01  1.876E-18  7.850E-17 -4.260E-01  1.945E-17  1.544E-01 -1.052E-17  4.216E-01
  2.800E+00 -8.656E-01   1.977E+00 -3.054E-01  3.840E-17  5.674E-17  4.177E-01  2.958E-17 -3.077E-17 -4.086E-01 -6.149E-17  1.628E-01 -9.736E-17  4.503E-01
  2.800E+00 -9.446E-01   1.705E+00 -1.888E-01 -5.523E-17  5.012E-17  3.507E-01 -8.379E-17 -1.002E-16 -3.442E-01 -7.439E-17  1.454E-01 -7.170E-17  5.242E-01
  2.800E+00 -9.894E-01   1.467E+00 -4.839E-02  6.080E-17  3.029E-17  1.904E-01  6.981E-17 -1.578E-16 -1.872E-01 -5.304E-17  8.157E-02 -9.090E-17  6.140E-01
  2.900E+00  9.894E-01   2.986E+00  3.414E-04  1.365E-15  1.604E-15 -3.838E-02 -3.784E-15  2.490E-15  4.192E-02  4.296E-15  8.743E-04  4.712E-16  8.551E-01
  2.900E+00  9.446E-01   3.000E+00  1.927E-03  1.713E-17  1.585E-17 -8.044E-02 -6.751E-17  4.928E-17  8.837E-02  1.212E-17  2.627E-03 -1.441E-17  8.466E-01
  2.900E+00  8.656E-01   3.004E+00  5.033E-03  8.037E-18 -3.303E-16 -1.065E-01 -2.090E-16 -1.181E-16  1.185E-01  2.400E-16  4.984E-03  9.073E-17  8.336E-01
  2.900E+00  7.554E-01   2.974E+00  9.366E-03 -5.286E-17 -3.906E-16 -1.113E-01  2.249E-16 -7.709E-17  1.266E-01 -6.404E-17  6.372E-03  6.013E-17  8.183E-01
  2.900E+00  6.179E-01   2.891E+00  1.344E-02  6.541E-17  2.863E-16 -9.191E-02 -2.404E-16  6.471E-17  1.099E-01 -1.742E-17  4.327E-03  9.582E-17  8.025E-01
  2.900E+00  4.580E-01   2.758E+00  1.330E-02 -8.706E-17  4.904E-18 -4.624E-02  7.776E-17  2.858E-17  6.590E-02 -7.575E-17 -2.636E-03 -3.280E-17  7.847E-01
  2.900E+00  2.816E-01   2.606E+00 -2.228E-06 -1.517E-17 -1.322E-16  2.756E-02  1.955E-17 -4.299E-18 -7.528E-03  1.739E-17 -1.263E-02  2.643E-18  7.587E-01
  2.900E+00  9.501E-02   2.491E+00 -4.124E-02 -3.128E-15 -2.748E-15  1.263E-01  2.716E-15  3.894E-16 -1.077E-01 -3.114E-15 -1.907E-02  1.772E-15  7.128E-01
  2.900E+00 -9.501E-02   2.471E+00 -1.223E-01  2.595E-15 -6.913E-15  2.336E-01  2.687E-15 -1.925E-15 -2.182E-01 -2.543E-15 -1.350E-02  2.079E-15  6.373E-01
  2.900E+00 -2.816E-01   2.580E+00 -2.339E-01 -7.660E-17  1.653E-16  3.222E-01  1.090E-16 -2.696E-17 -3.110E-01 -2.166E-16  6.798E-03 -3.858E-17  5.385E-01
  2.900E+00 -4.580E-01   2.792E+00 -3.420E-01 -5.332E-17  1.431E-17  3.749E-01  7.324E-17 -1.272E-17 -3.678E-01 -1.304E-16  3.542E-02  3.159E-17  4.410E-01
  2.900E+00 -6.179E-01   3.002E+00 -4.113E-01 -1.293E-16  4.882E-16  3.962E-01  4.013E-16  3.886E-16 -3.921E-01 -4.701E-17  6.355E-02  6.679E-17  3.693E-01
  2.900E+00 -7.554E-01   3.063E+00 -4.209E-01  6.648E-16 -7.023E-16  3.975E-01 -1.431E-16 -1.077E-15 -3.954E-01  1.759E-16  8.582E-02  2.485E-16  3.355E-01
  2.900E+00 -8.656E-01   2.877E+00 -3.591E-01  1.573E-16  1.668E-16  3.799E-01 -2.608E-16  2.374E-16 -3.790E-01  3.235E-16  9.840E-02 -3.807E-17  3.427E-01
  2.900E+00 -9.446E-01   2.498E+00 -2.222E-01  2.251E-17  6.262E-18  3.213E-01 -1.615E-16 -4.867E-17 -3.210E-01 -5.072E-17  9.289E-02 -4.015E-17  3.894E-01
  2.900E+00 -9.894E-01   2.145E+00 -5.740E-02  4.757E-16 -5.333E-15  1.763E-01  5.037E-16 -2.475E-15 -1.762E-01 -6.505E-16  5.394E-02 -1.537E-15  4.535E-01
  3.000E+00  9.894E-01   3.611E+00 -5.549E-04 -4.727E-17 -1.687E-16 -4.150E-02  9.628E-17 -1.172E-17  4.370E-02 -2.046E-16  9.531E-03 -4.478E-17  8.640E-01
  3.000E+00  9.446E-01   3.645E+00 -2.697E-03  1.883E-17 -5.207E-17 -8.726E-02 -1.298E-16 -2.469E-17  9.218E-02  1.726E-16  2.235E-02  1.965E-17  8.526E-01
  3.000E+00  8.656E-01   3.677E+00 -6.055E-03  1.498E-17  7.946E-17 -1.167E-01  4.286E-17 -7.804E-17  1.240E-01 -4.352E-17  3.530E-02 -4.544E-17  8.349E-01
  3.000E+00  7.554E-01   3.667E+00 -1.076E-02 -3.113E-15 -7.649E-15 -1.249E-01  5.014E-15 -9.090E-15  1.342E-01  4.540E-16  4.582E-02 -4.835E-16  8.141E-01
  3.000E+00  6.179E-01   3.587E+00 -1.793E-02 -1.181E-17  3.650E-17 -1.100E-01  5.057E-17  3.864E-17  1.205E-01 -4.882E-17  4.975E-02  3.506E-17  7.925E-01
  3.000E+00  4.580E-01   3.435E+00 -3.036E-02 -6.609E-17  2.110E-17 -7.001E-02 -1.221E-16 -4.961E-17  8.091E-02 -3.155E-16  4.314E-02  9.972E-17  7.697E-01
  3.000E+00  2.816E-01   3.246E+00 -5.482E-02  2.828E-17 -1.740E-16 -2.549E-03 -3.340E-17 -1.338E-16  1.272E-02  7.831E-17  2.475E-02 -2.886E-17  7.404E-01
  3.000E+00  9.501E-02   3.090E+00 -1.034E-01 -4.756E-17  2.184E-18  9.101E-02  7.374E-17  6.436E-17 -8.293E-02 -4.302E-17 -8.815E-04  1.510E-17  6.931E-01
  3.000E+00 -9.501E-02   3.052E+00 -1.871E-01 -4.384E-17  1.066E-17  1.962E-01  1.345E-16 -4.031E-17 -1.914E-01 -9.670E-17 -2.176E-02 -1.072E-17  6.160E-01
  3.000E+00 -2.816E-01   3.191E+00 -2.981E-01 -7.141E-18 -3.571E-16  2.851E-01  1.104E-16 -3.853E-16 -2.839E-01  1.486E-16 -2.520E-02  2.569E-16  5.115E-01
  3.000E+00 -4.580E-01   3.495E+00 -4.034E-01  1.340E-16  5.433E-17  3.376E-01 -2.563E-16  1.967E-16 -3.392E-01 -2.852E-16 -1.051E-02 -1.499E-16  4.043E-01
  3.000E+00 -6.179E-01   3.841E+00 -4.669E-01 -1.823E-18 -6.326E-18  3.572E-01 -7.849E-17 -3.315E-17 -3.604E-01 -4.059E-17  1.257E-02 -3.933E-17  3.212E-01
  3.000E+00 -7.554E-01   4.022E+00 -4.676E-01  4.325E-14 -4.369E-14  3.569E-01  3.445E-15 -2.226E-14 -3.607E-01  5.080E-15  3.484E-02 -2.365E-14  2.744E-01
  3.000E+00 -8.656E-01   3.872E+00 -3.938E-01 -4.163E-18  2.309E-16  3.398E-01  2.449E-17  3.788E-16 -3.435E-01 -5.545E-16  5.051E-02 -7.248E-18  2.650E-01
  3.000E+00 -9.446E-01   3.426E+00 -2.420E-01  1.035E-16  1.562E-16  2.866E-01 -1.963E-16  8.938E-17 -2.898E-01  2.074E-16  5.301E-02 -2.282E-17  2.892E-01
  3.000E+00 -9.894E-01   2.974E+00 -6.235E-02 -4.798E-17  6.952E-16  1.572E-01  9.235E-17  5.905E-16 -1.589E-01 -8.449E-16  3.227E-02 -4.187E-17  3.297E-01
  3.100E+00  9.894E-01   4.177E+00 -1.013E-03  4.991E-17  2.918E-17 -4.102E-02 -6.145E-17  7.483E-17  4.225E-02  3.831E-17  1.433E-02 -7.124E-17  8.757E-01
  3.100E+00  9.446E-01   4.228E+00 -5.144E-03  3.774E-17 -1.423E-16 -8.649E-02  2.827E-16 -3.058E-17  8.925E-02 -3.112E-16  3.366E-02 -3.203E-17  8.620E-01
  3.100E+00  8.656E-01   4.280E+00 -1.235E-02 -7.959E-17 -8.997E-17 -1.164E-01  1.207E-16  6.850E-17  1.206E-01 -9.004E-17  5.365E-02  1.077E-16  8.404E-01
  3.100E+00  7.554E-01   4.285E+00 -2.337E-02  9.769E-17  4.183E-17 -1.264E-01 -6.901E-17  2.259E-17  1.316E-01  9.193E-17  7.135E-02  8.995E-17  8.146E-01
  3.100E+00  6.179E-01   4.206E+00 -3.969E-02 -1.819E-16  1.309E-16 -1.149E-01  2.978E-16  5.894E-17  1.206E-01 -1.919E-16  8.144E-02 -5.182E-17  7.871E-01
  3.100E+00  4.580E-01   4.037E+00 -6.359E-02  9.412E-17  9.023E-18 -7.996E-02 -5.928E-17 -4.584E-17  8.536E-02  8.011E-17  7.797E-02  3.921E-17  7.580E-01
  3.100E+00  2.816E-01   3.818E+00 -9.980E-02  3.335E-17  4.070E-16 -1.892E-02 -1.537E-16  3.014E-16  2.306E-02 -1.815E-17  5.671E-02  5.325E-17  7.235E-01
  3.100E+00  9.501E-02   3.629E+00 -1.569E-01  3.849E-15 -4.391E-15  6.758E-02 -1.609E-14 -1.669E-14 -6.588E-02 -1.783E-14  1.935E-02 -1.012E-14  6.734E-01
  3.100E+00 -9.501E-02   3.569E+00 -2.429E-01  1.043E-14 -1.284E-14  1.671E-01  1.188E-14 -1.244E-14 -1.688E-01 -7.866E-15 -2.124E-02  1.069E-14  5.954E-01
  3.100E+00 -2.816E-01   3.728E+00 -3.514E-01  2.751E-17 -2.052E-16  2.534E-01 -2.424E-16 -2.407E-16 -2.583E-01  4.954E-17 -4.477E-02 -9.476E-17  4.887E-01
  3.100E+00 -4.580E-01   4.119E+00 -4.521E-01  1.939E-16  1.041E-16  3.044E-01 -2.676E-17  3.750E-17 -3.113E-01  4.818E-17 -4.240E-02  1.668E-17  3.756E-01
  3.100E+00 -6.179E-01   4.619E+00 -5.091E-01 -6.493E-17 -6.865E-17  3.217E-01  1.474E-16 -7.618E-17 -3.292E-01  1.181E-16 -2.343E-02  5.604E-17  2.847E-01
  3.100E+00 -7.554E-01   4.971E+00 -5.011E-01  2.316E-16 -6.185E-16  3.196E-01 -5.829E-16 -5.435E-16 -3.267E-01  3.353E-16 -8.207E-04  9.177E-18  2.289E-01
  3.100E+00 -8.656E-01   4.922E+00 -4.170E-01  3.597E-17  5.796E-16  3.023E-01 -1.058E-15  1.076E-16 -3.087E-01 -6.259E-16  1.740E-02 -3.019E-16  2.079E-01
  3.100E+00 -9.446E-01   4.462E+00 -2.540E-01 -7.675E-18 -9.007E-16  2.537E-01 -2.237E-16 -2.828E-16 -2.587E-01 -8.782E-16  2.557E-02 -6.217E-17  2.161E-01
  3.100E+00 -9.894E-01   3.935E+00 -6.506E-02 -1.501E-16 -4.178E-18  1.385E-01  3.848E-16  9.619E-17 -1.411E-01 -1.346E-16  1.732E-02  5.665E-17  2.393E-01
  3.200E+00  9.894E-01   4.700E+00 -1.107E-03 -1.030E-16 -1.807E-16 -3.857E-02  1.699E-16  4.299E-17  3.907E-02 -1.430E-16  1.612E-02 -9.592E-18  8.865E-01
  3.200E+00  9.446E-01   4.758E+00 -5.762E-03 -9.996E-18  1.230E-16 -8.162E-02 -8.101E-17 -3.272E-17  8.282E-02 -5.547E-17  3.843E-02  3.539E-17  8.712E-01
  3.200E+00  8.656E-01   4.818E+00 -1.459E-02  2.248E-17  8.265E-17 -1.106E-01  4.896E-17  1.971E-16  1.125E-01  3.064E-16  6.269E-02  9.915E-17  8.469E-01
  3.200E+00  7.554E-01   4.823E+00 -2.953E-02  3.790E-17  4.782E-17 -1.216E-01 -6.596E-17  1.768E-17  1.240E-01  1.222E-16  8.592E-02 -1.292E-16  8.170E-01
  3.200E+00  6.179E-01   4.733E+00 -5.310E-02 -1.932E-17  4.658E-17 -1.128E-01  3.152E-16 -8.334E-17  1.153E-01  1.642E-16  1.020E-01 -2.042E-16  7.840E-01
  3.200E+00  4.580E-01   4.546E+00 -8.749E-02  1.835E-17 -1.746E-17 -8.218E-02  2.830E-17  8.497E-17  8.419E-02  1.406E-17  1.032E-01  4.553E-17  7.485E-01
  3.200E+00  2.816E-01   4.304E+00 -1.355E-01  7.289E-17 -5.332E-17 -2.699E-02  3.399E-17  1.790E-17  2.755E-02  1.714E-17  8.261E-02  9.937E-17  7.076E-01
  3.200E+00  9.501E-02   4.090E+00 -2.019E-01 -1.171E-16 -4.354E-17  5.221E-02 -3.255E-16  9.916E-17 -5.414E-02  5.550E-16  3.931E-02 -1.596E-16  6.531E-01
  3.200E+00 -9.501E-02   4.012E+00 -2.908E-01 -1.900E-16 -1.081E-16  1.447E-01 -1.767E-16 -7.499E-17 -1.498E-01  3.915E-16 -1.458E-02  4.062E-17  5.739E-01
  3.200E+00 -2.816E-01   4.181E+00 -3.963E-01 -7.200E-17  4.293E-17  2.266E-01  3.015E-16  3.864E-17 -2.348E-01 -8.355E-17 -5.437E-02 -4.735E-17  4.668E-01
  3.200E+00 -4.580E-01   4.650E+00 -4.914E-01  3.841E-17  1.186E-16  2.752E-01  1.275E-16  6.467E-17 -2.851E-01  1.363E-16 -6.313E-02 -2.728E-16  3.510E-01
  3.200E+00 -6.179E-01   5.314E+00 -5.417E-01  1.022E-17 -5.726E-16  2.902E-01  4.173E-16 -5.194E-16 -3.000E-01  1.855E-16 -4.793E-02  1.825E-18  2.552E-01
  3.200E+00 -7.554E-01   5.879E+00 -5.260E-01  1.964E-17 -1.271E-16  2.860E-01  3.798E-16  2.611E-17 -2.949E-01  3.825E-16 -2.499E-02  2.417E-16  1.936E-01
  3.200E+00 -8.656E-01   5.997E+00 -4.332E-01 -1.090E-16 -4.523E-16  2.688E-01  1.726E-16  6.059E-17 -2.763E-01 -2.036E-16 -4.739E-03 -4.719E-17  1.649E-01
  3.200E+00 -9.446E-01   5.578E+00 -2.617E-01  2.162E-17  1.258E-16  2.244E-01 -1.566E-16  2.090E-17 -2.302E-01  2.977E-17  7.420E-03  3.505E-17  1.624E-01
  3.200E+00 -9.894E-01   5.005E+00 -6.664E-02  3.085E-17  3.971E-16  1.220E-01 -8.351E-16  9.528E-17 -1.250E-01 -1.507E-16  7.486E-03 -1.683E-16  1.741E-01
  3.300E+00  9.894E-01   5.190E+00 -9.476E-04 -1.751E-17 -5.850E-17 -3.522E-02 -1.192E-16 -1.455E-16  3.516E-02  9.336E-17  1.580E-02 -5.419E-17  8.949E-01
  3.300E+00  9.446E-01   5.247E+00 -5.089E-03  4.569E-18  5.463E-17 -7.489E-02  1.045E-18  1.351E-17  7.491E-02 -1.466E-17  3.854E-02  2.010E-17  8.788E-01
  3.300E+00  8.656E-01   5.297E+00 -1.388E-02 -8.486E-17 -3.411E-17 -1.023E-01  6.402E-16 -6.435E-17  1.026E-01 -6.227E-16  6.502E-02 -9.675E-18  8.527E-01
  3.300E+00  7.554E-01   5.284E+00 -3.090E-02  3.719E-17  3.132E-17 -1.138E-01 -1.752E-17  2.620E-17  1.143E-01 -1.655E-17  9.249E-02  1.192E-17  8.198E-01
  3.300E+00  6.179E-01   5.169E+00 -6.013E-02  5.925E-17  1.177E-16 -1.072E-01 -3.918E-16  9.634E-17  1.077E-01  5.302E-16  1.142E-01  4.252E-17  7.822E-01
  3.300E+00  4.580E-01   4.957E+00 -1.041E-01 -4.470E-17 -8.673E-17 -8.020E-02  8.022E-17  1.763E-16  8.012E-02 -1.923E-17  1.208E-01 -4.704E-17  7.404E-01
  3.300E+00  2.816E-01   4.696E+00 -1.637E-01  3.511E-18  3.944E-16 -3.010E-02 -2.806E-18  3.231E-16  2.862E-02 -3.478E-16  1.031E-01 -1.485E-18  6.924E-01
  3.300E+00  9.501E-02   4.467E+00 -2.396E-01  9.268E-17 -7.433E-17  4.227E-02 -3.929E-17 -1.212E-16 -4.608E-02  2.241E-16  5.803E-02  3.321E-17  6.324E-01
  3.300E+00 -9.501E-02   4.377E+00 -3.321E-01  1.556E-16  2.170E-16  1.274E-01 -2.348E-16 -1.215E-16 -1.342E-01  1.295E-16 -3.919E-03 -1.286E-16  5.512E-01
  3.300E+00 -2.816E-01   4.554E+00 -4.346E-01  4.662E-17  2.588E-16  2.041E-01 -2.702E-16  2.885E-16 -2.138E-01 -3.416E-16 -5.636E-02 -1.174E-16  4.448E-01
  3.300E+00 -4.580E-01   5.091E+00 -5.238E-01  1.555E-16 -5.753E-17  2.498E-01 -9.210E-17 -1.162E-16 -2.609E-01  1.595E-16 -7.534E-02  1.309E-16  3.287E-01
  3.300E+00 -6.179E-01   5.920E+00 -5.675E-01  5.373E-17  3.233E-16  2.622E-01 -3.465E-16  2.751E-16 -2.731E-01  1.265E-16 -6.396E-02 -7.426E-17  2.304E-01
  3.300E+00 -7.554E-01   6.730E+00 -5.449E-01 -2.441E-17 -1.415E-16  2.562E-01 -7.177E-17 -2.250E-16 -2.657E-01 -1.563E-16 -4.093E-02  2.640E-17  1.654E-01
  3.300E+00 -8.656E-01   7.072E+00 -4.451E-01 -1.135E-16 -1.182E-15  2.392E-01  3.138E-16 -1.004E-15 -2.471E-01 -4.225E-16 -1.921E-02  3.943E-18  1.321E-01
  3.300E+00 -9.446E-01   6.751E+00 -2.672E-01 -6.597E-17 -4.024E-17  1.990E-01 -3.688E-17 -8.014E-17 -2.049E-01 -1.966E-16 -4.333E-03  4.823E-17  1.229E-01
  3.300E+00 -9.894E-01   6.159E+00 -6.774E-02 -2.094E-16 -8.977E-17  1.079E-01  1.960E-15  2.868E-16 -1.109E-01  1.186E-15  1.159E-03  1.266E-16  1.270E-01
  3.400E+00  9.894E-01   5.655E+00 -6.402E-04  3.232E-17  1.045E-16 -3.160E-02  9.553E-17 -2.211E-17  3.110E-02  1.231E-16  1.409E-02 -5.914E-17  9.006E-01
  3.400E+00  9.446E-01   5.698E+00 -3.616E-03  1.594E-15  1.247E-15 -6.759E-02 -8.424E-16  2.732E-16  6.669E-02  3.603E-15  3.555E-02 -4.055E-15  8.842E-01
  3.400E+00  8.656E-01   5.723E+00 -1.124E-02  2.517E-17 -4.883E-17 -9.321E-02 -2.540E-17  1.497E-17  9.228E-02  3.706E-17  6.275E-02  1.895E-17  8.572E-01
  3.400E+00  7.554E-01   5.674E+00 -2.896E-02 -6.899E-17  3.227E-17 -1.048E-01  8.749E-17 -5.389E-18  1.040E-01 -1.464E-16  9.341E-02  5.556E-17  8.223E-01
  3.400E+00  6.179E-01   5.520E+00 -6.264E-02  5.336E-16 -2.865E-16 -1.000E-01 -1.166E-15 -2.142E-16  9.917E-02 -2.124E-16  1.203E-01  6.424E-16  7.808E-01
  3.400E+00  4.580E-01   5.276E+00 -1.152E-01 -1.952E-16 -4.664E-16 -7.601E-02  3.983E-16 -5.437E-16  7.465E-02 -5.185E-16  1.326E-01 -5.391E-17  7.330E-01
  3.400E+00  2.816E-01   4.997E+00 -1.859E-01 -4.473E-16  4.561E-16 -3.023E-02 -7.290E-17  1.167E-15  2.765E-02  6.590E-17  1.193E-01  4.709E-17  6.779E-01
  3.400E+00  9.501E-02   4.760E+00 -2.713E-01 -2.372E-18 -9.151E-18  3.599E-02 -1.049E-16  4.245E-17 -4.063E-02  1.095E-16  7.521E-02  2.839E-17  6.115E-01
  3.400E+00 -9.501E-02   4.669E+00 -3.679E-01  1.662E-17  6.047E-17  1.140E-01 -2.601E-16  3.300E-17 -1.214E-01  1.446E-16  9.173E-03 -4.079E-17  5.275E-01
  3.400E+00 -2.816E-01   4.855E+00 -4.678E-01 -1.396E-16 -5.829E-16  1.850E-01 -8.513E-16 -6.839E-16 -1.950E-01  3.955E-16 -5.269E-02 -1.310E-16  4.223E-01
  3.400E+00 -4.580E-01   5.450E+00 -5.509E-01 -6.780E-16 -9.804E-16  2.274E-01 -2.079E-16 -1.711E-15 -2.388E-01  2.587E-16 -8.109E-02  2.787E-16  3.076E-01
  3.400E+00 -6.179E-01   6.441E+00 -5.884E-01 -6.976E-17  1.418E-15  2.373E-01 -5.782E-15 -1.835E-15 -2.483E-01 -5.725E-15 -7.380E-02 -1.088E-15  2.090E-01
  3.400E+00 -7.554E-01   7.516E+00 -5.598E-01  3.180E-17  7.405E-16  2.296E-01 -1.553E-16  2.474E-16 -2.392E-01 -1.015E-15 -5.107E-02 -6.133E-17  1.426E-01
  3.400E+00 -8.656E-01   8.131E+00 -4.545E-01 -3.208E-17 -7.643E-17  2.132E-01 -2.700E-16 -1.636E-16 -2.210E-01 -1.564E-16 -2.841E-02 -3.847E-17  1.068E-01
  3.400E+00 -9.446E-01   7.955E+00 -2.718E-01  3.029E-15 -1.345E-14  1.771E-01  3.373E-14  2.397E-15 -1.829E-01  4.190E-14 -1.180E-02  2.385E-15  9.339E-02
  3.400E+00 -9.894E-01   7.370E+00 -6.875E-02  1.392E-16  4.066E-16  9.610E-02 -2.635E-16 -5.019E-16 -9.899E-02  2.303E-17 -2.858E-03  1.351E-16  9.281E-02
  3.500E+00  9.894E-01   6.099E+00 -2.642E-04 -4.550E-17 -9.424E-18 -2.805E-02  1.409E-16  4.861E-17  2.719E-02 -3.264E-17  1.155E-02  1.509E-17  9.037E-01
  3.500E+00  9.446E-01   6.119E+00 -1.723E-03  6.975E-18  3.487E-17 -6.041E-02 -2.920E-17 -4.209E-17  5.877E-02  5.868E-18  3.063E-02  2.310E-17  8.874E-01
  3.500E+00  8.656E-01   6.103E+00 -7.455E-03  2.929E-17 -3.288E-17 -8.417E-02  5.968E-17 -1.055E-16  8.228E-02  1.735E-17  5.747E-02 -1.475E-17  8.603E-01
  3.500E+00  7.554E-01   6.000E+00 -2.490E-02  4.521E-17  8.337E-17 -9.575E-02 -4.080E-17 -1.477E-18  9.393E-02  3.184E-17  9.047E-02  2.537E-17  8.240E-01
  3.500E+00  6.179E-01   5.793E+00 -6.205E-02 -8.668E-17 -2.760E-17 -9.235E-02  1.495E-17  6.531E-18  9.055E-02  1.289E-17  1.221E-01  3.801E-17  7.793E-01
  3.500E+00  4.580E-01   5.510E+00 -1.226E-01 -5.158E-16  1.189E-15 -7.070E-02 -6.043E-16  1.203E-15  6.856E-02 -9.572E-17  1.402E-01 -7.207E-16  7.262E-01
  3.500E+00  2.816E-01   5.214E+00 -2.037E-01  2.715E-16 -1.018E-16 -2.858E-02 -2.000E-16  6.374E-17  2.548E-02  6.423E-16  1.320E-01 -2.553E-16  6.639E-01
  3.500E+00  9.501E-02   4.978E+00 -2.984E-01 -9.126E-16  1.331E-15  3.224E-02 -1.676E-16  7.801E-16 -3.702E-02  6.251E-16  9.083E-02 -9.358E-16  5.907E-01
  3.500E+00 -9.501E-02   4.893E+00 -3.991E-01 -1.037E-15 -2.113E-15  1.037E-01  2.840E-15  2.328E-15 -1.108E-01  1.492E-15  2.361E-02  1.313E-15  5.033E-01
  3.500E+00 -2.816E-01   5.093E+00 -4.968E-01 -1.027E-16 -6.776E-17  1.688E-01  3.222E-16  9.253E-16 -1.784E-01 -4.493E-16 -4.494E-02  1.020E-16  3.993E-01
  3.500E+00 -4.580E-01   5.740E+00 -5.741E-01 -4.209E-19 -2.179E-15  2.075E-01 -2.294E-15 -2.974E-15 -2.185E-01 -1.041E-15 -8.194E-02 -5.675E-16  2.874E-01
  3.500E+00 -6.179E-01   6.884E+00 -6.057E-01 -3.479E-17 -7.849E-17  2.151E-01  2.536E-16  1.304E-16 -2.258E-01  4.987E-16 -7.914E-02  6.127E-17  1.901E-01
  3.500E+00 -7.554E-01   8.235E+00 -5.721E-01  1.693E-16  7.045E-16  2.060E-01  1.413E-16  4.092E-16 -2.153E-01 -4.666E-16 -5.714E-02 -1.010E-16  1.238E-01
  3.500E+00 -8.656E-01   9.157E+00 -4.627E-01  9.693E-17 -1.142E-15  1.904E-01 -5.046E-16 -8.630E-16 -1.978E-01  5.927E-16 -3.405E-02  2.810E-17  8.699E-02
  3.500E+00 -9.446E-01   9.168E+00 -2.763E-01 -1.542E-17  8.553E-17  1.584E-01  7.785E-17  1.581E-16 -1.638E-01  1.649E-17 -1.643E-02  1.374E-17  7.128E-02
  3.500E+00 -9.894E-01   8.610E+00 -6.988E-02 -5.057E-17 -4.130E-17  8.618E-02 -9.255E-16  2.808E-16 -8.889E-02 -1.020E-15 -5.368E-03 -8.327E-17  6.772E-02
  3.600E+00  9.894E-01   6.524E+00  1.262E-04  5.769E-18 -3.747E-17 -2.474E-02  2.581E-17 -2.723E-17  2.356E-02 -8.167E-18  8.575E-03 -3.339E-17  9.045E-01
  3.600E+00  9.446E-01   6.513E+00  3.290E-04  1.431E-18  4.782E-18 -5.370E-02 -1.157E-17 -9.296E-17  5.143E-02 -2.838E-17  2.460E-02 -1.023E-17  8.887E-01
  3.600E+00  8.656E-01   6.443E+00 -3.074E-03  9.468E-17  7.298E-17 -7.566E-02  9.942E-17  1.457E-16  7.297E-02 -6.401E-17  5.032E-02  1.559E-18  8.618E-01
  3.600E+00  7.554E-01   6.272E+00 -1.955E-02  1.292E-16  2.430E-17 -8.707E-02 -4.886E-17  3.368E-16  8.445E-02  1.961E-16  8.492E-02  1.606E-16  8.249E-01
  3.600E+00  6.179E-01   5.999E+00 -5.943E-02 -7.835E-17 -1.593E-17 -8.468E-02  2.088E-16 -1.354E-16  8.221E-02 -9.726E-17  1.207E-01  9.122E-18  7.777E-01
  3.600E+00  4.580E-01   5.672E+00 -1.272E-01 -7.655E-17 -1.838E-16 -6.492E-02  6.712E-17 -4.426E-17  6.231E-02 -1.808E-16  1.445E-01 -1.069E-16  7.196E-01
  3.600E+00  2.816E-01   5.359E+00 -2.182E-01  2.364E-17 -9.218E-16 -2.586E-02 -2.786E-16 -4.790E-16  2.262E-02  3.423E-16  1.419E-01  1.422E-18  6.503E-01
  3.600E+00  9.501E-02   5.128E+00 -3.216E-01 -4.448E-17  3.342E-16  3.019E-02 -6.408E-17  3.629E-16 -3.473E-02 -2.765E-16  1.050E-01 -4.358E-17  5.702E-01
  3.600E+00 -9.501E-02   5.059E+00 -4.264E-01 -2.636E-16 -1.234E-16  9.552E-02  7.379E-17 -2.922E-17 -1.020E-01 -3.980E-16  3.867E-02  1.080E-16  4.790E-01
  3.600E+00 -2.816E-01   5.279E+00 -5.224E-01 -3.116E-16  8.354E-16  1.549E-01  1.438E-15 -1.003E-15 -1.636E-01 -8.781E-16 -3.429E-02 -4.069E-16  3.760E-01
  3.600E+00 -4.580E-01   5.973E+00 -5.943E-01  6.947E-17  5.216E-16  1.898E-01  3.829E-16  3.994E-16 -1.999E-01 -4.029E-16 -7.908E-02  1.880E-17  2.678E-01
  3.600E+00 -6.179E-01   7.258E+00 -6.204E-01 -1.296E-16 -3.138E-16  1.952E-01  5.305E-16  4.204E-17 -2.051E-01 -5.292E-16 -8.117E-02 -3.899E-18  1.734E-01
  3.600E+00 -7.554E-01   8.884E+00 -5.828E-01 -1.439E-16  1.971E-15  1.850E-01  1.354E-15  1.728E-15 -1.937E-01 -1.263E-15 -6.038E-02 -8.317E-17  1.082E-01
  3.600E+00 -8.656E-01   1.014E+01 -4.706E-01  4.104E-16 -7.878E-16  1.704E-01  5.405E-16 -1.187E-15 -1.773E-01 -1.300E-15 -3.725E-02  1.904E-16  7.148E-02
  3.600E+00 -9.446E-01   1.037E+01 -2.812E-01  8.809E-17  2.940E-17  1.423E-01  3.486E-16  9.602E-17 -1.474E-01  4.659E-16 -1.917E-02  1.417E-17  5.455E-02
  3.600E+00 -9.894E-01   9.852E+00 -7.127E-02 -2.507E-17 -1.381E-16  7.791E-02 -5.043E-17 -6.889E-17 -8.039E-02 -2.689E-16 -6.895E-03 -2.045E-17  4.914E-02
  3.700E+00  9.894E-01   6.934E+00  4.963E-04 -2.873E-16 -6.495E-16 -2.175E-02  3.167E-17 -2.260E-16  2.028E-02 -5.333E-16  5.442E-03  3.263E-17  9.035E-01
  3.700E+00  9.446E-01   6.884E+00  2.370E-03 -1.710E-16 -7.098E-16 -4.760E-02  7.767E-17 -7.610E-16  4.476E-02 -2.624E-16  1.808E-02  2.549E-17  8.883E-01
  3.700E+00  8.656E-01   6.746E+00  1.530E-03  2.193E-17  2.601E-16 -6.786E-02  3.721E-17  2.293E-16  6.448E-02 -5.042E-17  4.212E-02  6.889E-17  8.621E-01
  3.700E+00  7.554E-01   6.495E+00 -1.349E-02 -1.948E-17  9.427E-17 -7.899E-02 -1.723E-17  1.119E-16  7.572E-02 -3.076E-17  7.771E-02 -3.218E-17  8.249E-01
  3.700E+00  6.179E-01   6.149E+00 -5.551E-02  1.408E-16  6.291E-17 -7.733E-02 -6.959E-17  6.680E-16  7.435E-02  3.729E-16  1.172E-01  8.217E-17  7.757E-01
  3.700E+00  4.580E-01   5.771E+00 -1.299E-01 -3.791E-16 -1.512E-15 -5.903E-02 -2.075E-16 -1.279E-15  5.615E-02 -1.683E-16  1.464E-01  7.535E-16  7.131E-01
  3.700E+00  2.816E-01   5.441E+00 -2.301E-01 -3.743E-17  7.034E-16 -2.255E-02  2.716E-16  2.703E-16  1.939E-02 -6.792E-16  1.496E-01  6.829E-17  6.372E-01
  3.700E+00  9.501E-02   5.220E+00 -3.417E-01 -3.924E-17  4.853E-18  2.930E-02 -2.732E-16 -1.684E-17 -3.334E-02  4.295E-16  1.178E-01 -1.472E-16  5.502E-01
  3.700E+00 -9.501E-02   5.175E+00 -4.504E-01 -9.975E-17  5.690E-17  8.898E-02 -5.199E-16 -3.056E-16 -9.459E-02 -1.072E-16  5.389E-02  1.569E-17  4.549E-01
  3.700E+00 -2.816E-01   5.422E+00 -5.450E-01 -7.460E-17 -4.085E-16  1.427E-01 -2.633E-16 -5.308E-16 -1.503E-01  1.714E-16 -2.167E-02 -7.842E-17  3.529E-01
  3.700E+00 -4.580E-01   6.160E+00 -6.120E-01  2.057E-16 -7.935E-16  1.739E-01 -1.249E-15 -1.345E-15 -1.828E-01  2.373E-15 -7.338E-02 -6.664E-16  2.490E-01
  3.700E+00 -6.179E-01   7.571E+00 -6.334E-01  1.435E-16  3.651E-16  1.772E-01  1.588E-17  2.927E-16 -1.862E-01 -1.198E-15 -8.077E-02 -3.579E-17  1.583E-01
  3.700E+00 -7.554E-01   9.464E+00 -5.926E-01  1.930E-18 -6.831E-16  1.664E-01 -5.981E-18 -6.865E-16 -1.743E-01  1.245E-17 -6.164E-02  1.168E-16  9.527E-02
  3.700E+00 -8.656E-01   1.106E+01 -4.784E-01  5.795E-17 -6.289E-17  1.528E-01 -4.597E-16 -4.592E-16 -1.591E-01 -2.001E-16 -3.882E-02 -4.862E-17  5.922E-02
  3.700E+00 -9.446E-01   1.153E+01 -2.868E-01 -3.988E-16 -3.939E-16  1.286E-01  4.498E-15  3.852E-17 -1.332E-01  9.988E-16 -2.067E-02  3.707E-16  4.179E-02
  3.700E+00 -9.894E-01   1.107E+01 -7.297E-02 -4.572E-16  4.061E-15  7.099E-02 -3.327E-16  2.366E-15 -7.325E-02  1.637E-16 -7.777E-03 -6.928E-16  3.522E-02
  3.800E+00  9.894E-01   7.332E+00  8.260E-04 -1.210E-17 -9.256E-17 -1.907E-02  6.158E-17 -1.642E-16  1.734E-02 -4.684E-17  2.339E-03  2.033E-17  9.010E-01
  3.800E+00  9.446E-01   7.235E+00  4.297E-03 -1.960E-17  7.606E-17 -4.214E-02  6.594E-17  1.813E-16  3.878E-02 -3.368E-17  1.146E-02 -2.419E-17  8.866E-01
  3.800E+00  8.656E-01   7.020E+00  6.125E-03  1.948E-17 -9.554E-17 -6.083E-02 -9.590E-17 -1.310E-16  5.683E-02  4.875E-17  3.343E-02 -6.918E-17  8.612E-01
  3.800E+00  7.554E-01   6.679E+00 -7.102E-03  5.369E-17 -1.299E-16 -7.160E-02 -9.325E-17 -1.102E-16  6.775E-02  1.187E-16  6.947E-02  1.403E-16  8.241E-01
  3.800E+00  6.179E-01   6.250E+00 -5.079E-02  7.410E-17  4.263E-16 -7.043E-02 -1.306E-16  1.995E-16  6.702E-02  2.622E-16  1.122E-01 -3.499E-16  7.733E-01
  3.800E+00  4.580E-01   5.820E+00 -1.313E-01  1.281E-16  1.242E-17 -5.324E-02 -5.041E-16 -7.932E-17  5.022E-02  1.243E-16  1.464E-01 -4.117E-16  7.067E-01
  3.800E+00  2.816E-01   5.473E+00 -2.401E-01  1.134E-16  1.013E-16 -1.895E-02 -4.864E-16 -8.874E-17  1.601E-02  7.401E-16  1.556E-01  1.132E-16  6.244E-01
  3.800E+00  9.501E-02   5.266E+00 -3.593E-01  2.141E-16  1.391E-15  2.916E-02  2.715E-15  1.713E-15 -3.258E-02  2.722E-15  1.295E-01  4.035E-16  5.306E-01
  3.800E+00 -9.501E-02   5.249E+00 -4.715E-01  5.205E-16 -8.994E-16  8.361E-02 -6.103E-15  1.115E-15 -8.820E-02  4.167E-15  6.895E-02 -6.207E-16  4.313E-01
  3.800E+00 -2.816E-01   5.528E+00 -5.649E-01 -2.673E-17  1.625E-15  1.320E-01  1.223E-15  8.106E-16 -1.382E-01  2.221E-16 -7.775E-03 -7.679E-18  3.302E-01
  3.800E+00 -4.580E-01   6.310E+00 -6.277E-01 -3.538E-16 -1.430E-15  1.594E-01  8.082E-16 -3.315E-16 -1.671E-01 -6.666E-16 -6.555E-02  1.170E-15  2.309E-01
  3.800E+00 -6.179E-01   7.831E+00 -6.450E-01  3.609E-16 -5.477E-16  1.610E-01 -2.359E-15 -1.735E-15 -1.690E-01  8.085E-16 -7.857E-02 -3.051E-16  1.447E-01
  3.800E+00 -7.554E-01   9.976E+00 -6.020E-01  1.160E-17  1.199E-15  1.497E-01  6.999E-16  1.380E-15 -1.568E-01 -4.095E-16 -6.154E-02  6.824E-17  8.438E-02
  3.800E+00 -8.656E-01   1.193E+01 -4.867E-01  4.350E-17 -6.053E-17  1.374E-01 -4.007E-16 -3.412E-16 -1.431E-01 -4.121E-17 -3.929E-02 -8.523E-17  4.946E-02
  3.800E+00 -9.446E-01   1.265E+01 -2.931E-01  2.649E-18  1.037E-15  1.168E-01 -1.180E-16  8.315E-16 -1.209E-01  3.823E-16 -2.133E-02 -4.232E-17  3.196E-02
  3.800E+00 -9.894E-01   1.225E+01 -7.499E-02 -1.147E-16  8.987E-16  6.520E-02  1.850E-16  7.832E-16 -6.724E-02 -9.166E-16 -8.234E-03  3.037E-17  2.466E-02
  3.900E+00  9.894E-01   7.721E+00  1.105E-03 -1.023E-16 -2.304E-16 -1.671E-02 -1.066E-16 -3.806E-16  1.472E-02 -2.382E-16 -6.155E-04 -2.076E-16  8.973E-01
  3.900E+00  9.446E-01   7.570E+00  6.053E-03  2.489E-17  4.706E-17 -3.730E-02  6.482E-17  2.811E-17  3.344E-02  1.755E-16  5.003E-03  1.331E-16  8.836E-01
  3.900E+00  8.656E-01   7.268E+00  1.057E-02 -4.139E-17 -9.767E-17 -5.455E-02  1.060E-16  1.459E-16  4.997E-02 -1.655E-17  2.465E-02 -1.128E-17  8.592E-01
  3.900E+00  7.554E-01   6.828E+00 -6.413E-04 -3.006E-16 -1.338E-15 -6.492E-02  4.676E-17 -1.302E-15  6.054E-02 -1.972E-16  6.070E-02 -7.299E-16  8.225E-01
  3.900E+00  6.179E-01   6.313E+00 -4.563E-02 -8.144E-19  2.286E-16 -6.404E-02 -2.389E-16 -7.979E-17  6.027E-02 -1.470E-16  1.061E-01 -3.547E-16  7.705E-01
  3.900E+00  4.580E-01   5.828E+00 -1.317E-01  3.558E-18 -7.484E-16 -4.771E-02  5.038E-16  1.592E-18  4.461E-02 -3.559E-16  1.451E-01 -1.239E-16  7.002E-01
  3.900E+00  2.816E-01   5.464E+00 -2.486E-01  4.959E-17  8.108E-17 -1.526E-02 -1.466E-16  6.148E-17  1.261E-02  6.003E-18  1.602E-01  6.150E-17  6.119E-01
  3.900E+00  9.501E-02   5.273E+00 -3.746E-01  2.779E-15 -3.129E-14  2.950E-02 -5.027E-14 -4.132E-14 -3.224E-02 -2.029E-14  1.400E-01 -1.295E-14  5.117E-01
  3.900E+00 -9.501E-02   5.290E+00 -4.901E-01  7.130E-15  2.040E-13  7.906E-02  1.449E-13  2.283E-13 -8.259E-02 -1.782E-14  8.365E-02  3.158E-15  4.084E-01
  3.900E+00 -2.816E-01   5.606E+00 -5.824E-01 -5.647E-17 -5.272E-17  1.223E-01  4.683E-17  1.330E-16 -1.273E-01  2.713E-16  6.887E-03  4.850E-17  3.082E-01
  3.900E+00 -4.580E-01   6.428E+00 -6.417E-01  1.167E-16  2.489E-16  1.463E-01  8.473E-16  3.757E-16 -1.526E-01  1.318E-15 -5.611E-02  1.727E-16  2.137E-01
  3.900E+00 -6.179E-01   8.045E+00 -6.557E-01  1.222E-17  9.839E-16  1.464E-01  1.894E-16  6.014E-16 -1.532E-01  7.706E-16 -7.503E-02 -1.355E-17  1.325E-01
  3.900E+00 -7.554E-01   1.042E+01 -6.111E-01  4.886E-16 -1.880E-15  1.349E-01 -1.191E-15  3.954E-15 -1.412E-01  3.512E-15 -6.049E-02  7.836E-16  7.519E-02
  3.900E+00 -8.656E-01   1.272E+01 -4.953E-01 -1.271E-17 -4.664E-16  1.239E-01  5.475E-16 -5.529E-16 -1.290E-01  5.266E-16 -3.902E-02  5.347E-17  4.164E-02
  3.900E+00 -9.446E-01   1.371E+01 -3.001E-01  2.108E-16  1.594E-16  1.065E-01 -1.406E-15  5.296E-16 -1.102E-01  1.439E-15 -2.144E-02 -1.559E-16  2.433E-02
  3.900E+00 -9.894E-01   1.337E+01 -7.732E-02 -1.590E-16 -3.415E-16  6.033E-02  3.390E-15 -2.105E-15 -6.216E-02 -1.863E-15 -8.409E-03  6.564E-16  1.656E-02
  4.000E+00  9.894E-01   8.103E+00  1.328E-03 -1.893E-17 -2.641E-17 -1.463E-02  2.776E-17  4.728E-19  1.240E-02 -1.157E-17 -3.348E-03 -3.202E-17  8.926E-01
  4.000E+00  9.446E-01   7.893E+00  7.611E-03  2.192E-17  1.436E-17 -3.303E-02 -6.076E-17 -2.763E-17  2.869E-02  3.551E-17 -1.114E-03  6.569E-18  8.797E-01
  4.000E+00  8.656E-01   7.496E+00  1.478E-02  4.479E-17  4.262E-16 -4.899E-02 -3.396E-16  6.195E-17  4.385E-02 -3.683E-16  1.603E-02  4.965E-16  8.563E-01
  4.000E+00  7.554E-01   6.949E+00  5.739E-03  2.166E-17 -1.989E-17 -5.892E-02 -7.138E-17 -3.492E-17  5.404E-02  8.399E-17  5.171E-02  3.352E-17  8.203E-01
  4.000E+00  6.179E-01   6.343E+00 -4.024E-02 -3.489E-19 -1.950E-16 -5.817E-02 -1.092E-16 -6.497E-18  5.408E-02 -2.251E-17  9.934E-02 -6.802E-17  7.674E-01
  4.000E+00  4.580E-01   5.803E+00 -1.315E-01  1.024E-16  1.840E-16 -4.248E-02  2.963E-17  1.185E-16  3.936E-02  2.341E-16  1.427E-01 -3.637E-17  6.938E-01
  4.000E+00  2.816E-01   5.424E+00 -2.558E-01 -2.314E-16  2.124E-16 -1.161E-02  4.843E-16  2.680E-15  9.298E-03  4.256E-16  1.637E-01  1.864E-16  5.998E-01
  4.000E+00  9.501E-02   5.250E+00 -3.881E-01  1.070E-16 -4.042E-16  3.012E-02 -8.778E-17 -5.667E-16 -3.216E-02  1.813E-16  1.496E-01 -7.367E-17  4.933E-01
  4.000E+00 -9.501E-02   5.305E+00 -5.063E-01 -9.910E-18  1.551E-18  7.511E-02 -7.954E-17  1.724E-16 -7.760E-02 -6.091E-16  9.785E-02  5.514E-17  3.865E-01
  4.000E+00 -2.816E-01   5.659E+00 -5.978E-01 -5.733E-16  1.010E-14  1.136E-01  3.903E-15  7.382E-15 -1.172E-01  2.284E-15  2.193E-02  1.082E-15  2.871E-01
  4.000E+00 -4.580E-01   6.521E+00 -6.542E-01 -1.127E-17 -7.001E-17  1.343E-01  1.473E-16 -1.268E-16 -1.393E-01  2.846E-16 -4.549E-02 -3.408E-17  1.973E-01
  4.000E+00 -6.179E-01   8.219E+00 -6.655E-01  9.699E-18  7.562E-16  1.332E-01  6.272E-16  1.086E-15 -1.389E-01  5.487E-16 -7.047E-02 -9.886E-18  1.214E-01
  4.000E+00 -7.554E-01   1.081E+01 -6.201E-01  7.926E-17 -4.324E-17  1.217E-01 -1.122E-15 -2.992E-16 -1.271E-01 -3.226E-17 -5.879E-02 -1.552E-16  6.737E-02
  4.000E+00 -8.656E-01   1.344E+01 -5.044E-01  1.122E-17  4.365E-15  1.119E-01 -4.906E-15  1.864E-15 -1.164E-01 -6.384E-15 -3.826E-02 -3.066E-16  3.533E-02
  4.000E+00 -9.446E-01   1.470E+01 -3.077E-01  4.967E-17 -2.349E-16  9.768E-02 -3.682E-16 -1.084E-16 -1.009E-01 -1.478E-16 -2.119E-02 -5.164E-17  1.833E-02
  4.000E+00 -9.894E-01   1.442E+01 -7.993E-02  1.308E-18 -8.537E-17  5.621E-02 -6.457E-16 -3.150E-16 -5.785E-02 -4.114E-16 -8.396E-03  1.506E-17  1.025E-02
  4.100E+00  9.894E-01   8.482E+00  1.497E-03 -6.791E-16 -8.693E-16 -1.281E-02  4.437E-16 -1.786E-15  1.034E-02 -1.300E-15 -5.819E-03 -3.396E-15  8.871E-01
  4.100E+00  9.446E-01   8.207E+00  8.963E-03  7.531E-18  1.248E-15 -2.927E-02 -5.819E-16 -9.266E-17  2.448E-02  6.355E-16 -6.798E-03 -7.506E-16  8.750E-01
  4.100E+00  8.656E-01   7.706E+00  1.871E-02 -7.860E-18 -6.854E-18 -4.406E-02 -3.194E-17  3.685E-17  3.839E-02 -2.647E-17  7.741E-03 -2.472E-17  8.527E-01
  4.100E+00  7.554E-01   7.046E+00  1.194E-02 -5.239E-17  4.972E-17 -5.355E-02 -4.451E-17  9.508E-17  4.818E-02 -1.057E-16  4.274E-02  6.225E-18  8.174E-01
  4.100E+00  6.179E-01   6.348E+00 -3.477E-02  2.668E-15 -7.571E-16 -5.283E-02 -5.259E-15  1.445E-15  4.843E-02  4.179E-15  9.220E-02  3.896E-15  7.639E-01
  4.100E+00  4.580E-01   5.752E+00 -1.308E-01  2.393E-17 -1.735E-16 -3.762E-02  1.873E-16 -1.928E-17  3.451E-02 -2.011E-16  1.396E-01 -6.588E-17  6.873E-01
  4.100E+00  2.816E-01   5.358E+00 -2.620E-01  2.717E-17 -3.601E-16 -8.085E-03  5.154E-16  8.162E-17  6.130E-03 -2.282E-16  1.662E-01  2.612E-16  5.879E-01
  4.100E+00  9.501E-02   5.204E+00 -4.000E-01 -3.240E-16  1.904E-15  3.089E-02  8.248E-16  9.566E-16 -3.224E-02 -2.269E-16  1.582E-01 -9.383E-17  4.757E-01
  4.100E+00 -9.501E-02   5.297E+00 -5.205E-01  8.853E-17 -3.547E-15  7.162E-02  2.472E-15 -4.063E-15 -7.310E-02 -2.543E-15  1.114E-01 -1.958E-16  3.656E-01
  4.100E+00 -2.816E-01   5.692E+00 -6.111E-01 -2.450E-16 -9.378E-16  1.056E-01  2.962E-16 -2.011E-15 -1.080E-01 -7.007E-16  3.708E-02 -3.194E-16  2.671E-01
  4.100E+00 -4.580E-01   6.592E+00 -6.652E-01  2.438E-16 -4.779E-16  1.233E-01 -4.720E-16 -4.332E-16 -1.270E-01  1.667E-16 -3.404E-02  7.533E-17  1.820E-01
  4.100E+00 -6.179E-01   8.357E+00 -6.747E-01 -1.692E-15 -4.194E-14  1.212E-01 -1.030E-13 -6.947E-14 -1.258E-01  8.685E-14 -6.514E-02 -2.948E-15  1.113E-01
  4.100E+00 -7.554E-01   1.113E+01 -6.290E-01 -3.435E-17 -6.494E-16  1.099E-01 -4.883E-16 -1.083E-15 -1.145E-01  2.536E-17 -5.664E-02 -5.530E-17  6.067E-02
  4.100E+00 -8.656E-01   1.408E+01 -5.138E-01 -4.235E-17  1.921E-16  1.014E-01  4.258E-16  7.995E-17 -1.053E-01  2.439E-18 -3.720E-02  1.293E-17  3.018E-02
  4.100E+00 -9.446E-01   1.562E+01 -3.159E-01  2.091E-16  4.473E-15  8.995E-02  1.028E-14  6.838E-15 -9.284E-02  8.573E-15 -2.070E-02  5.236E-16  1.358E-02
  4.100E+00 -9.894E-01   1.540E+01 -8.279E-02 -4.897E-16 -4.044E-15  5.272E-02 -2.678E-14 -1.779E-14 -5.418E-02 -2.208E-14 -8.258E-03  2.207E-15  5.280E-03
  4.200E+00  9.894E-01   8.860E+00  1.611E-03  1.103E-16  1.404E-16 -1.122E-02 -4.031E-18  1.256E-16  8.521E-03  1.924E-16 -8.013E-03 -9.241E-18  8.811E-01
  4.200E+00  9.446E-01   8.514E+00  1.011E-02  3.692E-17 -4.227E-17 -2.597E-02  1.993E-18  3.007E-17  2.074E-02  7.252E-17 -1.200E-02  7.091E-17  8.697E-01
  4.200E+00  8.656E-01   7.903E+00  2.236E-02  7.967E-18  2.889E-16 -3.971E-02 -2.123E-16 -6.532E-16  3.352E-02  1.432E-16 -1.199E-04  1.229E-17  8.484E-01
  4.200E+00  7.554E-01   7.126E+00  1.791E-02 -1.687E-16  4.752E-18 -4.876E-02  4.205E-17  8.821E-17  4.291E-02 -4.357E-17  3.394E-02  1.177E-17  8.139E-01
  4.200E+00  6.179E-01   6.333E+00 -2.933E-02  6.649E-17  1.899E-17 -4.798E-02 -3.649E-16  2.960E-17  4.330E-02  3.680E-16  8.488E-02 -3.311E-17  7.602E-01
  4.200E+00  4.580E-01   5.682E+00 -1.298E-01  2.981E-17  1.307E-16 -3.312E-02 -5.700E-17 -1.113E-16  3.004E-02  7.432E-16  1.359E-01 -2.133E-16  6.808E-01
  4.200E+00  2.816E-01   5.275E+00 -2.673E-01 -2.009E-16  1.694E-15 -4.747E-03  1.421E-15  1.374E-15  3.149E-03 -1.381E-15  1.679E-01 -3.645E-17  5.763E-01
  4.200E+00  9.501E-02   5.141E+00 -4.104E-01 -3.140E-16 -2.559E-15  3.169E-02 -1.073E-15 -1.368E-15 -3.238E-02  7.482E-16  1.659E-01 -1.083E-16  4.589E-01
  4.200E+00 -9.501E-02   5.272E+00 -5.327E-01 -1.757E-16  3.944E-15  6.846E-02  2.106E-15  3.646E-15 -6.901E-02  2.265E-15  1.243E-01 -8.969E-17  3.459E-01
  4.200E+00 -2.816E-01   5.710E+00 -6.226E-01  1.512E-16  9.873E-16  9.822E-02 -1.125E-15  2.872E-16 -9.943E-02 -3.242E-16  5.212E-02  5.298E-16  2.484E-01
  4.200E+00 -4.580E-01   6.645E+00 -6.750E-01  2.106E-17 -6.821E-16  1.133E-01  1.516E-16  1.160E-16 -1.158E-01  1.379E-15 -2.202E-02 -4.194E-17  1.676E-01
  4.200E+00 -6.179E-01   8.464E+00 -6.833E-01  4.746E-17 -3.204E-16  1.103E-01 -2.328E-16 -1.785E-15 -1.139E-01  1.760E-15 -5.920E-02 -4.103E-16  1.022E-01
  4.200E+00 -7.554E-01   1.140E+01 -6.378E-01 -5.725E-17  6.315E-16  9.937E-02  1.572E-15  1.747E-15 -1.032E-01 -1.496E-16 -5.420E-02  1.772E-16  5.491E-02
  4.200E+00 -8.656E-01   1.465E+01 -5.235E-01 -8.057E-18  9.903E-16  9.202E-02 -7.429E-16  1.172E-15 -9.538E-02  1.049E-16 -3.594E-02  2.607E-17  2.596E-02
  4.200E+00 -9.446E-01   1.646E+01 -3.246E-01  1.703E-17  8.047E-16  8.317E-02 -1.516E-15  3.058E-16 -8.570E-02 -1.500E-15 -2.006E-02 -1.259E-16  9.776E-03
  4.200E+00 -9.894E-01   1.631E+01 -8.586E-02  4.818E-17  2.713E-16  4.974E-02 -2.057E-15  3.644E-16 -5.103E-02 -2.654E-15 -8.040E-03 -1.970E-16  1.305E-03
  4.300E+00  9.894E-01   9.239E+00  1.676E-03  2.514E-17  3.643E-17 -9.823E-03  1.165E-17  1.317E-16  6.904E-03  1.065E-16 -9.928E-03 -6.129E-18  8.746E-01
  4.300E+00  9.446E-01   8.818E+00  1.107E-02  1.131E-17  1.740E-16 -2.308E-02 -9.207E-17  2.296E-17  1.742E-02  4.848E-17 -1.671E-02 -1.910E-17  8.639E-01
  4.300E+00  8.656E-01   8.089E+00  2.572E-02  5.694E-17  1.082E-16 -3.588E-02  1.095E-17  1.668E-16  2.917E-02  1.015E-16 -7.507E-03 -5.848E-17  8.436E-01
  4.300E+00  7.554E-01   7.191E+00  2.362E-02  2.328E-15 -1.432E-15 -4.450E-02 -7.747E-15 -4.268E-15  3.818E-02  3.385E-15  2.542E-02  2.016E-15  8.100E-01
  4.300E+00  6.179E-01   6.303E+00 -2.398E-02  1.299E-16 -1.228E-16 -4.360E-02 -6.553E-16  2.610E-16  3.864E-02 -2.220E-16  7.752E-02 -1.024E-16  7.561E-01
  4.300E+00  4.580E-01   5.598E+00 -1.285E-01 -2.543E-18 -1.520E-16 -2.900E-02  6.410E-17 -1.001E-16  2.596E-02 -2.812E-16  1.320E-01 -1.179E-16  6.743E-01
  4.300E+00  2.816E-01   5.178E+00 -2.718E-01  3.272E-16  1.134E-16 -1.629E-03 -1.985E-16  2.519E-16  3.849E-04  8.139E-16  1.691E-01  3.362E-16  5.650E-01
  4.300E+00  9.501E-02   5.063E+00 -4.194E-01  2.110E-17  1.053E-15  3.247E-02  1.745E-15 -5.684E-17 -3.253E-02 -2.679E-15  1.728E-01  3.933E-16  4.428E-01
  4.300E+00 -9.501E-02   5.233E+00 -5.432E-01  6.383E-17 -1.306E-15  6.556E-02 -9.893E-16 -1.407E-15 -6.524E-02 -1.125E-15  1.365E-01 -1.978E-16  3.275E-01
  4.300E+00 -2.816E-01   5.713E+00 -6.323E-01  1.479E-16 -1.546E-16  9.145E-02  2.039E-16 -2.790E-16 -9.161E-02  1.270E-15  6.687E-02  1.650E-16  2.310E-01
  4.300E+00 -4.580E-01   6.682E+00 -6.835E-01 -1.793E-17 -9.383E-16  1.041E-01  6.116E-16 -2.597E-16 -1.054E-01 -2.861E-16 -9.627E-03 -1.232E-16  1.543E-01
  4.300E+00 -6.179E-01   8.544E+00 -6.912E-01  3.347E-16 -2.756E-15  1.005E-01  1.513E-17 -4.365E-16 -1.031E-01 -1.451E-15 -5.277E-02 -7.905E-16  9.386E-02
  4.300E+00 -7.554E-01   1.162E+01 -6.465E-01  5.143E-16  3.695E-14  8.994E-02  1.163E-14  4.245E-14 -9.301E-02 -2.675E-16 -5.155E-02 -8.135E-16  4.991E-02
  4.300E+00 -8.656E-01   1.516E+01 -5.334E-01  5.541E-17 -1.093E-16  8.370E-02  4.926E-16 -6.669E-17 -8.655E-02  8.596E-16 -3.457E-02 -2.879E-17  2.247E-02
  4.300E+00 -9.446E-01   1.724E+01 -3.335E-01  5.849E-17  1.278E-17  7.719E-02  1.181E-16 -1.736E-16 -7.940E-02  3.606E-17 -1.933E-02 -1.764E-17  6.701E-03
  4.300E+00 -9.894E-01   1.715E+01 -8.910E-02  2.606E-17 -2.978E-17  4.718E-02  4.383E-16 -5.579E-16 -4.832E-02  4.647E-16 -7.769E-03  2.984E-18 -1.915E-03
  4.400E+00  9.894E-01   9.622E+00  1.695E-03 -1.937E-17 -1.860E-16 -8.603E-03  4.169E-17 -6.363E-17  5.469E-03  7.526E-18 -1.157E-02 -6.083E-18  8.677E-01
  4.400E+00  9.446E-01   9.120E+00  1.184E-02  1.649E-16  6.085E-17 -2.054E-02 -8.490E-16  4.714E-16  1.447E-02  1.441E-17 -2.093E-02  3.005E-16  8.576E-01
  4.400E+00  8.656E-01   8.267E+00  2.880E-02 -8.920E-17 -5.009E-16 -3.250E-02 -1.911E-16 -3.279E-16  2.530E-02 -1.893E-16 -1.441E-02  2.428E-16  8.383E-01
  4.400E+00  7.554E-01   7.244E+00  2.904E-02  5.722E-16 -6.070E-15 -4.070E-02 -5.127E-15 -8.842E-15  3.393E-02  9.706E-15  1.722E-02  7.038E-16  8.056E-01
  4.400E+00  6.179E-01   6.261E+00 -1.875E-02  6.925E-17 -2.645E-17 -3.965E-02 -1.987E-16  5.716E-17  3.443E-02  1.232E-16  7.023E-02  2.782E-17  7.517E-01
  4.400E+00  4.580E-01   5.503E+00 -1.269E-01 -4.590E-18  2.774E-16 -2.524E-02  3.334E-16  3.894E-16  2.224E-02 -1.169E-16  1.277E-01 -3.311E-16  6.677E-01
  4.400E+00  2.816E-01   5.072E+00 -2.756E-01  9.872E-17 -5.109E-17  1.247E-03 -4.507E-16 -8.193E-16 -2.143E-03 -1.108E-16  1.696E-01 -2.970E-16  5.540E-01
  4.400E+00  9.501E-02   4.976E+00 -4.271E-01 -2.042E-16 -1.094E-15  3.317E-02  1.585E-16 -1.764E-15 -3.263E-02 -2.484E-16  1.790E-01 -7.405E-17  4.276E-01
  4.400E+00 -9.501E-02   5.183E+00 -5.521E-01  1.049E-17 -3.590E-16  6.286E-02  3.376E-15 -7.885E-16 -6.176E-02 -1.359E-15  1.479E-01  5.321E-17  3.104E-01
  4.400E+00 -2.816E-01   5.705E+00 -6.404E-01  3.726E-17  1.143E-15  8.522E-02  1.842E-15  1.295E-15 -8.443E-02 -1.144E-15  8.123E-02  9.312E-17  2.150E-01
  4.400E+00 -4.580E-01   6.706E+00 -6.908E-01  5.925E-17 -9.520E-16  9.573E-02 -1.571E-15 -1.532E-15 -9.599E-02  2.534E-16  2.968E-03  1.495E-16  1.421E-01
  4.400E+00 -6.179E-01   8.601E+00 -6.986E-01 -3.395E-17  2.964E-16  9.167E-02  4.317E-16  8.638E-17 -9.326E-02 -1.078E-16 -4.596E-02  6.975E-17  8.628E-02
  4.400E+00 -7.554E-01   1.179E+01 -6.550E-01  1.443E-15  3.345E-15  8.149E-02 -1.322E-14  1.188E-14 -8.385E-02 -7.110E-15 -4.876E-02 -1.324E-15  4.554E-02
  4.400E+00 -8.656E-01   1.559E+01 -5.433E-01  4.337E-17  3.483E-15  7.628E-02 -5.338E-15 -1.593E-15 -7.866E-02 -4.010E-15 -3.314E-02 -8.200E-16  1.957E-02
  4.400E+00 -9.446E-01   1.794E+01 -3.427E-01 -1.967E-17 -1.393E-15  7.190E-02 -2.790E-15 -1.727E-15 -7.380E-02 -2.714E-15 -1.854E-02 -5.971E-16  4.193E-03
  4.400E+00 -9.894E-01   1.791E+01 -9.249E-02  2.093E-17 -3.348E-16  4.497E-02  1.146E-15 -6.526E-17 -4.597E-02  1.358E-15 -7.466E-03  3.651E-17 -4.559E-03
  4.500E+00  9.894E-01   1.001E+01  1.673E-03 -4.844E-18 -6.699E-17 -7.534E-03  4.825E-17  3.215E-17  4.193E-03 -4.465E-18 -1.297E-02 -1.125E-17  8.607E-01
  4.500E+00  9.446E-01   9.422E+00  1.246E-02 -1.670E-17 -1.412E-16 -1.832E-02 -4.429E-17 -6.136E-17  1.184E-02  1.791E-16 -2.468E-02 -7.083E-17  8.511E-01
  4.500E+00  8.656E-01   8.439E+00  3.162E-02 -2.076E-17  1.252E-16 -2.952E-02 -3.487E-17  1.208E-17  2.184E-02 -5.146E-17 -2.083E-02  8.338E-17  8.325E-01
  4.500E+00  7.554E-01   7.288E+00  3.418E-02 -4.951E-17  1.967E-16 -3.732E-02 -1.292E-16  1.618E-16  3.011E-02 -3.082E-16  9.381E-03  1.724E-16  8.008E-01
  4.500E+00  6.179E-01   6.210E+00 -1.366E-02 -1.709E-17 -1.490E-16 -3.610E-02 -3.675E-17 -2.594E-16  3.063E-02  6.578E-16  6.308E-02  2.367E-16  7.471E-01
  4.500E+00  4.580E-01   5.401E+00 -1.252E-01  1.398E-16  8.705E-17 -2.181E-02  5.448E-17 -1.009E-16  1.886E-02  2.009E-16  1.234E-01 -1.130E-16  6.612E-01
  4.500E+00  2.816E-01   4.960E+00 -2.788E-01 -4.480E-17 -6.861E-17  3.872E-03  2.824E-17  2.672E-17 -4.424E-03  1.494E-16  1.698E-01  1.524E-17  5.434E-01
  4.500E+00  9.501E-02   4.882E+00 -4.337E-01 -3.268E-17  5.821E-16  3.376E-02 -3.659E-16 -4.942E-16 -3.266E-02 -2.575E-15  1.844E-01  3.992E-17  4.132E-01
  4.500E+00 -9.501E-02   5.125E+00 -5.594E-01 -6.391E-17  7.176E-16  6.032E-02  3.866E-16  9.412E-16 -5.853E-02 -1.448E-15  1.585E-01  2.232E-16  2.945E-01
  4.500E+00 -2.816E-01   5.687E+00 -6.471E-01  5.685E-17  8.078E-16  7.949E-02 -3.246E-16  2.149E-16 -7.785E-02  9.738E-17  9.511E-02 -1.513E-16  2.003E-01
  4.500E+00 -4.580E-01   6.718E+00 -6.970E-01  2.242E-16 -6.049E-16  8.805E-02  2.442E-16 -7.523E-16 -8.737E-02  6.743E-17  1.564E-02 -1.202E-17  1.308E-01
  4.500E+00 -6.179E-01   8.637E+00 -7.054E-01 -9.464E-17  1.876E-15  8.366E-02  1.863E-15  1.397E-15 -8.437E-02  1.009E-16 -3.882E-02  9.021E-16  7.936E-02
  4.500E+00 -7.554E-01   1.192E+01 -6.632E-01 -8.927E-18 -4.527E-16  7.390E-02  1.128E-15  6.241E-16 -7.561E-02  9.345E-16 -4.586E-02  7.201E-17  4.170E-02
  4.500E+00 -8.656E-01   1.596E+01 -5.532E-01 -2.941E-17  2.970E-16  6.964E-02  1.880E-17 -9.569E-16 -7.157E-02 -1.049E-15 -3.170E-02 -2.055E-17  1.713E-02
  4.500E+00 -9.446E-01   1.858E+01 -3.521E-01 -9.401E-17  5.331E-15  6.718E-02  2.722E-15  5.222E-15 -6.880E-02 -1.055E-16 -1.773E-02  4.579E-17  2.130E-03
  4.500E+00 -9.894E-01   1.861E+01 -9.599E-02 -6.570E-17  5.010E-16  4.306E-02 -1.323E-15 -3.015E-16 -4.393E-02 -7.202E-16 -7.146E-03  4.061E-17 -6.758E-03
  4.600E+00  9.894E-01   1.040E+01  1.615E-03  1.332E-16  1.202E-15 -6.599E-03  1.612E-16  1.037E-15  3.059E-03  2.989E-16 -1.412E-02  3.025E-17  8.535E-01
  4.600E+00  9.446E-01   9.726E+00  1.293E-02  1.223E-16 -2.032E-16 -1.636E-02 -2.709E-16 -1.637E-16  9.509E-03  2.146E-16 -2.801E-02 -3.148E-16  8.443E-01
  4.600E+00  8.656E-01   8.607E+00  3.419E-02  6.419E-16 -5.570E-17 -2.689E-02 -1.508E-15 -4.806E-16  1.875E-02  1.560E-16 -2.680E-02  1.716E-15  8.265E-01
  4.600E+00  7.554E-01   7.326E+00  3.905E-02 -1.144E-16  6.296E-16 -3.431E-02 -2.052E-17  4.730E-16  2.667E-02 -6.359E-17  1.908E-03 -3.287E-16  7.957E-01
  4.600E+00  6.179E-01   6.153E+00 -8.737E-03 -9.632E-17  1.743E-16 -3.291E-02  8.373E-17  4.195E-16  2.721E-02  1.569E-16  5.614E-02  1.532E-16  7.423E-01
  4.600E+00  4.580E-01   5.295E+00 -1.233E-01  8.105E-17  3.266E-16 -1.871E-02  1.339E-16  4.120E-16  1.582E-02 -6.217E-17  1.191E-01 -2.113E-16  6.546E-01
  4.600E+00  2.816E-01   4.844E+00 -2.813E-01  6.195E-16 -1.577E-15  6.242E-03 -8.865E-15  7.656E-17 -6.455E-03 -4.370E-15  1.696E-01 -7.481E-16  5.332E-01
  4.600E+00  9.501E-02   4.784E+00 -4.392E-01 -2.501E-17  8.104E-17  3.421E-02  9.257E-16 -6.329E-16 -3.260E-02 -6.140E-16  1.892E-01 -1.684E-16  3.996E-01
  4.600E+00 -9.501E-02   5.060E+00 -5.654E-01  9.726E-18  9.243E-17  5.792E-02  8.735E-16 -3.117E-16 -5.550E-02 -6.960E-16  1.683E-01 -3.801E-17  2.800E-01
  4.600E+00 -2.816E-01   5.660E+00 -6.524E-01  9.441E-17 -6.777E-15  7.422E-02 -1.910E-15  1.063E-15 -7.184E-02 -2.726E-15  1.084E-01 -3.027E-16  1.870E-01
  4.600E+00 -4.580E-01   6.719E+00 -7.021E-01  3.577E-16 -8.667E-16  8.104E-02  4.020E-16 -3.398E-16 -7.951E-02  1.733E-16  2.830E-02  2.921E-16  1.206E-01
  4.600E+00 -6.179E-01   8.655E+00 -7.115E-01  2.810E-17  2.702E-16  7.641E-02 -2.060E-15  2.968E-16 -7.630E-02  1.618E-15 -3.141E-02 -3.055E-16  7.304E-02
  4.600E+00 -7.554E-01   1.201E+01 -6.711E-01 -9.253E-18 -1.287E-15  6.708E-02 -1.795E-15  1.090E-16 -6.817E-02  1.718E-15 -4.290E-02 -2.871E-18  3.831E-02
  4.600E+00 -8.656E-01   1.628E+01 -5.630E-01  2.716E-16  1.805E-14  6.368E-02 -8.913E-15  4.294E-15 -6.519E-02 -1.958E-14 -3.026E-02 -8.252E-16  1.507E-02
  4.600E+00 -9.446E-01   1.915E+01 -3.615E-01  5.660E-18 -2.265E-15  6.295E-02  1.615E-15 -3.237E-15 -6.431E-02  1.361E-16 -1.692E-02  2.277E-16  4.180E-04
  4.600E+00 -9.894E-01   1.925E+01 -9.958E-02 -2.180E-16  2.252E-17  4.139E-02  8.763E-15  1.792E-15 -4.215E-02  3.080E-15 -6.818E-03  3.139E-16 -8.612E-03
  4.700E+00  9.894E-01   1.081E+01  1.524E-03  4.114E-18  4.058E-17 -5.780E-03 -6.942E-17 -6.937E-17  2.050E-03  2.610E-17 -1.506E-02 -4.763E-19  8.462E-01
  4.700E+00  9.446E-01   1.003E+01  1.327E-02  3.346E-16  3.227E-16 -1.465E-02  1.322E-16  4.272E-17  7.429E-03  2.925E-16 -3.094E-02 -4.210E-16  8.374E-01
  4.700E+00  8.656E-01   8.773E+00  3.654E-02 -8.978E-16 -2.226E-15 -2.456E-02  4.567E-16 -5.350E-17  1.598E-02 -8.189E-16 -3.234E-02  3.471E-15  8.202E-01
  4.700E+00  7.554E-01   7.358E+00  4.364E-02 -2.510E-17 -1.843E-16 -3.163E-02 -1.241E-16 -1.300E-16  2.359E-02 -3.565E-16 -5.208E-03 -2.250E-16  7.903E-01
  4.700E+00  6.179E-01   6.092E+00 -3.975E-03 -1.493E-16 -2.960E-16 -3.004E-02 -1.669E-15 -1.467E-15  2.413E-02  2.101E-17  4.943E-02  2.482E-16  7.373E-01
  4.700E+00  4.580E-01   5.187E+00 -1.212E-01  2.143E-17  2.559E-16 -1.591E-02  2.502E-16 -1.195E-16  1.308E-02  4.112E-17  1.147E-01 -8.553E-17  6.481E-01
  4.700E+00  2.816E-01   4.727E+00 -2.832E-01  1.962E-17  1.111E-16  8.362E-03 -3.685E-16  1.071E-15 -8.238E-03  6.318E-16  1.691E-01  2.556E-16  5.233E-01
  4.700E+00  9.501E-02   4.683E+00 -4.436E-01 -8.595E-17 -7.256E-16  3.453E-02 -2.957E-15 -2.519E-15 -3.244E-02  1.837E-15  1.933E-01 -1.100E-16  3.869E-01
  4.700E+00 -9.501E-02   4.990E+00 -5.700E-01 -1.182E-16  7.625E-16  5.562E-02 -1.582E-16  6.767E-16 -5.266E-02 -3.644E-16  1.774E-01 -6.882E-17  2.667E-01
  4.700E+00 -2.816E-01   5.625E+00 -6.564E-01  6.463E-17 -2.281E-17  6.938E-02 -6.847E-16  1.912E-16 -6.636E-02  5.134E-16  1.212E-01 -1.232E-17  1.750E-01
  4.700E+00 -4.580E-01   6.711E+00 -7.062E-01 -1.312E-16 -8.459E-16  7.466E-02  6.117E-16 -6.976E-16 -7.237E-02  2.393E-17  4.086E-02  8.192E-17  1.112E-01
  4.700E+00 -6.179E-01   8.659E+00 -7.170E-01  2.570E-17  2.118E-15  6.985E-02  9.365E-16  2.286E-15 -6.900E-02 -5.364E-16 -2.377E-02  6.151E-17  6.726E-02
  4.700E+00 -7.554E-01   1.207E+01 -6.787E-01  7.325E-17  1.334E-15  6.094E-02  4.952E-16  1.625E-15 -6.145E-02 -7.649E-16 -3.986E-02  1.652E-16  3.529E-02
  4.700E+00 -8.656E-01   1.654E+01 -5.726E-01 -4.520E-16  2.032E-14  5.831E-02 -1.261E-14  1.850E-14 -5.944E-02 -7.422E-15 -2.884E-02 -2.601E-15  1.332E-02
  4.700E+00 -9.446E-01   1.966E+01 -3.709E-01  1.076E-17  1.877E-15  5.915E-02  1.586E-14  1.114E-14 -6.026E-02  5.664E-15 -1.612E-02  5.753E-16 -1.014E-03
  4.700E+00 -9.894E-01   1.983E+01 -1.032E-01 -6.699E-17  3.094E-16  3.994E-02  2.008E-16  6.136E-16 -4.058E-02  3.245E-16 -6.489E-03 -1.273E-16 -1.019E-02
  4.800E+00  9.894E-01   1.122E+01  1.405E-03 -4.198E-17  8.440E-17 -5.063E-03  1.992E-17  1.030E-16  1.151E-03 -4.876E-17 -1.581E-02  1.347E-16  8.389E-01
  4.800E+00  9.446E-01   1.034E+01  1.350E-02 -2.074E-17 -5.113E-18 -1.314E-02  4.549E-17  5.047E-17  5.577E-03 -6.469E-18 -3.351E-02 -8.921E-17  8.304E-01
  4.800E+00  8.656E-01   8.937E+00  3.868E-02 -2.516E-16  5.335E-16 -2.251E-02 -2.542E-16 -3.061E-16  1.351E-02  3.385E-16 -3.751E-02 -1.982E-16  8.137E-01
  4.800E+00  7.554E-01   7.388E+00  4.797E-02 -1.143E-17 -4.935E-16 -2.924E-02  1.945E-16 -1.259E-16  2.082E-02  1.026E-16 -1.198E-02  1.147E-16  7.847E-01
  4.800E+00  6.179E-01   6.029E+00  6.236E-04 -9.088E-17 -4.625E-16 -2.747E-02  1.506E-16 -6.894E-16  2.137E-02 -5.678E-16  4.298E-02 -2.954E-16  7.322E-01
  4.800E+00  4.580E-01   5.078E+00 -1.190E-01 -4.947E-18 -2.020E-16 -1.338E-02  3.671E-16 -1.214E-16  1.063E-02  2.231E-16  1.105E-01 -4.164E-17  6.416E-01
  4.800E+00  2.816E-01   4.609E+00 -2.845E-01  5.347E-16  5.006E-15  1.024E-02 -9.113E-15  3.061E-15 -9.782E-03 -5.008E-15  1.683E-01  5.730E-16  5.137E-01
  4.800E+00  9.501E-02   4.582E+00 -4.469E-01  6.277E-17 -2.382E-16  3.471E-02 -1.089E-15 -1.275E-15 -3.218E-02  4.143E-17  1.969E-01 -1.741E-16  3.750E-01
  4.800E+00 -9.501E-02   4.917E+00 -5.735E-01 -6.112E-18 -5.322E-16  5.342E-02 -1.390E-16 -9.982E-16 -4.999E-02  9.479E-16  1.857E-01 -2.408E-16  2.545E-01
  4.800E+00 -2.816E-01   5.585E+00 -6.593E-01 -4.423E-16 -2.066E-14  6.493E-02 -5.558E-15 -1.566E-14 -6.136E-02  8.078E-15  1.333E-01  8.197E-16  1.643E-01
  4.800E+00 -4.580E-01   6.695E+00 -7.094E-01  1.208E-17 -1.726E-15  6.886E-02  9.087E-16 -9.341E-16 -6.591E-02  1.386E-15  5.326E-02 -4.907E-16  1.028E-01
  4.800E+00 -6.179E-01   8.650E+00 -7.218E-01  1.586E-16 -2.912E-15  6.392E-02  1.430E-15  2.840E-15 -6.239E-02  7.868E-16 -1.593E-02  4.559E-16  6.198E-02
  4.800E+00 -7.554E-01   1.210E+01 -6.859E-01  5.298E-17 -1.645E-16  5.540E-02  2.961E-15 -2.634E-15 -5.537E-02  1.600E-15 -3.678E-02 -1.125E-15  3.257E-02
  4.800E+00 -8.656E-01   1.676E+01 -5.819E-01 -1.736E-17  7.661E-15  5.346E-02  1.474E-14  1.344E-14 -5.423E-02  1.297E-14 -2.745E-02  1.801E-16  1.182E-02
  4.800E+00 -9.446E-01   2.013E+01 -3.802E-01 -3.786E-17 -4.260E-16  5.571E-02  1.635E-15  7.656E-16 -5.660E-02  2.007E-15 -1.533E-02  1.779E-17 -2.220E-03
  4.800E+00 -9.894E-01   2.035E+01 -1.070E-01  1.171E-16  3.939E-15  3.866E-02  1.682E-15  5.795E-15 -3.920E-02  8.453E-16 -6.163E-03 -3.539E-16 -1.156E-02
  4.900E+00  9.894E-01   1.164E+01  1.261E-03 -1.249E-17 -2.541E-17 -4.434E-03 -3.236E-17 -7.137E-17  3.503E-04 -3.178E-17 -1.637E-02  7.361E-17  8.317E-01
  4.900E+00  9.446E-01   1.066E+01  1.363E-02  1.394E-16  5.343E-16 -1.182E-02  1.900E-16  4.752E-16  3.926E-03  2.699E-16 -3.576E-02 -1.661E-16  8.234E-01
  4.900E+00  8.656E-01   9.101E+00  4.064E-02  2.221E-16  9.239E-16 -2.069E-02 -5.069E-18  8.325E-16  1.129E-02  5.727E-16 -4.233E-02 -2.692E-16  8.071E-01
  4.900E+00  7.554E-01   7.414E+00  5.204E-02 -1.524E-17  4.839E-17 -2.712E-02  4.807E-16  9.911E-16  1.833E-02  1.853E-16 -1.843E-02 -2.153E-16  7.789E-01
  4.900E+00  6.179E-01   5.964E+00  5.059E-03 -7.546E-17  1.462E-15 -2.517E-02  9.130E-16  1.708E-15  1.889E-02 -1.863E-15  3.679E-02 -1.025E-16  7.270E-01
  4.900E+00  4.580E-01   4.970E+00 -1.167E-01 -5.053E-18 -1.311E-15 -1.110E-02  1.624E-16 -1.074E-15  8.442E-03 -1.629E-15  1.064E-01  1.078E-15  6.352E-01
  4.900E+00  2.816E-01   4.494E+00 -2.853E-01  1.401E-16  8.649E-16  1.188E-02  1.608E-16  6.990E-16 -1.110E-02  2.801E-16  1.674E-01  6.830E-17  5.045E-01
  4.900E+00  9.501E-02   4.480E+00 -4.494E-01 -9.454E-17  9.861E-16  3.475E-02  1.430E-15  1.098E-15 -3.183E-02 -1.300E-15  1.999E-01 -1.151E-16  3.639E-01
  4.900E+00 -9.501E-02   4.842E+00 -5.758E-01 -8.888E-17 -7.862E-16  5.130E-02 -1.417E-15 -8.806E-16 -4.746E-02 -1.104E-15  1.932E-01 -4.489E-17  2.435E-01
  4.900E+00 -2.816E-01   5.539E+00 -6.611E-01 -5.118E-17  7.271E-16  6.083E-02  2.568E-15  8.410E-16 -5.680E-02 -1.151E-15  1.447E-01 -1.809E-16  1.547E-01
  4.900E+00 -4.580E-01   6.672E+00 -7.116E-01 -2.461E-16  8.701E-16  6.360E-02  4.287E-15 -1.807E-15 -6.007E-02 -6.289E-15  6.545E-02 -6.451E-16  9.527E-02
  4.900E+00 -6.179E-01   8.630E+00 -7.260E-01 -1.239E-16  2.109E-15  5.854E-02  2.414E-16  3.345E-15 -5.639E-02  2.100E-15 -7.914E-03  3.898E-16  5.714E-02
  4.900E+00 -7.554E-01   1.211E+01 -6.927E-01  6.437E-16 -6.034E-15  5.039E-02 -1.386E-14 -1.290E-14 -4.986E-02  3.217E-16 -3.363E-02  5.740E-16  3.013E-02
  4.900E+00 -8.656E-01   1.693E+01 -5.910E-01 -1.945E-16 -3.270E-15  4.907E-02  2.690E-15  3.286E-16 -4.951E-02  4.918E-15 -2.609E-02  5.683E-16  1.052E-02
  4.900E+00 -9.446E-01   2.054E+01 -3.895E-01 -2.387E-17 -1.460E-15  5.258E-02 -2.490E-15 -1.417E-15 -5.328E-02  3.206E-16 -1.457E-02 -2.117E-16 -3.245E-03
  4.900E+00 -9.894E-01   2.083E+01 -1.107E-01 -7.272E-17  1.099E-16  3.753E-02 -1.286E-15  8.905E-16 -3.797E-02 -5.688E-16 -5.844E-03 -1.601E-16 -1.276E-02
  5.000E+00  9.894E-01   1.207E+01  1.097E-03 -7.397E-17 -6.876E-17 -3.884E-03 -2.738E-16 -1.415E-16 -3.628E-04 -7.212E-17 -1.678E-02 -2.713E-16  8.245E-01
  5.000E+00  9.446E-01   1.098E+01  1.368E-02 -2.472E-17  3.893E-17 -1.065E-02  4.105E-17  3.478E-17  2.455E-03 -1.158E-16 -3.772E-02  3.692E-17  8.163E-01
  5.000E+00  8.656E-01   9.266E+00  4.242E-02  1.212E-16 -2.405E-16 -1.907E-02 -2.243E-16  6.386E-18  9.306E-03  4.228E-16 -4.684E-02  1.494E-16  8.004E-01
  5.000E+00  7.554E-01   7.439E+00  5.588E-02 -1.246E-15 -4.160E-15 -2.522E-02 -4.796E-15  1.026E-14  1.610E-02 -3.101E-16 -2.459E-02 -1.781E-15  7.730E-01
  5.000E+00  6.179E-01   5.898E+00  9.335E-03  5.670E-17 -3.264E-16 -2.311E-02  2.197E-16 -4.792E-16  1.667E-02 -2.967E-16  3.086E-02  6.779E-17  7.217E-01
  5.000E+00  4.580E-01   4.862E+00 -1.142E-01  3.710E-17  4.684E-16 -9.059E-03  1.097E-15  1.430E-15  6.510E-03 -2.713E-17  1.024E-01  3.143E-16  6.289E-01
  5.000E+00  2.816E-01   4.380E+00 -2.855E-01 -6.126E-17  1.504E-16  1.331E-02  2.107E-16  5.457E-16 -1.220E-02  1.063E-16  1.663E-01 -3.193E-18  4.957E-01
  5.000E+00  9.501E-02   4.380E+00 -4.510E-01 -1.654E-16 -1.199E-15  3.467E-02  4.482E-15  3.226E-15 -3.138E-02 -7.362E-16  2.024E-01  7.715E-16  3.535E-01
  5.000E+00 -9.501E-02   4.765E+00 -5.771E-01 -2.407E-16 -3.918E-16  4.926E-02  1.035E-15 -1.677E-15 -4.508E-02 -4.704E-15  2.000E-01  6.555E-16  2.336E-01
  5.000E+00 -2.816E-01   5.489E+00 -6.619E-01 -7.701E-17 -1.097E-15  5.707E-02 -8.607E-17 -7.739E-16 -5.265E-02  4.727E-17  1.555E-01 -1.806E-16  1.461E-01
  5.000E+00 -4.580E-01   6.642E+00 -7.130E-01  1.500E-16  2.708E-15  5.882E-02  1.339E-15  3.632E-15 -5.481E-02 -9.752E-17  7.739E-02 -6.877E-16  8.850E-02
  5.000E+00 -6.179E-01   8.600E+00 -7.295E-01 -1.495E-16  7.149E-16  5.368E-02  1.635E-15  1.210E-15 -5.097E-02  5.929E-16  2.453E-04 -3.009E-16  5.272E-02
  5.000E+00 -7.554E-01   1.209E+01 -6.990E-01 -2.451E-16 -5.923E-14  4.586E-02  5.525E-14 -6.967E-14 -4.487E-02  3.330E-14 -3.042E-02  1.730E-15  2.791E-02
  5.000E+00 -8.656E-01   1.706E+01 -5.999E-01  2.694E-16  3.137E-15  4.509E-02 -2.298E-15 -2.560E-17 -4.521E-02 -3.403E-15 -2.476E-02 -4.037E-17  9.403E-03
  5.000E+00 -9.446E-01   2.090E+01 -3.986E-01  6.050E-17  8.828E-16  4.974E-02  8.147E-16  5.720E-16 -5.024E-02  1.140E-15 -1.383E-02 -5.025E-17 -4.121E-03
  5.000E+00 -9.894E-01   2.127E+01 -1.145E-01  7.028E-17 -6.764E-17  3.653E-02  4.630E-15 -4.381E-15 -3.689E-02  2.493E-15 -5.534E-03  7.690E-16 -1.382E-02
