  2.800E+00  9.894E-01   1.366E+00  3.643E-03  1.989E-17 -4.814E-17  8.318E-02 -3.764E-17 -5.185E-17  6.902E-03 -3.766E-17 -3.307E-02 -4.941E-17  7.877E-01
  2.800E+00  9.446E-01   1.506E+00  1.407E-02 -1.831E-17  1.459E-17  1.538E-01  5.977E-17  2.691E-17  2.386E-02 -4.128E-17 -7.876E-02 -3.559E-17  8.050E-01
  2.800E+00  8.656E-01   1.730E+00  1.889E-02 -7.107E-17  1.327E-17  1.701E-01  5.222E-17 -4.946E-17  4.983E-02 -2.646E-17 -1.259E-01  6.311E-18  8.185E-01
  2.800E+00  7.554E-01   1.992E+00  9.872E-03 -7.358E-16 -6.022E-16  1.478E-01  3.876E-16  1.633E-17  7.854E-02 -6.542E-16 -1.679E-01  1.871E-16  8.215E-01
  2.800E+00  6.179E-01   2.235E+00 -1.244E-02  1.763E-17  1.542E-17  1.043E-01 -2.916E-17  3.002E-17  1.095E-01  5.169E-17 -1.990E-01  5.858E-18  8.194E-01
  2.800E+00  4.580E-01   2.406E+00 -4.372E-02 -3.425E-17 -6.650E-17  4.302E-02  3.687E-17 -2.379E-17  1.521E-01 -6.832E-17 -2.157E-01 -5.504E-17  8.205E-01
  2.800E+00  2.816E-01   2.481E+00 -8.262E-02 -2.643E-17  2.139E-17 -4.430E-02  5.602E-17 -8.182E-17  2.215E-01  4.594E-17 -2.154E-01 -8.208E-17  8.253E-01
  2.800E+00  9.501E-02   2.487E+00 -1.352E-01 -3.568E-17 -2.937E-17 -1.660E-01  1.467E-17 -4.060E-18  3.282E-01 -4.579E-19 -1.954E-01 -4.958E-17  8.196E-01
  2.800E+00 -9.501E-02   2.485E+00 -2.105E-01 -2.096E-17 -3.732E-17 -3.123E-01  6.967E-18 -2.344E-17  4.616E-01 -2.151E-17 -1.564E-01  2.345E-17  7.790E-01
  2.800E+00 -2.816E-01   2.518E+00 -3.040E-01 -2.515E-17 -3.879E-17 -4.463E-01  2.283E-17 -1.121E-16  5.839E-01  1.398E-17 -1.080E-01 -3.639E-17  6.932E-01
  2.800E+00 -4.580E-01   2.550E+00 -3.883E-01 -4.372E-17 -4.545E-17 -5.315E-01  3.234E-17 -1.053E-16  6.594E-01 -1.425E-17 -6.400E-02 -7.485E-17  5.862E-01
  2.800E+00 -6.179E-01   2.472E+00 -4.310E-01  1.220E-16 -7.074E-18 -5.626E-01 -5.124E-17  2.712E-17  6.854E-01  2.066E-17 -3.176E-02  6.888E-17  4.975E-01
  2.800E+00 -7.554E-01   2.208E+00 -4.101E-01 -7.084E-16 -4.723E-16 -5.548E-01 -7.378E-17  2.712E-17  6.770E-01 -9.501E-16 -9.408E-03 -7.751E-16  4.522E-01
  2.800E+00 -8.656E-01   1.816E+00 -3.158E-01 -4.106E-17 -6.703E-17 -5.102E-01  1.908E-16 -1.275E-16  6.311E-01  2.575E-16  6.885E-03 -1.083E-16  4.588E-01
  2.800E+00 -9.446E-01   1.456E+00 -1.665E-01  8.048E-17  1.347E-16 -4.013E-01 -6.074E-17  1.210E-16  5.051E-01 -3.574E-17  1.599E-02  1.437E-16  5.070E-01
  2.800E+00 -9.894E-01   1.247E+00 -3.597E-02 -1.402E-16  6.958E-17 -2.005E-01 -4.667E-17  7.830E-17  2.557E-01 -4.036E-18  1.173E-02  8.800E-17  5.590E-01
  2.900E+00  9.894E-01   1.946E+00  5.116E-03 -1.744E-17  1.397E-16  7.665E-02  6.621E-17  1.647E-18  1.471E-02 -8.730E-17 -3.257E-02 -2.190E-17  7.874E-01
  2.900E+00  9.446E-01   2.113E+00  2.193E-02 -1.169E-17 -9.874E-17  1.426E-01 -3.908E-17 -1.217E-16  4.043E-02 -6.127E-17 -7.701E-02 -9.865E-17  8.018E-01
  2.900E+00  8.656E-01   2.373E+00  3.739E-02 -1.222E-16  1.826E-16  1.597E-01  1.285E-16  3.524E-16  7.198E-02 -8.655E-17 -1.219E-01 -8.782E-18  8.099E-01
  2.900E+00  7.554E-01   2.663E+00  4.004E-02  2.427E-17  6.704E-17  1.426E-01  4.917E-17 -7.421E-17  1.014E-01 -2.733E-17 -1.612E-01 -2.272E-17  8.043E-01
  2.900E+00  6.179E-01   2.912E+00  2.593E-02 -1.334E-16 -8.488E-17  1.069E-01 -3.309E-17  2.685E-17  1.276E-01 -9.723E-17 -1.903E-01 -4.389E-17  7.919E-01
  2.900E+00  4.580E-01   3.069E+00 -4.322E-03  5.181E-17 -6.755E-17  5.355E-02  1.239E-16 -5.312E-17  1.621E-01 -1.381E-16 -2.058E-01  9.522E-17  7.851E-01
  2.900E+00  2.816E-01   3.125E+00 -5.223E-02 -2.947E-17 -5.112E-17 -2.957E-02 -5.697E-17 -4.144E-18  2.244E-01 -1.011E-16 -2.015E-01  3.907E-18  7.875E-01
  2.900E+00  9.501E-02   3.136E+00 -1.264E-01 -4.342E-18  1.610E-17 -1.539E-01  7.124E-17 -4.522E-17  3.288E-01 -5.955E-17 -1.695E-01  6.198E-17  7.826E-01
  2.900E+00 -9.501E-02   3.199E+00 -2.344E-01 -1.045E-17 -5.074E-18 -3.060E-01  1.875E-17  7.929E-18  4.619E-01 -6.343E-17 -1.093E-01  7.236E-17  7.364E-01
  2.900E+00 -2.816E-01   3.369E+00 -3.599E-01 -5.896E-17  1.575E-17 -4.390E-01  3.456E-17  8.462E-17  5.775E-01 -9.181E-17 -3.889E-02  1.064E-17  6.336E-01
  2.900E+00 -4.580E-01   3.561E+00 -4.613E-01 -1.940E-16 -4.444E-17 -5.138E-01  1.350E-16  8.329E-17  6.392E-01 -8.661E-17  1.742E-02 -6.693E-17  5.059E-01
  2.900E+00 -6.179E-01   3.565E+00 -5.026E-01 -4.044E-17 -2.990E-17 -5.344E-01  3.319E-17 -1.223E-16  6.535E-01  4.390E-17  5.179E-02 -6.590E-17  3.987E-01
  2.900E+00 -7.554E-01   3.236E+00 -4.647E-01  2.355E-17 -3.357E-17 -5.227E-01  9.916E-18 -4.703E-17  6.419E-01 -1.923E-16  7.004E-02  1.411E-16  3.363E-01
  2.900E+00 -8.656E-01   2.685E+00 -3.399E-01 -2.074E-16 -4.162E-16 -4.811E-01 -1.072E-16 -2.718E-16  6.003E-01  1.135E-17  7.668E-02  1.937E-17  3.245E-01
  2.900E+00 -9.446E-01   2.202E+00 -1.626E-01 -5.011E-16 -3.310E-16 -3.769E-01  3.315E-16 -3.997E-16  4.783E-01 -1.012E-15  6.669E-02 -7.256E-17  3.533E-01
  2.900E+00 -9.894E-01   1.960E+00 -3.108E-02  7.224E-19 -1.715E-16 -1.850E-01  2.842E-17 -3.515E-17  2.373E-01  5.999E-17  3.450E-02 -2.012E-17  3.875E-01
  3.000E+00  9.894E-01   2.503E+00  4.332E-03 -6.889E-17  2.719E-17  6.937E-02  1.826E-16 -1.043E-17  1.688E-02 -9.387E-17 -3.231E-02  1.318E-17  7.931E-01
  3.000E+00  9.446E-01   2.704E+00  1.937E-02 -1.505E-15  4.131E-16  1.268E-01  1.581E-15  5.080E-16  4.766E-02 -1.369E-15 -7.645E-02 -2.119E-17  8.054E-01
  3.000E+00  8.656E-01   3.003E+00  3.568E-02 -6.828E-17  4.184E-16  1.386E-01 -3.698E-16  2.479E-16  8.592E-02  1.444E-16 -1.200E-01 -4.625E-16  8.097E-01
  3.000E+00  7.554E-01   3.315E+00  4.325E-02 -8.745E-17 -7.329E-17  1.215E-01 -9.832E-17 -5.935E-17  1.198E-01 -7.899E-17 -1.559E-01 -1.644E-16  7.978E-01
  3.000E+00  6.179E-01   3.558E+00  3.581E-02 -1.122E-16 -5.163E-17  9.124E-02  9.291E-17  5.170E-17  1.454E-01 -9.491E-17 -1.807E-01  1.836E-17  7.763E-01
  3.000E+00  4.580E-01   3.685E+00  9.178E-03  3.915E-17  2.611E-16  4.655E-02  4.914E-17 -3.305E-17  1.740E-01  2.286E-16 -1.922E-01  4.390E-17  7.591E-01
  3.000E+00  2.816E-01   3.717E+00 -4.406E-02  5.228E-17  1.039E-16 -2.786E-02  6.506E-18  1.551E-16  2.270E-01 -9.313E-17 -1.839E-01  1.448E-16  7.528E-01
  3.000E+00  9.501E-02   3.755E+00 -1.370E-01 -2.795E-16 -3.385E-17 -1.448E-01 -1.252E-16  1.531E-16  3.200E-01 -8.755E-17 -1.437E-01 -5.835E-17  7.399E-01
  3.000E+00 -9.501E-02   3.935E+00 -2.730E-01 -5.945E-17 -3.732E-16 -2.869E-01  2.596E-16 -2.613E-16  4.374E-01  1.787E-16 -7.068E-02 -2.638E-16  6.824E-01
  3.000E+00 -2.816E-01   4.312E+00 -4.203E-01  1.673E-16  1.530E-16 -4.040E-01  6.561E-17 -3.982E-17  5.322E-01  2.016E-16  1.012E-02  3.615E-17  5.663E-01
  3.000E+00 -4.580E-01   4.733E+00 -5.274E-01 -5.291E-17  3.037E-16 -4.633E-01  7.281E-17 -6.330E-17  5.760E-01 -2.509E-16  6.937E-02 -8.401E-17  4.285E-01
  3.000E+00 -6.179E-01   4.868E+00 -5.610E-01  2.863E-17  7.814E-17 -4.760E-01  1.331E-16 -1.524E-17  5.816E-01 -2.952E-17  1.011E-01  9.717E-17  3.136E-01
  3.000E+00 -7.554E-01   4.491E+00 -5.056E-01  2.193E-17 -7.040E-17 -4.648E-01 -4.891E-17  4.786E-17  5.705E-01  3.631E-17  1.137E-01  1.715E-16  2.414E-01
  3.000E+00 -8.656E-01   3.772E+00 -3.548E-01 -4.902E-16  1.475E-15 -4.307E-01 -3.409E-16  1.565E-15  5.364E-01 -1.743E-16  1.112E-01 -1.971E-16  2.174E-01
  3.000E+00 -9.446E-01   3.164E+00 -1.561E-01 -2.929E-16  2.980E-16 -3.386E-01 -2.663E-17  3.199E-16  4.274E-01  1.550E-16  8.725E-02  2.085E-17  2.358E-01
  3.000E+00 -9.894E-01   2.907E+00 -2.662E-02 -1.156E-16 -1.130E-16 -1.650E-01  2.660E-16 -1.231E-16  2.096E-01 -3.563E-16  4.141E-02 -2.443E-17  2.647E-01
  3.100E+00  9.894E-01   3.007E+00  1.955E-03  3.876E-17 -4.036E-17  6.406E-02  1.247E-16  2.719E-17  1.457E-02  7.222E-17 -3.466E-02 -2.206E-17  7.907E-01
  3.100E+00  9.446E-01   3.253E+00  9.458E-03  2.834E-17 -4.012E-17  1.128E-01 -2.583E-17  3.696E-17  4.694E-02 -1.129E-16 -8.112E-02 -7.333E-17  8.019E-01
  3.100E+00  8.656E-01   3.605E+00  1.931E-02  1.043E-15  1.418E-15  1.163E-01 -9.551E-16  5.651E-17  9.150E-02  1.038E-15 -1.244E-01 -2.420E-16  8.044E-01
  3.100E+00  7.554E-01   3.948E+00  2.548E-02  4.097E-17  6.387E-18  9.542E-02  4.801E-17 -7.687E-18  1.316E-01  6.242E-18 -1.564E-01  2.920E-17  7.894E-01
  3.100E+00  6.179E-01   4.184E+00  2.082E-02  7.622E-17  3.392E-17  6.734E-02 -2.104E-17  1.232E-17  1.592E-01  1.400E-16 -1.744E-01  5.173E-17  7.621E-01
  3.100E+00  4.580E-01   4.280E+00 -3.315E-03 -3.686E-17 -8.294E-17  2.974E-02  6.877E-17 -3.373E-17  1.840E-01 -3.495E-17 -1.791E-01 -1.107E-17  7.358E-01
  3.100E+00  2.816E-01   4.299E+00 -6.067E-02  1.596E-16  1.252E-16 -3.419E-02 -1.064E-16  6.611E-19  2.272E-01  2.113E-16 -1.646E-01 -4.733E-17  7.174E-01
  3.100E+00  9.501E-02   4.396E+00 -1.685E-01 -1.729E-17 -1.401E-16 -1.365E-01  7.670E-18  9.305E-18  3.029E-01  4.333E-17 -1.186E-01 -4.800E-17  6.898E-01
  3.100E+00 -9.501E-02   4.746E+00 -3.239E-01  2.732E-17  6.638E-17 -2.572E-01 -9.956E-17  7.017E-17  3.947E-01  1.473E-16 -4.108E-02 -6.917E-17  6.169E-01
  3.100E+00 -2.816E-01   5.396E+00 -4.808E-01 -1.599E-16 -1.624E-16 -3.508E-01  2.093E-16 -1.758E-16  4.630E-01 -1.630E-16  3.957E-02  1.820E-16  4.920E-01
  3.100E+00 -4.580E-01   6.109E+00 -5.843E-01 -5.198E-17 -4.470E-17 -3.953E-01  1.645E-16 -3.899E-17  4.910E-01 -8.308E-17  9.511E-02  1.654E-17  3.539E-01
  3.100E+00 -6.179E-01   6.422E+00 -6.078E-01  3.203E-17 -2.302E-17 -4.050E-01  1.197E-18  5.409E-17  4.934E-01  3.117E-17  1.224E-01  1.635E-17  2.400E-01
  3.100E+00 -7.554E-01   6.009E+00 -5.387E-01  4.176E-17 -1.641E-16 -3.990E-01  3.533E-17 -5.477E-17  4.870E-01  4.165E-17  1.303E-01 -1.323E-17  1.652E-01
  3.100E+00 -8.656E-01   5.096E+00 -3.700E-01  1.076E-15  1.114E-15 -3.761E-01 -6.261E-16  2.822E-15  4.640E-01  1.135E-15  1.221E-01 -5.780E-16  1.350E-01
  3.100E+00 -9.446E-01   4.323E+00 -1.557E-01  5.433E-17  4.906E-16 -3.006E-01  9.369E-16  6.186E-16  3.741E-01 -7.658E-18  9.137E-02 -6.912E-17  1.492E-01
  3.100E+00 -9.894E-01   4.031E+00 -2.469E-02  7.244E-17  6.401E-17 -1.475E-01 -4.372E-16 -2.925E-16  1.840E-01 -3.313E-16  4.156E-02  3.432E-17  1.790E-01
  3.200E+00  9.894E-01   3.474E+00 -1.163E-03 -3.999E-18 -1.077E-17  5.989E-02  1.255E-16 -1.597E-16  9.997E-03 -1.363E-16 -3.912E-02  8.356E-18  7.787E-01
  3.200E+00  9.446E-01   3.774E+00 -3.768E-03  6.350E-16  6.669E-16  1.008E-01 -1.373E-16  4.138E-16  4.161E-02  8.745E-16 -8.977E-02 -1.464E-16  7.889E-01
  3.200E+00  8.656E-01   4.188E+00 -3.741E-03 -3.720E-17 -1.609E-16  9.613E-02  2.836E-16 -2.140E-16  9.077E-02 -2.329E-17 -1.336E-01  6.068E-17  7.902E-01
  3.200E+00  7.554E-01   4.566E+00 -2.810E-03  8.018E-17 -9.003E-18  7.078E-02 -2.116E-17  1.008E-17  1.362E-01  1.431E-16 -1.615E-01  7.081E-17  7.736E-01
  3.200E+00  6.179E-01   4.798E+00 -8.834E-03 -1.219E-16 -1.050E-17  4.323E-02  1.037E-16 -4.431E-17  1.664E-01 -2.179E-16 -1.721E-01 -9.101E-18  7.428E-01
  3.200E+00  4.580E-01   4.870E+00 -3.405E-02  1.865E-17 -3.327E-17  1.079E-02 -5.395E-18 -1.631E-16  1.890E-01 -1.132E-16 -1.680E-01 -6.685E-17  7.090E-01
  3.200E+00  2.816E-01   4.893E+00 -9.678E-02  1.283E-16 -7.238E-16 -4.292E-02  4.257E-16 -4.724E-16  2.229E-01 -7.679E-16 -1.461E-01  1.035E-15  6.781E-01
  3.200E+00  9.501E-02   5.077E+00 -2.159E-01  5.196E-15  7.936E-15 -1.273E-01 -5.332E-15  1.865E-15  2.794E-01  6.405E-15 -9.595E-02 -2.419E-15  6.337E-01
  3.200E+00 -9.501E-02   5.640E+00 -3.808E-01  3.702E-15 -1.171E-15 -2.220E-01  4.442E-15 -2.363E-15  3.432E-01 -3.327E-15 -2.017E-02  1.062E-15  5.463E-01
  3.200E+00 -2.816E-01   6.614E+00 -5.363E-01  2.719E-16  1.039E-15 -2.914E-01  1.089E-15  1.130E-15  3.867E-01 -4.128E-16  5.391E-02  4.403E-16  4.181E-01
  3.200E+00 -4.580E-01   7.675E+00 -6.303E-01  1.000E-16  2.252E-16 -3.245E-01 -2.476E-16  1.883E-16  4.035E-01 -1.080E-16  1.029E-01  6.563E-17  2.860E-01
  3.200E+00 -6.179E-01   8.216E+00 -6.428E-01 -6.757E-17 -3.603E-17 -3.349E-01  8.177E-17  1.455E-16  4.066E-01 -4.120E-17  1.258E-01 -2.751E-18  1.786E-01
  3.200E+00 -7.554E-01   7.794E+00 -5.635E-01 -2.546E-17  1.381E-16 -3.365E-01 -9.011E-17  5.811E-17  4.072E-01  8.012E-17  1.308E-01 -2.202E-17  1.059E-01
  3.200E+00 -8.656E-01   6.666E+00 -3.844E-01  2.185E-16  3.920E-16 -3.256E-01 -1.293E-16  8.448E-17  3.960E-01 -1.161E-15  1.203E-01 -1.338E-16  7.350E-02
  3.200E+00 -9.446E-01   5.671E+00 -1.597E-01  1.602E-15  4.325E-15 -2.670E-01 -3.831E-15  5.307E-15  3.260E-01  9.661E-16  8.862E-02  3.009E-16  8.534E-02
  3.200E+00 -9.894E-01   5.297E+00 -2.466E-02 -1.225E-16 -1.318E-16 -1.331E-01  1.020E-15 -6.739E-16  1.624E-01 -3.831E-16  3.973E-02 -1.149E-16  1.164E-01
  3.300E+00  9.894E-01   3.947E+00 -4.057E-03  3.941E-17  3.659E-17  5.581E-02  9.995E-17 -5.418E-17  4.816E-03 -1.120E-17 -4.358E-02 -7.194E-17  7.650E-01
  3.300E+00  9.446E-01   4.295E+00 -1.599E-02  1.175E-17 -2.406E-17  9.021E-02  6.737E-17 -7.515E-17  3.419E-02  3.046E-17 -9.861E-02 -1.812E-17  7.729E-01
  3.300E+00  8.656E-01   4.760E+00 -2.555E-02 -4.292E-17  7.718E-17  7.946E-02  9.394E-18 -4.600E-18  8.576E-02  1.129E-16 -1.436E-01  2.300E-17  7.717E-01
  3.300E+00  7.554E-01   5.161E+00 -3.140E-02 -2.319E-17 -1.167E-17  5.108E-02 -9.211E-17  2.325E-16  1.346E-01 -1.002E-17 -1.686E-01 -1.351E-16  7.527E-01
  3.300E+00  6.179E-01   5.383E+00 -4.251E-02 -5.389E-17 -8.224E-18  2.391E-02 -8.308E-17 -7.492E-18  1.667E-01  5.941E-18 -1.725E-01 -2.113E-16  7.183E-01
  3.300E+00  4.580E-01   5.440E+00 -7.358E-02  1.916E-17 -4.048E-18 -5.028E-03  6.205E-17  1.250E-17  1.880E-01 -3.727E-17 -1.598E-01 -9.606E-17  6.777E-01
  3.300E+00  2.816E-01   5.482E+00 -1.444E-01 -4.531E-17  5.546E-17 -5.035E-02 -6.827E-17  1.388E-16  2.146E-01  8.885E-17 -1.304E-01 -5.607E-17  6.354E-01
  3.300E+00  9.501E-02   5.770E+00 -2.717E-01  3.174E-16 -4.673E-16 -1.176E-01  5.255E-16 -8.353E-16  2.541E-01 -4.877E-16 -7.779E-02  2.895E-16  5.764E-01
  3.300E+00 -9.501E-02   6.559E+00 -4.377E-01 -4.542E-16  7.987E-16 -1.879E-01 -1.441E-15  9.822E-16  2.935E-01 -2.668E-16 -6.896E-03  1.091E-16  4.787E-01
  3.300E+00 -2.816E-01   7.879E+00 -5.841E-01 -7.600E-17 -3.600E-17 -2.367E-01  4.101E-17  1.062E-16  3.171E-01  7.142E-17  5.848E-02 -2.563E-17  3.516E-01
  3.300E+00 -4.580E-01   9.329E+00 -6.646E-01 -2.201E-18 -6.251E-18 -2.617E-01 -2.169E-17  1.305E-17  3.265E-01 -1.334E-16  1.007E-01 -1.938E-17  2.282E-01
  3.300E+00 -6.179E-01   1.016E+01 -6.646E-01  9.474E-17 -9.056E-17 -2.746E-01 -1.952E-16 -3.794E-17  3.323E-01  5.029E-17  1.202E-01  1.662E-17  1.294E-01
  3.300E+00 -7.554E-01   9.806E+00 -5.760E-01 -1.932E-16 -4.394E-17 -2.837E-01  6.360E-16  2.121E-16  3.397E-01  2.939E-16  1.235E-01 -2.316E-16  6.128E-02
  3.300E+00 -8.656E-01   8.493E+00 -3.910E-01  5.042E-18  1.304E-16 -2.827E-01 -3.449E-16  2.321E-16  3.379E-01 -1.376E-16  1.126E-01  4.117E-17  2.886E-02
  3.300E+00 -9.446E-01   7.246E+00 -1.621E-01  5.723E-17 -2.323E-16 -2.380E-01  2.383E-16 -6.267E-17  2.843E-01  1.881E-16  8.259E-02 -1.227E-17  3.828E-02
  3.300E+00 -9.894E-01   6.748E+00 -2.479E-02  6.903E-17  4.485E-16 -1.207E-01 -8.522E-17  5.958E-18  1.439E-01 -6.086E-16  3.703E-02  1.202E-16  6.873E-02
  3.400E+00  9.894E-01   4.467E+00 -5.983E-03 -6.884E-17 -3.763E-17  5.143E-02  2.932E-17 -1.417E-16 -5.922E-05 -8.278E-17 -4.631E-02 -6.731E-17  7.589E-01
  3.400E+00  9.446E-01   4.841E+00 -2.418E-02 -6.885E-16  1.118E-15  8.070E-02 -8.459E-16  8.859E-16  2.614E-02  1.183E-16 -1.046E-01  1.388E-15  7.625E-01
  3.400E+00  8.656E-01   5.324E+00 -4.087E-02  1.827E-17  6.568E-17  6.656E-02 -1.467E-17 -3.190E-18  7.810E-02  7.992E-17 -1.515E-01  2.399E-17  7.561E-01
  3.400E+00  7.554E-01   5.715E+00 -5.355E-02 -1.053E-16  2.461E-17  3.721E-02  1.107E-16 -1.484E-17  1.285E-01  2.189E-17 -1.753E-01 -1.766E-17  7.322E-01
  3.400E+00  6.179E-01   5.911E+00 -7.281E-02  1.266E-17 -1.441E-16  1.088E-02 -2.676E-17 -2.181E-16  1.615E-01  2.006E-16 -1.747E-01 -2.360E-16  6.922E-01
  3.400E+00  4.580E-01   5.953E+00 -1.146E-01 -1.483E-16  3.444E-16 -1.589E-02  6.854E-17  5.231E-16  1.822E-01 -2.882E-17 -1.549E-01 -4.664E-17  6.443E-01
  3.400E+00  2.816E-01   6.024E+00 -1.965E-01  2.697E-16 -5.480E-16 -5.552E-02 -1.214E-15  1.366E-16  2.043E-01  8.991E-16 -1.189E-01 -1.711E-16  5.923E-01
  3.400E+00  9.501E-02   6.415E+00 -3.296E-01  3.972E-16  5.287E-15 -1.092E-01 -2.290E-15  4.342E-15  2.312E-01  1.502E-15 -6.477E-02 -1.368E-15  5.226E-01
  3.400E+00 -9.501E-02   7.414E+00 -4.906E-01 -6.003E-16 -2.724E-15 -1.596E-01 -4.599E-15 -3.732E-15  2.522E-01  1.780E-15  5.216E-04 -2.775E-15  4.192E-01
  3.400E+00 -2.816E-01   9.068E+00 -6.229E-01  2.393E-16 -1.071E-15 -1.925E-01 -3.705E-16 -9.299E-16  2.611E-01  7.239E-16  5.762E-02 -5.618E-16  2.955E-01
  3.400E+00 -4.580E-01   1.094E+01 -6.865E-01 -2.665E-17 -2.633E-16 -2.119E-01 -3.283E-18 -4.886E-16  2.657E-01  1.810E-16  9.401E-02 -3.782E-17  1.809E-01
  3.400E+00 -6.179E-01   1.215E+01 -6.713E-01  6.873E-17 -1.639E-16 -2.275E-01 -1.818E-16 -1.758E-16  2.741E-01  3.323E-17  1.106E-01 -1.152E-16  9.086E-02
  3.400E+00 -7.554E-01   1.199E+01 -5.717E-01  1.991E-17 -1.951E-17 -2.425E-01  1.199E-17  3.067E-17  2.867E-01  1.062E-16  1.125E-01 -5.106E-17  2.859E-02
  3.400E+00 -8.656E-01   1.061E+01 -3.827E-01  5.705E-17  7.483E-16 -2.480E-01  3.758E-16  8.843E-16  2.907E-01 -7.821E-18  1.013E-01  1.629E-17 -2.016E-03
  3.400E+00 -9.446E-01   9.150E+00 -1.568E-01 -4.340E-16  1.029E-14 -2.124E-01 -1.744E-14 -1.521E-14  2.480E-01 -3.099E-14  7.368E-02 -1.038E-15  4.991E-03
  3.400E+00 -9.894E-01   8.523E+00 -2.337E-02 -1.276E-17  7.053E-17 -1.088E-01 -6.685E-16  1.459E-16  1.267E-01 -4.743E-16  3.301E-02 -5.392E-17  3.252E-02
  3.500E+00  9.894E-01   5.065E+00 -6.706E-03 -2.109E-17 -2.422E-18  4.689E-02 -3.657E-17 -4.108E-17 -4.231E-03 -3.788E-17 -4.709E-02  3.441E-17  7.645E-01
  3.500E+00  9.446E-01   5.432E+00 -2.751E-02 -5.590E-17 -6.006E-17  7.228E-02 -6.134E-17 -4.936E-17  1.832E-02 -6.825E-17 -1.073E-01  8.291E-17  7.620E-01
  3.500E+00  8.656E-01   5.884E+00 -4.805E-02  6.618E-17  1.086E-17  5.696E-02  5.975E-17 -8.284E-17  6.905E-02  2.057E-17 -1.564E-01  9.402E-18  7.479E-01
  3.500E+00  7.554E-01   6.218E+00 -6.664E-02  9.962E-17  9.855E-17  2.837E-02 -3.326E-17  6.232E-17  1.194E-01  1.259E-16 -1.811E-01  1.605E-17  7.161E-01
  3.500E+00  6.179E-01   6.357E+00 -9.609E-02 -7.225E-18 -9.342E-17  3.398E-03  2.877E-17 -3.983E-17  1.527E-01 -3.003E-17 -1.781E-01 -2.479E-17  6.680E-01
  3.500E+00  4.580E-01   6.380E+00 -1.524E-01 -7.377E-17 -1.033E-16 -2.228E-02  4.769E-17 -1.130E-16  1.736E-01 -9.959E-17 -1.531E-01  6.743E-17  6.118E-01
  3.500E+00  2.816E-01   6.484E+00 -2.479E-01 -2.728E-16  1.944E-16 -5.885E-02 -5.834E-17  3.302E-16  1.937E-01  2.939E-16 -1.115E-01 -1.415E-16  5.514E-01
  3.500E+00  9.501E-02   6.963E+00 -3.849E-01  4.318E-17 -1.571E-16 -1.031E-01 -6.330E-17 -2.687E-16  2.129E-01 -1.348E-16 -5.627E-02 -4.385E-18  4.746E-01
  3.500E+00 -9.501E-02   8.133E+00 -5.367E-01  2.527E-16  1.786E-16 -1.388E-01  6.840E-16  2.700E-16  2.210E-01 -3.442E-16  4.026E-03  4.007E-16  3.688E-01
  3.500E+00 -2.816E-01   1.009E+01 -6.512E-01 -4.138E-17  2.090E-16 -1.599E-01  3.618E-16  5.916E-16  2.195E-01  5.643E-17  5.412E-02  6.733E-17  2.492E-01
  3.500E+00 -4.580E-01   1.239E+01 -6.947E-01 -2.184E-17  2.165E-18 -1.754E-01  4.769E-17  1.612E-17  2.207E-01 -4.121E-18  8.568E-02  1.338E-17  1.428E-01
  3.500E+00 -6.179E-01   1.410E+01 -6.610E-01 -2.764E-17 -4.594E-17 -1.932E-01  1.837E-17  2.267E-17  2.312E-01  6.328E-17  9.971E-02 -3.566E-17  6.116E-02
  3.500E+00 -7.554E-01   1.432E+01 -5.481E-01  6.672E-17 -1.769E-16 -2.122E-01 -2.044E-16 -2.739E-16  2.471E-01  1.544E-16  9.980E-02 -6.527E-18  5.608E-03
  3.500E+00 -8.656E-01   1.305E+01 -3.566E-01  8.012E-18 -7.242E-17 -2.203E-01  1.159E-16  1.176E-17  2.532E-01  7.890E-17  8.769E-02  4.521E-18 -2.156E-02
  3.500E+00 -9.446E-01   1.151E+01 -1.412E-01 -4.157E-17  5.056E-16 -1.891E-01  1.378E-16  5.263E-16  2.159E-01  6.003E-16  6.224E-02 -7.225E-17 -1.625E-02
  3.500E+00 -9.894E-01   1.080E+01 -1.984E-02 -8.851E-17  3.843E-16 -9.675E-02  6.681E-17  2.647E-16  1.101E-01  1.747E-16  2.749E-02 -4.391E-17  7.012E-03
  3.600E+00  9.894E-01   5.749E+00 -6.474E-03  9.795E-17 -7.714E-17  4.253E-02  1.057E-16  6.513E-18 -7.574E-03  3.017E-16 -4.690E-02 -3.001E-17  7.802E-01
  3.600E+00  9.446E-01   6.077E+00 -2.688E-02  1.444E-16  2.439E-16  6.494E-02  2.760E-17 -6.304E-17  1.125E-02  1.904E-16 -1.079E-01 -8.941E-17  7.711E-01
  3.600E+00  8.656E-01   6.447E+00 -4.810E-02 -1.080E-15 -2.013E-15  4.991E-02  2.425E-16 -7.701E-16  5.961E-02 -1.361E-15 -1.593E-01  4.012E-16  7.479E-01
  3.600E+00  7.554E-01   6.671E+00 -7.094E-02  5.690E-17 -9.553E-18  2.323E-02 -1.681E-16  1.322E-17  1.089E-01 -3.617E-17 -1.860E-01 -1.252E-16  7.062E-01
  3.600E+00  6.179E-01   6.717E+00 -1.112E-01  1.471E-16  6.658E-16 -3.645E-05 -4.639E-16  6.793E-17  1.420E-01  4.469E-17 -1.826E-01 -2.421E-16  6.479E-01
  3.600E+00  4.580E-01   6.708E+00 -1.845E-01  2.751E-16 -6.775E-16 -2.528E-02 -1.126E-16 -6.724E-16  1.636E-01  9.549E-16 -1.539E-01  1.782E-16  5.820E-01
  3.600E+00  2.816E-01   6.841E+00 -2.949E-01  4.482E-17 -1.445E-16 -6.073E-02 -1.686E-16  8.160E-17  1.837E-01 -1.041E-16 -1.076E-01 -2.675E-17  5.141E-01
  3.600E+00  9.501E-02   7.390E+00 -4.343E-01  1.435E-16  1.718E-16 -9.904E-02 -1.847E-16 -1.372E-17  1.988E-01  4.250E-16 -5.103E-02 -1.407E-16  4.326E-01
  3.600E+00 -9.501E-02   8.688E+00 -5.740E-01  1.436E-16  1.542E-16 -1.246E-01  3.829E-17  2.019E-16  1.988E-01  3.163E-16  5.327E-03 -1.238E-18  3.261E-01
  3.600E+00 -2.816E-01   1.090E+01 -6.679E-01 -4.984E-17  2.981E-17 -1.372E-01 -3.138E-17 -3.548E-17  1.901E-01  3.931E-17  4.973E-02 -6.956E-17  2.108E-01
  3.600E+00 -4.580E-01   1.365E+01 -6.885E-01 -6.126E-17 -1.197E-16 -1.499E-01 -2.899E-17  2.511E-16  1.888E-01  3.339E-16  7.720E-02 -2.349E-17  1.118E-01
  3.600E+00 -6.179E-01   1.596E+01 -6.342E-01  1.337E-16  3.781E-16 -1.691E-01  8.963E-16 -9.885E-17  2.005E-01  3.002E-16  8.869E-02 -4.286E-17  3.852E-02
  3.600E+00 -7.554E-01   1.677E+01 -5.074E-01 -1.120E-16  3.922E-16 -1.901E-01  1.058E-16 -4.104E-16  2.179E-01  9.024E-17  8.670E-02  5.050E-17 -9.703E-03
  3.600E+00 -8.656E-01   1.586E+01 -3.160E-01 -2.220E-17 -2.612E-15 -1.981E-01  1.068E-15 -1.616E-15  2.233E-01  2.909E-15  7.328E-02 -1.855E-16 -3.227E-02
  3.600E+00 -9.446E-01   1.441E+01 -1.175E-01  1.197E-17  1.770E-16 -1.676E-01  3.259E-16  8.876E-18  1.877E-01  6.254E-16  4.971E-02 -2.979E-17 -2.772E-02
  3.600E+00 -9.894E-01   1.372E+01 -1.485E-02 -7.410E-17  6.316E-16 -8.471E-02  2.756E-15  5.725E-16  9.459E-02  2.364E-15  2.125E-02 -1.528E-16 -8.906E-03
  3.700E+00  9.894E-01   6.512E+00 -5.714E-03 -8.095E-17 -2.067E-17  3.859E-02 -3.288E-17  1.082E-16 -1.011E-02 -8.214E-17 -4.684E-02  1.108E-16  8.016E-01
  3.700E+00  9.446E-01   6.775E+00 -2.387E-02  6.803E-17 -1.319E-17  5.866E-02  1.315E-16 -5.176E-17  5.198E-03  7.140E-17 -1.084E-01 -4.239E-17  7.864E-01
  3.700E+00  8.656E-01   7.020E+00 -4.323E-02  2.494E-15 -2.075E-15  4.464E-02  3.476E-15 -2.242E-15  5.048E-02 -3.290E-16 -1.616E-01  3.396E-15  7.544E-01
  3.700E+00  7.554E-01   7.084E+00 -6.814E-02  5.737E-17  4.774E-17  2.048E-02  1.519E-17  1.027E-16  9.786E-02  7.047E-17 -1.905E-01  1.329E-17  7.022E-01
  3.700E+00  6.179E-01   7.001E+00 -1.186E-01 -1.589E-17 -4.682E-17 -7.818E-04 -1.587E-16 -1.219E-16  1.304E-01  3.272E-16 -1.877E-01 -4.334E-17  6.321E-01
  3.700E+00  4.580E-01   6.941E+00 -2.095E-01  1.159E-16  1.655E-16 -2.578E-02 -7.959E-18  2.248E-16  1.528E-01  1.667E-16 -1.564E-01  2.247E-16  5.556E-01
  3.700E+00  2.816E-01   7.098E+00 -3.352E-01  4.215E-17  4.310E-17 -6.114E-02 -1.557E-17  3.974E-17  1.739E-01  1.709E-16 -1.060E-01 -1.083E-16  4.805E-01
  3.700E+00  9.501E-02   7.704E+00 -4.760E-01 -3.279E-16  2.025E-15 -9.614E-02 -8.158E-16  1.499E-15  1.875E-01  6.024E-17 -4.777E-02 -1.445E-16  3.956E-01
  3.700E+00 -9.501E-02   9.097E+00 -6.016E-01 -4.991E-17  8.372E-17 -1.153E-01  4.978E-16  9.427E-16  1.831E-01  4.630E-16  5.736E-03 -3.961E-17  2.894E-01
  3.700E+00 -2.816E-01   1.153E+01 -6.730E-01  4.734E-17  3.362E-16 -1.223E-01 -1.821E-16  3.756E-16  1.698E-01  2.027E-16  4.554E-02 -4.418E-17  1.783E-01
  3.700E+00 -4.580E-01   1.473E+01 -6.694E-01  9.043E-18 -2.883E-16 -1.327E-01  1.301E-16  8.321E-17  1.666E-01  5.992E-16  6.942E-02 -4.466E-17  8.654E-02
  3.700E+00 -6.179E-01   1.774E+01 -5.943E-01  5.474E-17 -3.557E-17 -1.523E-01 -3.698E-16 -1.247E-16  1.786E-01 -1.799E-17  7.839E-02 -4.478E-17  2.143E-02
  3.700E+00 -7.554E-01   1.934E+01 -4.560E-01 -1.750E-17 -1.243E-16 -1.736E-01 -1.704E-16 -4.523E-16  1.959E-01  2.410E-16  7.422E-02  2.308E-17 -1.924E-02
  3.700E+00 -8.656E-01   1.903E+01 -2.689E-01 -5.456E-16  7.319E-15 -1.797E-01 -2.567E-14 -1.447E-14  1.992E-01 -2.010E-14  5.954E-02  1.944E-15 -3.679E-02
  3.700E+00 -9.446E-01   1.785E+01 -9.147E-02  3.300E-17 -2.473E-16 -1.486E-01  2.763E-16 -4.763E-17  1.637E-01  3.563E-16  3.788E-02 -2.148E-17 -3.243E-02
  3.700E+00 -9.894E-01   1.726E+01 -9.677E-03 -3.193E-17  4.007E-17 -7.363E-02  1.781E-16 -3.743E-17  8.097E-02 -3.955E-16  1.535E-02 -1.326E-17 -1.758E-02
  3.800E+00  9.894E-01   7.336E+00 -4.783E-03  4.778E-17  1.418E-18  3.516E-02  6.323E-17  4.233E-17 -1.194E-02  7.618E-17 -4.754E-02 -5.661E-17  8.243E-01
  3.800E+00  9.446E-01   7.516E+00 -1.980E-02 -1.848E-17  1.148E-17  5.335E-02 -2.539E-17  7.382E-18  2.518E-04  2.631E-17 -1.098E-01 -6.804E-18  8.042E-01
  3.800E+00  8.656E-01   7.605E+00 -3.562E-02 -7.562E-17  1.292E-16  4.056E-02 -5.645E-17  1.124E-16  4.215E-02 -1.822E-16 -1.642E-01 -1.243E-16  7.646E-01
  3.800E+00  7.554E-01   7.472E+00 -6.036E-02 -9.289E-17 -4.178E-16  1.910E-02 -5.291E-16  1.063E-16  8.701E-02 -9.012E-16 -1.949E-01  2.411E-16  7.023E-01
  3.800E+00  6.179E-01   7.225E+00 -1.192E-01  4.552E-16 -2.652E-16  1.018E-04 -3.182E-16 -6.436E-16  1.184E-01  6.617E-16 -1.929E-01 -4.683E-15  6.203E-01
  3.800E+00  4.580E-01   7.098E+00 -2.274E-01  3.304E-17  1.664E-16 -2.443E-02 -1.748E-16  2.224E-16  1.414E-01  1.968E-16 -1.596E-01  1.261E-16  5.325E-01
  3.800E+00  2.816E-01   7.273E+00 -3.681E-01  3.413E-18 -2.012E-16 -5.992E-02  3.326E-17 -8.678E-17  1.638E-01  3.118E-16 -1.055E-01  1.763E-16  4.500E-01
  3.800E+00  9.501E-02   7.928E+00 -5.094E-01  1.158E-16 -6.121E-16 -9.331E-02  1.299E-16 -1.194E-15  1.776E-01 -2.901E-16 -4.548E-02 -1.071E-16  3.623E-01
  3.800E+00 -9.501E-02   9.394E+00 -6.199E-01  1.452E-16  5.549E-16 -1.091E-01  2.838E-16  2.728E-16  1.716E-01 -6.288E-16  6.133E-03  2.097E-16  2.570E-01
  3.800E+00 -2.816E-01   1.201E+01 -6.680E-01  8.330E-17  6.341E-16 -1.127E-01 -1.638E-16  5.043E-17  1.560E-01 -9.247E-17  4.221E-02 -2.255E-18  1.503E-01
  3.800E+00 -4.580E-01   1.567E+01 -6.408E-01  5.171E-17 -2.576E-16 -1.212E-01  1.098E-17  3.285E-17  1.512E-01 -5.298E-16  6.286E-02  1.279E-17  6.565E-02
  3.800E+00 -6.179E-01   1.947E+01 -5.476E-01 -1.117E-16  1.321E-15 -1.401E-01 -8.034E-15  2.767E-15  1.624E-01  7.258E-15  6.936E-02 -8.785E-16  8.623E-03
  3.800E+00 -7.554E-01   2.202E+01 -4.024E-01 -2.285E-19 -6.348E-16 -1.604E-01  7.851E-16 -1.394E-15  1.785E-01 -5.496E-16  6.313E-02  1.139E-16 -2.469E-02
  3.800E+00 -8.656E-01   2.250E+01 -2.245E-01  3.880E-17 -2.991E-16 -1.643E-01 -9.379E-17 -4.221E-16  1.796E-01 -2.688E-18  4.761E-02  2.043E-17 -3.753E-02
  3.800E+00 -9.446E-01   2.172E+01 -6.863E-02 -6.875E-18  2.049E-16 -1.325E-01  1.001E-16  2.166E-17  1.441E-01  2.794E-16  2.795E-02  1.134E-17 -3.324E-02
  3.800E+00 -9.894E-01   2.126E+01 -5.357E-03  1.968E-17  7.921E-17 -6.427E-02 -3.258E-16  2.149E-16  6.983E-02  5.020E-18  1.048E-02  2.391E-18 -2.172E-02
  3.900E+00  9.894E-01   8.204E+00 -3.875E-03  7.095E-17 -1.185E-16  3.225E-02  7.637E-17 -1.925E-16 -1.320E-02 -4.652E-18 -4.913E-02  4.507E-17  8.453E-01
  3.900E+00  9.446E-01   8.292E+00 -1.552E-02  3.239E-17 -1.444E-16  4.885E-02  6.756E-17 -1.490E-16 -3.632E-03 -4.098E-17 -1.126E-01 -1.547E-16  8.216E-01
  3.900E+00  8.656E-01   8.205E+00 -2.695E-02 -1.137E-17 -9.667E-17  3.720E-02 -9.461E-17  7.464E-19  3.492E-02 -3.662E-17 -1.676E-01  2.577E-16  7.758E-01
  3.900E+00  7.554E-01   7.847E+00 -4.964E-02 -1.223E-16  1.604E-16  1.835E-02 -3.241E-17  1.910E-16  7.688E-02 -5.538E-17 -1.993E-01 -1.794E-16  7.049E-01
  3.900E+00  6.179E-01   7.410E+00 -1.147E-01  2.613E-17  1.208E-16  1.795E-03  6.251E-17  7.004E-17  1.067E-01 -1.144E-16 -1.978E-01 -6.302E-17  6.114E-01
  3.900E+00  4.580E-01   7.199E+00 -2.387E-01  1.738E-17  1.150E-16 -2.182E-02 -3.167E-18  4.100E-17  1.298E-01  5.586E-17 -1.629E-01 -9.812E-17  5.120E-01
  3.900E+00  2.816E-01   7.386E+00 -3.938E-01 -2.124E-17  4.110E-16 -5.717E-02  6.010E-17  4.372E-16  1.531E-01 -1.728E-16 -1.055E-01  4.245E-17  4.221E-01
  3.900E+00  9.501E-02   8.089E+00 -5.351E-01  4.146E-17 -3.691E-17 -8.985E-02 -1.630E-16 -1.514E-16  1.679E-01  1.657E-17 -4.350E-02  1.549E-17  3.317E-01
  3.900E+00 -9.501E-02   9.618E+00 -6.303E-01  5.888E-17  2.034E-16 -1.047E-01 -4.858E-17  6.012E-17  1.627E-01 -6.542E-17  7.008E-03 -3.691E-17  2.280E-01
  3.900E+00 -2.816E-01   1.241E+01 -6.558E-01 -1.760E-17  3.048E-17 -1.068E-01 -2.548E-17  6.470E-17  1.465E-01  1.261E-16  4.012E-02 -9.323E-18  1.259E-01
  3.900E+00 -4.580E-01   1.653E+01 -6.072E-01 -5.804E-18  1.967E-16 -1.136E-01 -5.912E-17  1.763E-16  1.403E-01 -7.126E-17  5.781E-02  4.307E-17  4.839E-02
  3.900E+00 -6.179E-01   2.117E+01 -5.006E-01 -1.642E-17  4.772E-17 -1.309E-01  1.997E-18 -3.893E-16  1.499E-01  5.356E-17  6.189E-02  4.034E-17 -8.845E-04
  3.900E+00 -7.554E-01   2.481E+01 -3.543E-01 -1.624E-17  4.057E-16 -1.494E-01 -3.000E-16 -3.567E-16  1.644E-01 -4.595E-16  5.388E-02  1.775E-17 -2.746E-02
  3.900E+00 -8.656E-01   2.619E+01 -1.890E-01  3.074E-17  5.155E-17 -1.514E-01 -1.362E-16  9.670E-17  1.636E-01 -4.389E-16  3.797E-02  2.746E-17 -3.630E-02
  3.900E+00 -9.446E-01   2.581E+01 -5.224E-02  2.340E-17  2.834E-16 -1.197E-01  4.415E-16  2.452E-16  1.288E-01  3.548E-16  2.028E-02 -1.977E-17 -3.222E-02
  3.900E+00 -9.894E-01   2.544E+01 -2.382E-03  3.680E-17 -3.259E-16 -5.689E-02  9.665E-16  3.894E-16  6.126E-02  6.842E-16  6.799E-03  6.996E-17 -2.345E-02
  4.000E+00  9.894E-01   9.103E+00 -3.062E-03  6.582E-18  1.603E-17  2.980E-02  2.269E-17 -2.738E-17 -1.403E-02  1.855E-17 -5.145E-02 -1.309E-17  8.631E-01
  4.000E+00  9.446E-01   9.092E+00 -1.145E-02  7.341E-17  1.003E-16  4.503E-02  1.119E-16  4.233E-17 -6.575E-03  1.465E-16 -1.167E-01 -1.626E-16  8.367E-01
  4.000E+00  8.656E-01   8.815E+00 -1.828E-02 -1.097E-16 -2.035E-16  3.430E-02 -3.220E-18 -7.032E-17  2.887E-02 -1.274E-16 -1.720E-01  3.125E-17  7.863E-01
  4.000E+00  7.554E-01   8.215E+00 -3.772E-02 -2.037E-17 -8.798E-17  1.775E-02 -6.875E-17  7.348E-17  6.780E-02 -2.974E-17 -2.037E-01  2.578E-19  7.082E-01
  4.000E+00  6.179E-01   7.571E+00 -1.068E-01 -9.290E-17 -9.983E-17  3.669E-03  3.118E-16 -2.716E-16  9.558E-02 -1.009E-16 -2.020E-01  1.957E-16  6.043E-01
  4.000E+00  4.580E-01   7.262E+00 -2.449E-01 -1.299E-16 -2.701E-16 -1.854E-02 -1.007E-16 -1.148E-16  1.181E-01 -2.457E-16 -1.657E-01  6.363E-17  4.936E-01
  4.000E+00  2.816E-01   7.454E+00 -4.132E-01 -9.970E-17  1.949E-16 -5.321E-02 -7.654E-17  2.970E-16  1.420E-01 -6.830E-17 -1.054E-01  1.382E-16  3.962E-01
  4.000E+00  9.501E-02   8.205E+00 -5.541E-01 -9.585E-17 -4.151E-16 -8.554E-02 -1.192E-16 -4.035E-16  1.581E-01  1.422E-17 -4.152E-02 -1.338E-16  3.037E-01
  4.000E+00 -9.501E-02   9.795E+00 -6.349E-01 -2.787E-17  4.771E-17 -1.010E-01  2.925E-16 -6.209E-17  1.551E-01  6.591E-17  8.546E-03  2.456E-17  2.019E-01
  4.000E+00 -2.816E-01   1.274E+01 -6.396E-01 -1.504E-17  1.036E-19 -1.032E-01  1.015E-16 -3.911E-17  1.399E-01  2.262E-17  3.937E-02 -6.750E-18  1.047E-01
  4.000E+00 -4.580E-01   1.731E+01 -5.732E-01 -2.904E-17 -7.777E-18 -1.086E-01 -3.439E-16  1.623E-16  1.326E-01 -9.006E-18  5.438E-02 -8.997E-17  3.422E-02
  4.000E+00 -6.179E-01   2.285E+01 -4.584E-01 -2.465E-17 -1.010E-15 -1.234E-01  1.986E-16 -1.094E-16  1.400E-01  1.014E-15  5.611E-02 -6.243E-17 -7.882E-03
  4.000E+00 -7.554E-01   2.765E+01 -3.162E-01 -1.493E-17 -3.227E-16 -1.400E-01 -5.213E-16 -2.623E-16  1.525E-01 -5.997E-17  4.658E-02 -1.350E-17 -2.860E-02
  4.000E+00 -8.656E-01   2.997E+01 -1.647E-01 -4.097E-17  3.345E-16 -1.408E-01 -6.016E-16  1.263E-16  1.508E-01 -1.986E-16  3.063E-02  1.770E-17 -3.431E-02
  4.000E+00 -9.446E-01   2.990E+01 -4.282E-02 -4.554E-18  4.915E-17 -1.098E-01 -2.458E-16 -2.729E-16  1.172E-01  1.244E-16  1.468E-02  3.162E-17 -3.062E-02
  4.000E+00 -9.894E-01   2.946E+01 -7.199E-04 -2.104E-17 -1.378E-16 -5.133E-02 -1.036E-16 -9.142E-17  5.491E-02 -6.605E-17  4.164E-03  7.621E-18 -2.411E-02
  4.100E+00  9.894E-01   1.002E+01 -2.351E-03 -1.367E-16 -1.339E-17  2.778E-02 -2.614E-16 -1.280E-16 -1.455E-02 -2.062E-16 -5.429E-02  8.650E-17  8.773E-01
  4.100E+00  9.446E-01   9.904E+00 -7.752E-03  3.139E-17 -5.430E-17  4.178E-02  1.216E-18 -2.593E-17 -8.743E-03  3.438E-17 -1.217E-01 -2.888E-17  8.488E-01
  4.100E+00  8.656E-01   9.431E+00 -1.022E-02  1.358E-17  7.103E-17  3.172E-02  7.745E-17 -2.320E-17  2.397E-02  1.196E-16 -1.772E-01 -1.917E-16  7.949E-01
  4.100E+00  7.554E-01   8.578E+00 -2.590E-02 -4.380E-17 -1.919E-17  1.707E-02 -2.762E-17  6.146E-17  5.993E-02 -3.064E-17 -2.082E-01  1.123E-17  7.112E-01
  4.100E+00  6.179E-01   7.718E+00 -9.737E-02  9.452E-17  1.675E-16  5.283E-03  2.195E-16  2.915E-18  8.542E-02  9.682E-17 -2.056E-01  7.327E-17  5.982E-01
  4.100E+00  4.580E-01   7.300E+00 -2.474E-01  5.518E-17 -2.325E-16 -1.516E-02 -7.616E-17 -1.895E-16  1.070E-01 -3.038E-19 -1.676E-01 -4.191E-17  4.769E-01
  4.100E+00  2.816E-01   7.488E+00 -4.274E-01  1.506E-16  2.521E-17 -4.855E-02  1.249E-16 -1.659E-16  1.308E-01  1.290E-17 -1.050E-01 -1.140E-17  3.723E-01
  4.100E+00  9.501E-02   8.285E+00 -5.680E-01  6.475E-17  3.049E-16 -8.048E-02 -9.600E-17  4.621E-16  1.481E-01  3.257E-16 -3.937E-02  3.096E-17  2.779E-01
  4.100E+00 -9.501E-02   9.936E+00 -6.358E-01  1.992E-17 -9.630E-17 -9.746E-02  2.986E-17 -5.046E-17  1.482E-01  8.178E-17  1.073E-02  1.083E-19  1.785E-01
  4.100E+00 -2.816E-01   1.304E+01 -6.223E-01  5.153E-17  8.571E-18 -1.011E-01 -2.439E-16 -1.461E-16  1.353E-01  4.968E-17  3.991E-02  3.553E-18  8.661E-02
  4.100E+00 -4.580E-01   1.804E+01 -5.420E-01 -7.348E-18  8.373E-17 -1.052E-01  1.119E-18 -2.899E-16  1.271E-01 -4.049E-16  5.250E-02  7.588E-17  2.275E-02
  4.100E+00 -6.179E-01   2.447E+01 -4.239E-01  8.482E-17  5.082E-16 -1.173E-01 -7.362E-18  1.058E-17  1.319E-01  1.878E-16  5.196E-02  6.055E-17 -1.299E-02
  4.100E+00 -7.554E-01   3.046E+01 -2.888E-01  2.602E-17 -3.908E-16 -1.319E-01 -1.302E-16 -1.952E-16  1.426E-01  3.207E-16  4.111E-02 -1.097E-17 -2.886E-02
  4.100E+00 -8.656E-01   3.371E+01 -1.506E-01 -1.456E-17  4.131E-16 -1.322E-01 -5.019E-16  5.699E-16  1.406E-01  9.269E-17  2.528E-02 -4.460E-17 -3.225E-02
  4.100E+00 -9.446E-01   3.382E+01 -3.911E-02 -3.565E-17  7.547E-17 -1.026E-01  4.528E-16  2.701E-16  1.088E-01  2.788E-16  1.076E-02 -1.472E-17 -2.904E-02
  4.100E+00 -9.894E-01   3.312E+01 -6.083E-05 -1.437E-17 -2.261E-15 -4.727E-02  4.447E-16 -2.424E-15  5.031E-02  1.004E-16  2.348E-03  4.174E-17 -2.441E-02
  4.200E+00  9.894E-01   1.094E+01 -1.718E-03 -9.722E-17  4.844E-17  2.613E-02 -5.046E-17 -1.735E-17 -1.488E-02 -1.018E-16 -5.742E-02 -3.509E-18  8.881E-01
  4.200E+00  9.446E-01   1.072E+01 -4.437E-03  1.597E-16  4.435E-17  3.905E-02  1.049E-16  3.240E-17 -1.030E-02  3.362E-16 -1.274E-01  7.360E-16  8.580E-01
  4.200E+00  8.656E-01   1.004E+01 -3.027E-03 -1.575E-17 -4.051E-16  2.940E-02 -1.403E-16 -3.139E-16  2.008E-02 -1.624E-16 -1.831E-01  9.391E-17  8.013E-01
  4.200E+00  7.554E-01   8.935E+00 -1.509E-02 -1.269E-16  3.645E-17  1.621E-02 -1.735E-16  1.621E-16  5.329E-02 -9.533E-17 -2.128E-01  2.001E-17  7.131E-01
  4.200E+00  6.179E-01   7.856E+00 -8.787E-02 -6.231E-17 -3.936E-17  6.380E-03 -8.449E-17  3.489E-17  7.645E-02 -1.582E-16 -2.085E-01 -7.526E-17  5.926E-01
  4.200E+00  4.580E-01   7.321E+00 -2.478E-01  9.597E-18 -1.470E-16 -1.215E-02 -5.004E-17 -3.596E-16  9.670E-02 -1.486E-16 -1.687E-01 -2.197E-16  4.617E-01
  4.200E+00  2.816E-01   7.495E+00 -4.378E-01  4.968E-17 -7.929E-19 -4.370E-02  4.997E-17  1.836E-16  1.200E-01  1.612E-16 -1.040E-01  1.010E-17  3.505E-01
  4.200E+00  9.501E-02   8.332E+00 -5.780E-01 -2.455E-17 -2.833E-17 -7.489E-02 -9.070E-17  1.988E-16  1.381E-01  2.991E-16 -3.701E-02 -3.184E-17  2.545E-01
  4.200E+00 -9.501E-02   1.005E+01 -6.347E-01  4.958E-17 -9.614E-17 -9.385E-02 -5.269E-17 -3.294E-16  1.415E-01  3.042E-17  1.344E-02 -3.634E-17  1.578E-01
  4.200E+00 -2.816E-01   1.329E+01 -6.060E-01  4.871E-17  3.305E-17 -9.980E-02 -1.047E-16  2.728E-16  1.318E-01  3.256E-17  4.154E-02 -1.674E-17  7.133E-02
  4.200E+00 -4.580E-01   1.870E+01 -5.154E-01 -3.551E-17  1.435E-15 -1.030E-01 -4.066E-16  1.208E-15  1.231E-01  2.849E-16  5.200E-02  3.737E-17  1.360E-02
  4.200E+00 -6.179E-01   2.600E+01 -3.973E-01 -7.348E-18 -1.468E-16 -1.124E-01  3.169E-17 -2.362E-16  1.254E-01 -4.173E-16  4.926E-02  3.058E-17 -1.671E-02
  4.200E+00 -7.554E-01   3.318E+01 -2.707E-01 -5.111E-18 -2.249E-16 -1.251E-01 -1.356E-16  8.064E-17  1.344E-01  4.510E-16  3.721E-02 -2.703E-17 -2.872E-02
  4.200E+00 -8.656E-01   3.730E+01 -1.441E-01  2.965E-17 -2.897E-16 -1.254E-01 -2.319E-15 -5.729E-16  1.327E-01 -4.053E-17  2.154E-02  7.003E-17 -3.043E-02
  4.200E+00 -9.446E-01   3.745E+01 -3.926E-02  2.429E-17  1.009E-15 -9.726E-02  3.838E-16  5.074E-16  1.027E-01  1.370E-15  8.127E-03 -1.140E-16 -2.774E-02
  4.200E+00 -9.894E-01   3.633E+01 -3.149E-05 -1.789E-17  2.018E-16 -4.432E-02 -1.919E-16  3.590E-16  4.700E-02 -3.725E-16  1.149E-03  4.871E-17 -2.465E-02
  4.300E+00  9.894E-01   1.186E+01 -1.134E-03  2.026E-16  8.028E-16  2.481E-02  2.461E-17  7.447E-16 -1.507E-02  2.793E-16 -6.069E-02  4.279E-16  8.961E-01
  4.300E+00  9.446E-01   1.153E+01 -1.457E-03  1.450E-16 -2.639E-16  3.675E-02 -5.253E-17 -5.441E-18 -1.140E-02 -9.974E-17 -1.335E-01  3.045E-16  8.647E-01
  4.300E+00  8.656E-01   1.064E+01  3.240E-03  6.936E-17  7.467E-17  2.734E-02  3.556E-17 -3.857E-17  1.703E-02  5.880E-17 -1.895E-01  8.767E-17  8.057E-01
  4.300E+00  7.554E-01   9.280E+00 -5.764E-03 -3.381E-17 -1.191E-16  1.518E-02 -3.067E-16  8.072E-17  4.778E-02 -3.164E-16 -2.175E-01 -7.397E-17  7.138E-01
  4.300E+00  6.179E-01   7.984E+00 -7.942E-02 -8.998E-17 -1.757E-16  6.859E-03 -3.156E-18  1.487E-17  6.875E-02 -3.840E-17 -2.109E-01  1.472E-16  5.870E-01
  4.300E+00  4.580E-01   7.331E+00 -2.472E-01  2.014E-16  1.402E-16 -9.831E-03  3.339E-16 -1.216E-16  8.759E-02  3.376E-16 -1.689E-01  4.712E-17  4.480E-01
  4.300E+00  2.816E-01   7.479E+00 -4.454E-01 -1.021E-16 -2.047E-16 -3.907E-02 -7.286E-16 -3.603E-16  1.099E-01  2.726E-16 -1.024E-01 -3.120E-16  3.309E-01
  4.300E+00  9.501E-02   8.347E+00 -5.854E-01 -2.151E-16  3.223E-15 -6.903E-02  4.375E-16  1.327E-15  1.284E-01  1.288E-15 -3.438E-02  1.996E-16  2.334E-01
  4.300E+00 -9.501E-02   1.012E+01 -6.331E-01 -5.618E-17  7.267E-17 -8.998E-02 -8.029E-16 -1.990E-15  1.350E-01  5.882E-16  1.651E-02 -1.438E-16  1.396E-01
  4.300E+00 -2.816E-01   1.350E+01 -5.921E-01 -2.880E-17  7.676E-16 -9.890E-02 -6.222E-16  1.076E-15  1.291E-01  1.009E-15  4.401E-02 -1.921E-17  5.867E-02
  4.300E+00 -4.580E-01   1.929E+01 -4.942E-01  9.637E-17  8.368E-17 -1.016E-01 -1.107E-16  2.511E-16  1.203E-01 -8.346E-17  5.265E-02 -9.439E-18  6.439E-03
  4.300E+00 -6.179E-01   2.741E+01 -3.778E-01 -5.139E-18 -3.901E-16 -1.083E-01 -7.397E-16 -1.607E-16  1.201E-01  7.136E-16  4.780E-02 -3.372E-16 -1.942E-02
  4.300E+00 -7.554E-01   3.573E+01 -2.598E-01  4.090E-18 -2.671E-16 -1.193E-01  7.766E-16 -3.097E-16  1.276E-01 -2.887E-17  3.459E-02 -1.215E-17 -2.843E-02
  4.300E+00 -8.656E-01   4.067E+01 -1.423E-01 -1.982E-17  5.064E-17 -1.199E-01  6.887E-16 -3.983E-16  1.264E-01  1.763E-17  1.903E-02  6.353E-17 -2.899E-02
  4.300E+00 -9.446E-01   4.076E+01 -4.154E-02 -5.732E-18 -8.668E-16 -9.337E-02  9.354E-16 -5.116E-16  9.821E-02  5.744E-17  6.447E-03  3.616E-17 -2.679E-02
  4.300E+00 -9.894E-01   3.911E+01 -3.272E-04 -4.799E-17 -2.540E-16 -4.217E-02  3.689E-15  3.393E-16  4.460E-02  1.937E-15  4.121E-04 -3.970E-17 -2.497E-02
  4.400E+00  9.894E-01   1.278E+01 -5.731E-04  1.362E-16  2.636E-16  2.375E-02  1.901E-16  9.575E-18 -1.518E-02  4.332E-16 -6.398E-02  9.126E-16  9.019E-01
  4.400E+00  9.446E-01   1.232E+01  1.261E-03  9.911E-17 -3.557E-17  3.484E-02  1.066E-16  2.326E-16 -1.215E-02  1.045E-16 -1.397E-01  7.236E-16  8.693E-01
  4.400E+00  8.656E-01   1.122E+01  8.666E-03 -6.933E-17  3.679E-17  2.553E-02 -6.842E-17  5.036E-17  1.466E-02  6.316E-17 -1.962E-01  2.174E-17  8.082E-01
  4.400E+00  7.554E-01   9.608E+00  1.908E-03  2.382E-16  1.093E-16  1.406E-02  1.126E-16  1.372E-17  4.327E-02  6.464E-17 -2.223E-01 -5.751E-17  7.132E-01
  4.400E+00  6.179E-01   8.103E+00 -7.271E-02  1.586E-16  9.005E-17  6.736E-03  2.915E-17  5.103E-17  6.230E-02  2.041E-16 -2.128E-01  1.086E-17  5.813E-01
  4.400E+00  4.580E-01   7.332E+00 -2.467E-01  9.676E-17  2.474E-16 -8.353E-03  1.925E-17 -1.549E-16  7.979E-02  1.546E-18 -1.681E-01 -2.681E-16  4.356E-01
  4.400E+00  2.816E-01   7.443E+00 -4.511E-01 -1.758E-16 -7.179E-16 -3.496E-02  6.056E-17 -6.220E-16  1.009E-01 -4.404E-16 -1.001E-01 -7.782E-17  3.134E-01
  4.400E+00  9.501E-02   8.331E+00 -5.910E-01  1.391E-17  5.490E-18 -6.312E-02  8.543E-17 -4.055E-18  1.190E-01  2.581E-16 -3.144E-02 -8.326E-18  2.144E-01
  4.400E+00 -9.501E-02   1.017E+01 -6.319E-01  4.930E-18 -2.182E-16 -8.579E-02 -1.045E-16 -7.505E-17  1.285E-01  1.191E-16  1.976E-02 -6.610E-17  1.237E-01
  4.400E+00 -2.816E-01   1.366E+01 -5.814E-01  4.766E-18 -2.218E-16 -9.811E-02  3.440E-16 -5.258E-16  1.268E-01 -1.541E-16  4.702E-02 -1.310E-17  4.835E-02
  4.400E+00 -4.580E-01   1.980E+01 -4.782E-01  1.312E-17  1.191E-15 -1.008E-01 -2.804E-16  1.111E-15  1.184E-01  2.056E-16  5.417E-02  8.861E-17  9.371E-04
  4.400E+00 -6.179E-01   2.866E+01 -3.642E-01  2.278E-17  2.103E-17 -1.050E-01  7.121E-17  1.568E-17  1.160E-01 -1.784E-17  4.733E-02  1.160E-17 -2.139E-02
  4.400E+00 -7.554E-01   3.808E+01 -2.538E-01  1.454E-16  5.287E-16 -1.144E-01 -3.411E-16  1.518E-16  1.220E-01 -4.969E-16  3.298E-02  1.899E-16 -2.817E-02
  4.400E+00 -8.656E-01   4.379E+01 -1.433E-01  1.440E-17  1.508E-16 -1.155E-01  4.201E-16  9.827E-17  1.213E-01  3.397E-16  1.744E-02  3.482E-19 -2.793E-02
  4.400E+00 -9.446E-01   4.380E+01 -4.465E-02  5.638E-18  1.639E-17 -9.045E-02 -6.574E-15 -4.259E-15  9.488E-02 -4.919E-15  5.463E-03  2.582E-16 -2.617E-02
  4.400E+00 -9.894E-01   4.157E+01 -7.598E-04 -2.606E-17 -4.359E-15 -4.058E-02 -1.172E-15  8.134E-16  4.284E-02  4.610E-15  2.041E-05 -9.029E-16 -2.537E-02
  4.500E+00  9.894E-01   1.367E+01 -1.235E-05 -2.916E-18 -5.278E-18  2.290E-02  2.454E-17  1.983E-17 -1.523E-02  2.746E-17 -6.721E-02  8.546E-17  9.061E-01
  4.500E+00  9.446E-01   1.308E+01  3.790E-03 -5.125E-18  5.942E-17  3.325E-02 -5.274E-17  1.811E-16 -1.264E-02  3.500E-17 -1.459E-01 -5.332E-17  8.724E-01
  4.500E+00  8.656E-01   1.178E+01  1.338E-02 -3.461E-17 -2.374E-18  2.397E-02 -6.323E-17  2.817E-18  1.283E-02 -6.624E-17 -2.030E-01 -2.824E-17  8.092E-01
  4.500E+00  7.554E-01   9.913E+00  7.959E-03  1.193E-16 -1.983E-16  1.290E-02  2.399E-16 -1.321E-16  3.959E-02 -1.374E-16 -2.271E-01  2.065E-16  7.114E-01
  4.500E+00  6.179E-01   8.210E+00 -6.811E-02 -4.809E-16 -1.667E-15  6.094E-03 -1.733E-15  4.719E-16  5.699E-02 -1.420E-15 -2.142E-01  2.789E-15  5.753E-01
  4.500E+00  4.580E-01   7.327E+00 -2.471E-01  9.110E-17  5.521E-17 -7.745E-03  5.677E-16  2.234E-16  7.331E-02 -3.954E-16 -1.664E-01  1.156E-16  4.243E-01
  4.500E+00  2.816E-01   7.391E+00 -4.556E-01 -3.098E-17 -7.424E-17 -3.154E-02  5.139E-16  4.798E-16  9.289E-02 -2.791E-16 -9.688E-02  8.008E-18  2.978E-01
  4.500E+00  9.501E-02   8.286E+00 -5.955E-01 -5.160E-18 -4.960E-16 -5.735E-02  3.754E-16 -2.010E-16  1.101E-01 -2.915E-16 -2.813E-02  2.424E-17  1.974E-01
  4.500E+00 -9.501E-02   1.018E+01 -6.316E-01 -1.323E-16 -4.998E-16 -8.129E-02  1.109E-16 -4.488E-16  1.220E-01 -8.280E-16  2.306E-02  3.578E-17  1.098E-01
  4.500E+00 -2.816E-01   1.379E+01 -5.741E-01  2.878E-17 -1.139E-15 -9.722E-02 -3.331E-16 -1.068E-15  1.247E-01 -6.153E-16  5.032E-02  2.781E-18  4.006E-02
  4.500E+00 -4.580E-01   2.021E+01 -4.673E-01 -1.619E-17  9.146E-17 -1.003E-01 -1.593E-16 -4.594E-16  1.170E-01 -4.849E-16  5.633E-02  8.664E-17 -3.193E-03
  4.500E+00 -6.179E-01   2.975E+01 -3.553E-01  4.837E-16  2.971E-15 -1.024E-01 -2.895E-15 -2.658E-15  1.126E-01 -1.654E-16  4.764E-02  9.691E-16 -2.281E-02
  4.500E+00 -7.554E-01   4.021E+01 -2.510E-01  2.183E-17  7.023E-16 -1.102E-01  1.479E-16  7.439E-16  1.172E-01 -2.802E-16  3.214E-02 -6.427E-18 -2.798E-02
  4.500E+00 -8.656E-01   4.667E+01 -1.455E-01 -1.854E-17 -2.164E-17 -1.118E-01  1.083E-16 -6.452E-17  1.172E-01  1.941E-17  1.654E-02  1.441E-17 -2.721E-02
  4.500E+00 -9.446E-01   4.661E+01 -4.776E-02 -6.163E-18  1.359E-15 -8.816E-02  1.103E-16  1.576E-15  9.229E-02  9.455E-17  4.981E-03  1.059E-17 -2.583E-02
  4.500E+00 -9.894E-01   4.385E+01 -1.241E-03 -2.567E-17  9.017E-16 -3.937E-02 -4.302E-16  9.456E-16  4.150E-02  1.969E-16 -1.161E-04 -6.950E-17 -2.584E-02
  4.600E+00  9.894E-01   1.454E+01  5.624E-04  9.074E-17 -3.802E-17  2.222E-02  1.253E-16 -7.720E-17 -1.522E-02  1.240E-16 -7.034E-02 -7.163E-17  9.092E-01
  4.600E+00  9.446E-01   1.382E+01  6.196E-03 -2.752E-15 -7.175E-17  3.193E-02 -5.672E-15  1.172E-15 -1.293E-02 -4.095E-15 -1.520E-01  1.180E-15  8.743E-01
  4.600E+00  8.656E-01   1.229E+01  1.753E-02 -2.143E-16 -6.403E-17  2.264E-02  1.792E-17  3.229E-17  1.141E-02 -1.549E-16 -2.098E-01 -5.814E-17  8.089E-01
  4.600E+00  7.554E-01   1.019E+01  1.253E-02  5.470E-17 -6.054E-17  1.177E-02  6.808E-17  1.032E-16  3.657E-02  7.955E-17 -2.319E-01 -7.152E-17  7.085E-01
  4.600E+00  6.179E-01   8.305E+00 -6.573E-02  1.170E-16 -1.347E-16  5.055E-03  2.644E-16  3.426E-17  5.266E-02  5.076E-16 -2.152E-01  3.016E-16  5.688E-01
  4.600E+00  4.580E-01   7.317E+00 -2.487E-01  2.786E-16  5.928E-16 -7.936E-03  5.369E-16  4.535E-16  6.805E-02  5.375E-16 -1.636E-01  1.169E-16  4.139E-01
  4.600E+00  2.816E-01   7.329E+00 -4.595E-01 -4.745E-18 -6.933E-16 -2.888E-02  3.773E-16 -1.215E-16  8.600E-02 -9.908E-16 -9.270E-02  1.683E-16  2.839E-01
  4.600E+00  9.501E-02   8.218E+00 -5.991E-01 -1.863E-16 -3.728E-16 -5.182E-02 -4.254E-16 -4.519E-16  1.018E-01  3.070E-16 -2.440E-02 -3.338E-16  1.821E-01
  4.600E+00 -9.501E-02   1.016E+01 -6.325E-01 -1.345E-16  3.022E-15 -7.654E-02  4.887E-15  4.456E-15  1.155E-01 -3.487E-15  2.628E-02  1.478E-15  9.760E-02
  4.600E+00 -2.816E-01   1.386E+01 -5.704E-01  7.123E-17 -2.258E-16 -9.608E-02 -3.736E-17 -2.867E-16  1.225E-01  3.923E-18  5.368E-02 -8.246E-17  3.348E-02
  4.600E+00 -4.580E-01   2.055E+01 -4.609E-01 -2.687E-17 -4.599E-17 -1.001E-01 -6.122E-16  3.046E-16  1.161E-01 -1.564E-16  5.892E-02 -4.724E-17 -6.204E-03
  4.600E+00 -6.179E-01   3.068E+01 -3.500E-01  5.760E-17  1.343E-17 -1.003E-01 -1.133E-15  5.803E-16  1.100E-01 -9.919E-17  4.855E-02 -3.777E-17 -2.383E-02
  4.600E+00 -7.554E-01   4.210E+01 -2.502E-01 -2.047E-17 -6.324E-17 -1.067E-01 -5.684E-17 -1.283E-16  1.133E-01  5.432E-17  3.191E-02  2.142E-17 -2.791E-02
  4.600E+00 -8.656E-01   4.935E+01 -1.481E-01 -3.051E-16 -1.025E-16 -1.086E-01 -1.076E-15 -2.138E-16  1.137E-01  9.123E-16  1.613E-02  7.642E-18 -2.680E-02
  4.600E+00 -9.446E-01   4.927E+01 -5.040E-02 -5.518E-16 -5.485E-15 -8.626E-02  8.759E-15 -5.409E-15  9.017E-02 -1.668E-14  4.853E-03  3.232E-15 -2.573E-02
  4.600E+00 -9.894E-01   4.603E+01 -1.734E-03  2.219E-17  2.775E-16 -3.843E-02  5.762E-17  2.110E-18  4.047E-02  1.835E-16 -7.151E-05 -1.921E-17 -2.636E-02
  4.700E+00  9.894E-01   1.539E+01  1.159E-03 -6.441E-17 -2.851E-17  2.165E-02 -5.309E-17 -5.406E-17 -1.515E-02 -9.528E-17 -7.332E-02 -2.279E-16  9.115E-01
  4.700E+00  9.446E-01   1.453E+01  8.532E-03  6.294E-19 -1.557E-17  3.082E-02  5.672E-17 -3.224E-18 -1.306E-02  1.037E-17 -1.579E-01  3.453E-17  8.754E-01
  4.700E+00  8.656E-01   1.278E+01  2.125E-02 -8.833E-17 -2.074E-17  2.152E-02  6.338E-17  5.203E-17  1.031E-02 -5.270E-17 -2.165E-01  2.622E-16  8.077E-01
  4.700E+00  7.554E-01   1.044E+01  1.581E-02 -2.055E-16 -1.312E-15  1.073E-02  4.400E-16 -7.203E-16  3.408E-02 -2.436E-15 -2.366E-01 -1.984E-15  7.045E-01
  4.700E+00  6.179E-01   8.386E+00 -6.554E-02  7.069E-18 -1.014E-16  3.745E-03 -5.585E-17 -4.747E-17  4.914E-02  1.168E-16 -2.157E-01 -3.270E-18  5.618E-01
  4.700E+00  4.580E-01   7.306E+00 -2.518E-01 -5.337E-17 -4.669E-16 -8.789E-03 -1.377E-15 -1.044E-15  6.384E-02  3.114E-16 -1.600E-01  5.856E-16  4.042E-01
  4.700E+00  2.816E-01   7.261E+00 -4.630E-01 -8.232E-17  7.408E-16 -2.696E-02  4.341E-16  8.215E-16  8.013E-02  6.656E-16 -8.756E-02  3.922E-17  2.716E-01
  4.700E+00  9.501E-02   8.132E+00 -6.021E-01  1.190E-16  4.272E-15 -4.664E-02 -2.259E-15  2.594E-15  9.412E-02 -4.396E-15 -2.021E-02 -4.750E-16  1.683E-01
  4.700E+00 -9.501E-02   1.011E+01 -6.346E-01  1.332E-16  3.792E-15 -7.161E-02 -1.103E-15 -9.745E-18  1.091E-01 -3.403E-15  2.935E-02  1.781E-16  8.691E-02
  4.700E+00 -2.816E-01   1.390E+01 -5.700E-01 -3.939E-17  6.378E-16 -9.461E-02  4.017E-16  6.803E-16  1.202E-01  7.086E-16  5.691E-02 -6.134E-17  2.831E-02
  4.700E+00 -4.580E-01   2.079E+01 -4.585E-01  3.300E-17  2.716E-15 -9.992E-02 -9.973E-16 -1.410E-15  1.154E-01 -2.197E-15  6.176E-02 -4.520E-17 -8.310E-03
  4.700E+00 -6.179E-01   3.145E+01 -3.477E-01 -5.391E-17 -1.862E-16 -9.858E-02 -8.571E-18  3.436E-17  1.079E-01 -1.145E-16  4.991E-02 -2.542E-17 -2.454E-02
  4.700E+00 -7.554E-01   4.377E+01 -2.506E-01 -6.143E-17 -1.086E-14 -1.035E-01  7.991E-16  9.112E-15  1.098E-01  3.799E-15  3.214E-02  2.098E-16 -2.795E-02
  4.700E+00 -8.656E-01   5.184E+01 -1.506E-01 -1.406E-16 -1.095E-16 -1.058E-01  4.930E-16 -2.626E-16  1.107E-01  4.046E-16  1.608E-02  1.126E-17 -2.662E-02
  4.700E+00 -9.446E-01   5.182E+01 -5.243E-02 -5.393E-18 -4.733E-16 -8.462E-02 -4.972E-16 -2.476E-16  8.835E-02 -9.483E-16  4.966E-03  4.791E-17 -2.579E-02
  4.700E+00 -9.894E-01   4.820E+01 -2.207E-03 -4.037E-17 -8.850E-16 -3.766E-02  1.037E-15 -1.036E-15  3.963E-02  6.829E-17  9.281E-05  5.888E-17 -2.690E-02
  4.800E+00  9.894E-01   1.621E+01  1.781E-03 -6.238E-18 -8.600E-17  2.117E-02 -9.014E-18 -4.703E-17 -1.504E-02 -1.457E-17 -7.616E-02  4.762E-17  9.133E-01
  4.800E+00  9.446E-01   1.520E+01  1.083E-02 -9.114E-18 -1.705E-17  2.989E-02 -1.550E-16  3.737E-17 -1.306E-02  1.273E-16 -1.636E-01  2.985E-16  8.758E-01
  4.800E+00  8.656E-01   1.322E+01  2.464E-02  3.767E-17 -6.305E-17  2.059E-02  5.000E-17 -7.736E-17  9.464E-03  6.239E-17 -2.230E-01  2.292E-18  8.057E-01
  4.800E+00  7.554E-01   1.066E+01  1.799E-02 -4.389E-18  1.436E-16  9.787E-03 -1.213E-15 -6.578E-16  3.199E-02 -2.963E-16 -2.412E-01 -9.601E-17  6.997E-01
  4.800E+00  6.179E-01   8.454E+00 -6.740E-02 -4.567E-16 -5.531E-16  2.289E-03  3.069E-17 -6.323E-17  4.626E-02 -1.235E-16 -2.158E-01 -4.370E-16  5.541E-01
  4.800E+00  4.580E-01   7.294E+00 -2.566E-01  3.067E-17  6.633E-16 -1.013E-02 -2.361E-16  9.572E-17  6.049E-02  6.710E-16 -1.555E-01 -9.329E-17  3.947E-01
  4.800E+00  2.816E-01   7.193E+00 -4.665E-01 -5.251E-17 -6.077E-17 -2.571E-02 -3.427E-16 -5.975E-17  7.517E-02 -4.917E-16 -8.146E-02 -2.410E-16  2.604E-01
  4.800E+00  9.501E-02   8.033E+00 -6.047E-01  8.789E-18 -9.556E-16 -4.188E-02 -6.803E-16 -8.143E-16  8.702E-02 -6.310E-16 -1.556E-02 -4.327E-17  1.557E-01
  4.800E+00 -9.501E-02   1.004E+01 -6.378E-01  1.788E-17 -1.339E-15 -6.661E-02  4.758E-17 -7.987E-16  1.027E-01 -7.761E-16  3.223E-02 -2.021E-17  7.745E-02
  4.800E+00 -2.816E-01   1.389E+01 -5.728E-01 -6.020E-17 -3.348E-17 -9.279E-02  1.423E-16 -6.085E-16  1.177E-01  1.575E-15  5.988E-02  4.593E-18  2.428E-02
  4.800E+00 -4.580E-01   2.095E+01 -4.595E-01 -2.253E-17  5.377E-16 -9.978E-02  6.950E-17  6.371E-16  1.149E-01  3.447E-16  6.474E-02 -6.914E-18 -9.693E-03
  4.800E+00 -6.179E-01   3.208E+01 -3.479E-01  3.543E-17 -2.569E-16 -9.718E-02  9.320E-16  3.768E-16  1.063E-01  2.159E-16  5.161E-02  1.771E-16 -2.502E-02
  4.800E+00 -7.554E-01   4.523E+01 -2.517E-01 -1.031E-16 -2.854E-16 -1.008E-01  4.687E-16  1.692E-15  1.068E-01  1.932E-15  3.273E-02 -1.435E-16 -2.809E-02
  4.800E+00 -8.656E-01   5.418E+01 -1.529E-01  6.008E-18 -2.538E-16 -1.033E-01  2.142E-16  2.046E-16  1.079E-01  3.211E-16  1.630E-02 -2.010E-17 -2.663E-02
  4.800E+00 -9.446E-01   5.430E+01 -5.386E-02  1.745E-17  1.691E-15 -8.315E-02  3.157E-15  2.871E-15  8.674E-02  1.985E-15  5.234E-03 -1.035E-16 -2.600E-02
  4.800E+00 -9.894E-01   5.039E+01 -2.617E-03 -1.061E-17  3.458E-16 -3.703E-02  7.548E-16  3.325E-16  3.894E-02  2.599E-16  3.275E-04 -1.134E-17 -2.745E-02
  4.900E+00  9.894E-01   1.701E+01  2.427E-03 -7.053E-17  1.367E-16  2.074E-02 -7.658E-17  1.247E-16 -1.488E-02 -8.922E-17 -7.885E-02 -3.522E-16  9.146E-01
  4.900E+00  9.446E-01   1.583E+01  1.313E-02 -2.864E-17  3.769E-17  2.910E-02  1.919E-16 -5.241E-17 -1.298E-02  6.667E-17 -1.690E-01 -1.239E-16  8.758E-01
  4.900E+00  8.656E-01   1.363E+01  2.779E-02  1.767E-15  1.035E-15  1.983E-02  1.883E-15 -2.752E-16  8.805E-03  2.054E-15 -2.293E-01 -7.587E-16  8.032E-01
  4.900E+00  7.554E-01   1.085E+01  1.924E-02 -9.069E-17  7.511E-16  8.980E-03  6.628E-17  4.144E-16  3.021E-02  4.352E-16 -2.454E-01  1.003E-16  6.941E-01
  4.900E+00  6.179E-01   8.509E+00 -7.112E-02  2.749E-16 -1.623E-16  7.915E-04  8.637E-16  4.241E-16  4.385E-02 -2.655E-16 -2.154E-01  3.266E-16  5.457E-01
  4.900E+00  4.580E-01   7.285E+00 -2.632E-01  1.586E-16  3.167E-16 -1.179E-02  5.089E-16  1.971E-16  5.779E-02  1.408E-16 -1.503E-01  2.835E-16  3.854E-01
  4.900E+00  2.816E-01   7.129E+00 -4.703E-01 -4.289E-17  2.927E-16 -2.503E-02  1.146E-16  2.591E-16  7.096E-02 -1.497E-16 -7.451E-02 -8.297E-17  2.501E-01
  4.900E+00  9.501E-02   7.927E+00 -6.067E-01  5.206E-17 -4.683E-16 -3.759E-02 -1.205E-15 -9.231E-16  8.053E-02  8.674E-16 -1.046E-02 -2.499E-16  1.443E-01
  4.900E+00 -9.501E-02   9.939E+00 -6.417E-01  1.283E-16 -4.993E-16 -6.164E-02  3.136E-16 -4.777E-16  9.657E-02  7.339E-17  3.489E-02 -1.442E-17  6.900E-02
  4.900E+00 -2.816E-01   1.385E+01 -5.783E-01 -1.009E-17 -5.721E-16 -9.063E-02 -9.063E-16 -4.495E-16  1.150E-01  6.984E-16  6.252E-02 -9.640E-17  2.114E-02
  4.900E+00 -4.580E-01   2.102E+01 -4.636E-01  4.076E-17  8.368E-16 -9.959E-02  3.065E-16  8.454E-17  1.145E-01 -1.694E-16  6.775E-02 -7.851E-18 -1.050E-02
  4.900E+00 -6.179E-01   3.257E+01 -3.503E-01  1.138E-16 -1.229E-15 -9.603E-02 -3.179E-16 -2.272E-16  1.049E-01  2.161E-15  5.355E-02 -1.383E-16 -2.529E-02
  4.900E+00 -7.554E-01   4.650E+01 -2.533E-01  1.246E-17  9.056E-16 -9.829E-02 -1.040E-15  1.634E-15  1.042E-01 -5.616E-17  3.359E-02 -2.989E-17 -2.831E-02
  4.900E+00 -8.656E-01   5.637E+01 -1.548E-01  1.166E-16  2.217E-15 -1.010E-01 -6.716E-15  2.889E-15  1.054E-01 -2.767E-15  1.670E-02  4.584E-17 -2.680E-02
  4.900E+00 -9.446E-01   5.674E+01 -5.484E-02 -1.417E-17 -5.870E-16 -8.179E-02  3.893E-16 -6.407E-17  8.527E-02  1.026E-15  5.596E-03 -8.784E-17 -2.629E-02
  4.900E+00 -9.894E-01   5.263E+01 -2.911E-03  5.662E-17  6.205E-15 -3.649E-02 -5.722E-15  7.617E-15  3.836E-02 -2.884E-15  5.952E-04 -2.205E-16 -2.801E-02
  5.000E+00  9.894E-01   1.777E+01  3.094E-03 -9.271E-18  4.891E-18  2.036E-02 -9.109E-17 -6.288E-17 -1.468E-02  4.112E-18 -8.139E-02  1.403E-16  9.157E-01
  5.000E+00  9.446E-01   1.643E+01  1.544E-02 -7.111E-18  3.443E-17  2.844E-02  2.353E-17  3.085E-17 -1.282E-02 -2.635E-17 -1.741E-01 -7.965E-17  8.755E-01
  5.000E+00  8.656E-01   1.399E+01  3.075E-02  1.794E-17  3.635E-17  1.922E-02  5.809E-17  4.265E-17  8.293E-03  2.878E-17 -2.354E-01 -1.113E-17  8.001E-01
  5.000E+00  7.554E-01   1.100E+01  1.972E-02  2.117E-16  3.995E-16  8.313E-03  6.768E-16  6.637E-16  2.866E-02  5.160E-16 -2.494E-01  6.278E-16  6.878E-01
  5.000E+00  6.179E-01   8.551E+00 -7.649E-02 -1.723E-16  1.440E-16 -6.614E-04 -2.585E-16  7.950E-17  4.179E-02 -1.968E-16 -2.146E-01 -5.554E-16  5.367E-01
  5.000E+00  4.580E-01   7.277E+00 -2.713E-01  7.959E-17 -1.452E-16 -1.360E-02 -5.982E-17 -4.909E-16  5.556E-02 -2.009E-16 -1.445E-01 -1.722E-16  3.761E-01
  5.000E+00  2.816E-01   7.073E+00 -4.743E-01 -7.546E-19  3.328E-16 -2.479E-02  5.524E-16  4.909E-16  6.736E-02 -1.487E-16 -6.685E-02  3.205E-17  2.406E-01
  5.000E+00  9.501E-02   7.822E+00 -6.084E-01 -8.953E-17 -9.448E-15 -3.380E-02  3.458E-15 -1.081E-14  7.466E-02 -3.337E-16 -4.936E-03 -8.067E-16  1.338E-01
  5.000E+00 -9.501E-02   9.820E+00 -6.461E-01 -2.867E-17 -2.450E-15 -5.681E-02  2.790E-15  6.157E-16  9.068E-02 -4.632E-15  3.736E-02  9.309E-16  6.139E-02
  5.000E+00 -2.816E-01   1.377E+01 -5.859E-01  1.043E-17 -1.451E-16 -8.815E-02 -2.358E-16 -7.151E-16  1.120E-01 -7.794E-16  6.478E-02  4.893E-18  1.869E-02
  5.000E+00 -4.580E-01   2.102E+01 -4.703E-01 -2.033E-17 -7.153E-17 -9.932E-02  8.211E-16 -2.443E-16  1.141E-01  3.713E-16  7.071E-02  4.895E-17 -1.085E-02
  5.000E+00 -6.179E-01   3.294E+01 -3.546E-01 -1.832E-17  2.201E-16 -9.509E-02 -1.917E-16  1.629E-16  1.039E-01 -1.026E-15  5.567E-02  8.369E-17 -2.541E-02
  5.000E+00 -7.554E-01   4.760E+01 -2.552E-01 -3.491E-16 -5.225E-16 -9.603E-02 -1.009E-15 -2.144E-15  1.018E-01 -7.877E-16  3.467E-02  3.708E-16 -2.861E-02
  5.000E+00 -8.656E-01   5.843E+01 -1.565E-01  7.388E-18 -1.460E-17 -9.881E-02 -2.503E-16  7.269E-17  1.032E-01  3.740E-16  1.725E-02 -6.074E-17 -2.709E-02
  5.000E+00 -9.446E-01   5.915E+01 -5.550E-02 -3.906E-17 -6.263E-16 -8.052E-02 -3.955E-16 -6.027E-16  8.391E-02  2.163E-16  6.007E-03  2.401E-17 -2.666E-02
  5.000E+00 -9.894E-01   5.489E+01 -3.048E-03  1.264E-17  9.129E-16 -3.602E-02  2.800E-16  9.333E-16  3.785E-02 -1.364E-16  8.698E-04  3.873E-17 -2.858E-02
