  2.800E+00  9.894E-01   8.261E-01 -1.606E-03  2.033E-17 -4.448E-17  4.341E-02 -1.406E-17 -4.297E-17  2.472E-03 -5.322E-17 -2.044E-02 -6.926E-17  7.708E-01
  2.800E+00  9.446E-01   9.568E-01 -7.329E-03 -2.320E-17 -1.449E-17  7.310E-02  5.627E-17  2.350E-17  1.876E-02 -4.525E-17 -6.562E-02 -4.894E-17  7.927E-01
  2.800E+00  8.656E-01   1.170E+00 -1.537E-02 -7.919E-17 -2.116E-18  6.334E-02  5.669E-17 -7.623E-17  5.556E-02 -3.036E-17 -1.301E-01 -2.257E-18  8.119E-01
  2.800E+00  7.554E-01   1.434E+00 -2.628E-02 -6.917E-16 -6.814E-16  2.107E-02  3.343E-16  5.719E-17  1.110E-01 -6.087E-16 -1.945E-01  7.430E-17  8.208E-01
  2.800E+00  6.179E-01   1.710E+00 -4.323E-02  1.637E-17  1.832E-17 -4.551E-02 -3.972E-17  2.379E-17  1.829E-01  4.406E-17 -2.426E-01 -3.953E-18  8.210E-01
  2.800E+00  4.580E-01   1.967E+00 -7.046E-02 -3.739E-17 -7.722E-17 -1.318E-01  4.705E-17 -2.125E-17  2.700E-01 -6.065E-17 -2.666E-01 -5.919E-17  8.149E-01
  2.800E+00  2.816E-01   2.189E+00 -1.117E-01 -1.784E-17 -7.969E-18 -2.331E-01  5.437E-17 -9.406E-17  3.689E-01  4.342E-17 -2.651E-01 -7.689E-17  8.006E-01
  2.800E+00  9.501E-02   2.377E+00 -1.683E-01 -2.554E-17 -3.156E-17 -3.410E-01  2.216E-17 -1.726E-17  4.713E-01 -2.241E-18 -2.412E-01 -4.972E-17  7.737E-01
  2.800E+00 -9.501E-02   2.536E+00 -2.367E-01 -1.632E-17 -3.576E-17 -4.416E-01  7.674E-18 -3.658E-17  5.633E-01 -2.383E-17 -2.018E-01  8.946E-18  7.309E-01
  2.800E+00 -2.816E-01   2.665E+00 -3.074E-01 -1.999E-17 -4.508E-17 -5.196E-01  2.427E-17 -1.084E-16  6.305E-01  8.674E-18 -1.564E-01 -3.799E-17  6.750E-01
  2.800E+00 -4.580E-01   2.738E+00 -3.665E-01 -3.793E-17 -3.558E-17 -5.660E-01  2.703E-17 -8.204E-17  6.652E-01 -1.637E-17 -1.143E-01 -5.500E-17  6.165E-01
  2.800E+00 -6.179E-01   2.704E+00 -3.995E-01  7.698E-17  1.368E-18 -5.811E-01 -3.774E-17  3.819E-17  6.690E-01  1.002E-17 -8.100E-02  4.799E-17  5.704E-01
  2.800E+00 -7.554E-01   2.519E+00 -3.920E-01 -6.780E-16 -4.075E-16 -5.700E-01  6.359E-18  1.486E-16  6.481E-01 -8.359E-16 -5.785E-02 -6.671E-16  5.518E-01
  2.800E+00 -8.656E-01   2.185E+00 -3.292E-01 -1.019E-17 -3.843E-17 -5.312E-01  1.736E-16 -1.313E-16  5.995E-01  1.700E-16 -4.252E-02 -9.794E-17  5.751E-01
  2.800E+00 -9.446E-01   1.788E+00 -2.029E-01  6.107E-17  6.180E-17 -4.384E-01 -4.248E-17  5.726E-17  4.928E-01 -2.789E-17 -3.038E-02  1.039E-16  6.477E-01
  2.800E+00 -9.894E-01   1.483E+00 -5.243E-02 -1.086E-16  4.932E-17 -2.366E-01  2.664E-17  3.324E-17  2.656E-01 -4.070E-17 -1.536E-02  6.238E-17  7.433E-01
  2.900E+00  9.894E-01   1.142E+00  1.347E-03 -1.665E-17  1.210E-16  4.661E-02  1.048E-16 -1.056E-18  3.977E-03 -1.143E-16 -2.960E-02 -2.773E-17  7.854E-01
  2.900E+00  9.446E-01   1.314E+00  5.984E-03 -2.680E-17 -6.258E-17  8.197E-02  2.841E-17 -1.125E-16  2.023E-02 -1.686E-16 -8.504E-02 -1.254E-16  7.972E-01
  2.900E+00  8.656E-01   1.592E+00  1.073E-02 -2.307E-16  1.444E-16  7.973E-02  1.317E-16  4.028E-16  5.421E-02  1.269E-17 -1.564E-01 -5.616E-18  8.039E-01
  2.900E+00  7.554E-01   1.927E+00  1.119E-02  4.455E-17  8.113E-17  4.575E-02  5.795E-17 -7.213E-17  1.052E-01 -1.207E-18 -2.231E-01 -2.859E-17  8.026E-01
  2.900E+00  6.179E-01   2.267E+00  2.235E-03 -1.278E-16 -9.114E-17 -1.332E-02 -9.572E-18  3.760E-17  1.727E-01 -6.849E-17 -2.683E-01 -6.313E-17  7.981E-01
  2.900E+00  4.580E-01   2.573E+00 -2.208E-02  3.485E-17 -1.268E-17 -9.473E-02  1.253E-16 -5.341E-18  2.574E-01 -8.042E-17 -2.842E-01  9.222E-17  7.932E-01
  2.900E+00  2.816E-01   2.833E+00 -6.746E-02 -3.913E-17 -2.520E-17 -1.958E-01 -1.318E-17  2.424E-17  3.575E-01 -7.352E-17 -2.695E-01 -1.841E-18  7.847E-01
  2.900E+00  9.501E-02   3.062E+00 -1.364E-01 -1.984E-18  7.359E-18 -3.082E-01  7.364E-17 -4.816E-17  4.642E-01 -5.113E-17 -2.281E-01  5.099E-17  7.640E-01
  2.900E+00 -9.501E-02   3.288E+00 -2.239E-01 -1.080E-17  1.546E-17 -4.157E-01  1.767E-17  2.195E-17  5.609E-01 -5.162E-17 -1.698E-01  5.959E-17  7.230E-01
  2.900E+00 -2.816E-01   3.515E+00 -3.157E-01 -5.227E-17 -2.379E-18 -4.987E-01  5.666E-17  5.008E-17  6.292E-01 -5.627E-17 -1.082E-01 -3.833E-18  6.621E-01
  2.900E+00 -4.580E-01   3.705E+00 -3.923E-01 -1.493E-16 -4.313E-17 -5.455E-01  1.170E-16  7.343E-17  6.597E-01 -7.412E-17 -5.571E-02 -5.965E-17  5.927E-01
  2.900E+00 -6.179E-01   3.768E+00 -4.358E-01 -3.248E-17  5.805E-18 -5.568E-01  2.845E-18 -9.665E-17  6.557E-01  1.326E-17 -1.833E-02 -5.492E-17  5.320E-01
  2.900E+00 -7.554E-01   3.607E+00 -4.312E-01 -3.214E-18 -4.502E-17 -5.408E-01  3.464E-18 -3.907E-17  6.265E-01 -1.419E-16  4.348E-03  8.988E-17  4.962E-01
  2.900E+00 -8.656E-01   3.193E+00 -3.643E-01 -1.996E-16 -2.920E-16 -4.990E-01 -5.053E-17 -1.167E-16  5.728E-01 -7.524E-17  1.553E-02 -2.673E-17  4.978E-01
  2.900E+00 -9.446E-01   2.641E+00 -2.262E-01 -4.739E-16 -3.872E-16 -4.096E-01  3.334E-16 -3.910E-16  4.680E-01 -7.009E-16  1.761E-02 -6.639E-17  5.436E-01
  2.900E+00 -9.894E-01   2.194E+00 -5.896E-02  3.600E-18 -5.164E-17 -2.212E-01  2.095E-17 -3.670E-17  2.522E-01  1.069E-17  1.063E-02 -1.552E-17  6.133E-01
  3.000E+00  9.894E-01   1.467E+00  2.944E-03 -1.241E-16  2.214E-17  4.233E-02  2.580E-16  1.430E-17  7.324E-03 -1.084E-16 -3.755E-02 -4.002E-18  8.110E-01
  3.000E+00  9.446E-01   1.681E+00  1.334E-02 -2.251E-15  3.003E-16  7.566E-02  2.028E-15  2.938E-16  2.558E-02 -1.845E-15 -1.025E-01 -5.974E-17  8.133E-01
  3.000E+00  8.656E-01   2.021E+00  2.570E-02 -1.543E-16  4.244E-16  7.646E-02 -4.574E-16  3.443E-16  5.806E-02  2.665E-16 -1.810E-01 -5.337E-16  8.072E-01
  3.000E+00  7.554E-01   2.422E+00  3.387E-02 -1.377E-16 -7.338E-17  4.924E-02 -1.110E-16 -1.629E-17  1.048E-01 -1.408E-16 -2.505E-01 -1.588E-16  7.940E-01
  3.000E+00  6.179E-01   2.811E+00  3.165E-02 -1.157E-16 -9.431E-17 -1.182E-03  8.708E-17  1.982E-19  1.668E-01 -1.068E-16 -2.938E-01  4.279E-17  7.818E-01
  3.000E+00  4.580E-01   3.141E+00  1.168E-02  6.142E-17  1.928E-16 -7.407E-02  5.124E-18 -6.923E-17  2.464E-01  1.662E-16 -3.032E-01  6.546E-17  7.753E-01
  3.000E+00  2.816E-01   3.407E+00 -3.405E-02  3.309E-17  1.040E-16 -1.691E-01 -1.663E-17  1.567E-16  3.435E-01 -3.196E-17 -2.774E-01  1.284E-16  7.704E-01
  3.000E+00  9.501E-02   3.646E+00 -1.104E-01 -2.019E-16 -5.916E-17 -2.797E-01 -9.510E-17  9.969E-17  4.503E-01 -9.314E-17 -2.209E-01 -4.394E-17  7.555E-01
  3.000E+00 -9.501E-02   3.913E+00 -2.123E-01 -4.807E-17 -2.383E-16 -3.890E-01  1.753E-16 -1.630E-16  5.487E-01  9.432E-17 -1.458E-01 -2.090E-16  7.173E-01
  3.000E+00 -2.816E-01   4.235E+00 -3.213E-01  1.917E-16  1.864E-16 -4.741E-01  4.835E-18 -2.135E-17  6.167E-01  2.135E-16 -7.031E-02  2.070E-17  6.528E-01
  3.000E+00 -4.580E-01   4.566E+00 -4.119E-01 -7.524E-17  1.954E-16 -5.197E-01  1.077E-16 -5.711E-17  6.426E-01 -1.909E-16 -1.003E-02 -8.207E-17  5.737E-01
  3.000E+00 -6.179E-01   4.781E+00 -4.625E-01  1.922E-17  8.075E-17 -5.263E-01  1.033E-16 -1.128E-17  6.304E-01 -1.994E-17  2.895E-02  5.054E-17  4.999E-01
  3.000E+00 -7.554E-01   4.717E+00 -4.581E-01  3.173E-17 -3.198E-17 -5.035E-01 -1.320E-16  6.507E-17  5.917E-01 -1.180E-19  4.917E-02  1.443E-16  4.483E-01
  3.000E+00 -8.656E-01   4.293E+00 -3.857E-01 -5.211E-16  7.914E-16 -4.557E-01  4.726E-17  1.119E-15  5.300E-01 -5.133E-16  5.545E-02 -1.315E-17  4.298E-01
  3.000E+00 -9.446E-01   3.632E+00 -2.383E-01 -2.668E-16  8.026E-17 -3.668E-01  8.511E-17  1.512E-16  4.245E-01 -3.314E-17  4.931E-02  4.048E-17  4.489E-01
  3.000E+00 -9.894E-01   3.063E+00 -6.181E-02 -1.313E-16 -9.669E-17 -1.952E-01  1.625E-16 -9.724E-17  2.255E-01 -2.460E-16  2.737E-02 -4.425E-17  4.904E-01
  3.100E+00  9.894E-01   1.798E+00  3.810E-03  5.201E-17 -8.511E-19  3.604E-02  1.171E-16  1.422E-17  9.976E-03  1.095E-16 -4.389E-02 -2.218E-17  8.363E-01
  3.100E+00  9.446E-01   2.051E+00  1.731E-02 -1.172E-17  1.722E-17  6.490E-02  3.504E-17  1.046E-16  2.994E-02 -1.436E-16 -1.173E-01 -1.268E-16  8.312E-01
  3.100E+00  8.656E-01   2.449E+00  3.376E-02  1.366E-15  1.703E-15  6.647E-02 -6.491E-16  3.027E-16  6.146E-02  9.658E-16 -2.028E-01  5.244E-17  8.141E-01
  3.100E+00  7.554E-01   2.906E+00  4.627E-02  4.036E-17  1.469E-17  4.402E-02  5.429E-17  8.701E-18  1.049E-01  3.513E-18 -2.759E-01  1.638E-17  7.898E-01
  3.100E+00  6.179E-01   3.330E+00  4.839E-02  8.324E-17  7.602E-17  9.035E-04 -3.755E-17  3.357E-17  1.621E-01  1.347E-16 -3.185E-01  6.880E-17  7.697E-01
  3.100E+00  4.580E-01   3.661E+00  3.213E-02 -2.169E-17 -5.082E-17 -6.346E-02  4.265E-17 -2.907E-18  2.362E-01 -3.890E-17 -3.230E-01  6.023E-18  7.599E-01
  3.100E+00  2.816E-01   3.905E+00 -1.226E-02  1.633E-16  1.222E-16 -1.505E-01 -1.342E-16 -2.378E-17  3.288E-01  2.478E-16 -2.881E-01 -9.909E-17  7.569E-01
  3.100E+00  9.501E-02   4.123E+00 -9.226E-02 -1.634E-17 -1.033E-16 -2.561E-01 -3.151E-17  4.542E-17  4.335E-01  6.395E-17 -2.186E-01 -3.680E-17  7.465E-01
  3.100E+00 -9.501E-02   4.403E+00 -2.042E-01 -1.202E-17  3.542E-17 -3.639E-01 -9.395E-17  6.072E-17  5.317E-01  1.039E-16 -1.287E-01 -4.162E-17  7.111E-01
  3.100E+00 -2.816E-01   4.800E+00 -3.266E-01 -1.342E-16 -2.660E-16 -4.490E-01  2.329E-16 -2.433E-16  5.988E-01 -2.098E-16 -4.084E-02 -2.354E-17  6.435E-01
  3.100E+00 -4.580E-01   5.281E+00 -4.284E-01 -7.668E-17 -3.098E-17 -4.929E-01  1.749E-16 -2.296E-17  6.205E-01 -8.893E-17  2.545E-02  3.689E-18  5.555E-01
  3.100E+00 -6.179E-01   5.690E+00 -4.838E-01  1.845E-17 -9.071E-18 -4.947E-01  9.853E-19  6.054E-17  6.006E-01  5.032E-17  6.419E-02 -3.204E-18  4.696E-01
  3.100E+00 -7.554E-01   5.797E+00 -4.778E-01  1.169E-17 -1.150E-16 -4.648E-01  1.400E-17 -1.291E-17  5.525E-01  1.262E-17  8.041E-02 -1.789E-17  4.041E-01
  3.100E+00 -8.656E-01   5.445E+00 -3.992E-01  5.877E-16  1.259E-15 -4.106E-01 -2.996E-16  2.482E-15  4.826E-01  4.776E-16  8.105E-02 -9.449E-17  3.686E-01
  3.100E+00 -9.446E-01   4.738E+00 -2.441E-01 -1.974E-17  3.259E-16 -3.215E-01  6.296E-16  4.809E-16  3.762E-01  3.287E-17  6.792E-02 -4.777E-17  3.655E-01
  3.100E+00 -9.894E-01   4.078E+00 -6.268E-02  1.024E-16  3.244E-17 -1.673E-01 -3.220E-16 -2.862E-16  1.955E-01 -1.610E-16  3.650E-02  3.892E-17  3.834E-01
  3.200E+00  9.894E-01   2.144E+00  4.370E-03 -2.899E-17 -4.347E-17  3.005E-02  1.601E-16 -1.085E-16  1.123E-02 -6.489E-17 -4.908E-02  1.723E-17  8.573E-01
  3.200E+00  9.446E-01   2.429E+00  1.970E-02  7.003E-16  7.710E-16  5.435E-02  3.738E-18  5.248E-16  3.188E-02  9.996E-16 -1.298E-01 -2.893E-16  8.468E-01
  3.200E+00  8.656E-01   2.874E+00  3.827E-02  1.019E-16 -3.854E-16  5.581E-02  3.491E-16 -4.292E-16  6.253E-02  3.181E-17 -2.222E-01  3.500E-17  8.210E-01
  3.200E+00  7.554E-01   3.373E+00  5.276E-02  7.227E-17 -6.263E-19  3.656E-02  1.364E-17  1.237E-17  1.036E-01  1.421E-16 -2.993E-01  9.421E-17  7.873E-01
  3.200E+00  6.179E-01   3.813E+00  5.693E-02 -1.356E-16 -4.877E-17 -1.110E-03  1.262E-16 -1.370E-16  1.570E-01 -2.036E-16 -3.420E-01 -4.039E-17  7.598E-01
  3.200E+00  4.580E-01   4.127E+00  4.285E-02  6.373E-17 -1.586E-17 -5.835E-02  2.732E-17 -1.755E-16  2.265E-01 -7.674E-17 -3.428E-01 -3.521E-17  7.464E-01
  3.200E+00  2.816E-01   4.325E+00 -1.188E-04  7.979E-17 -1.316E-16 -1.376E-01  4.275E-16  1.141E-17  3.144E-01 -4.374E-16 -3.005E-01  1.253E-15  7.438E-01
  3.200E+00  9.501E-02   4.497E+00 -8.163E-02  4.492E-15  7.776E-15 -2.367E-01 -6.378E-15  7.307E-16  4.158E-01  6.530E-15 -2.198E-01  4.240E-16  7.365E-01
  3.200E+00 -9.501E-02   4.763E+00 -2.001E-01  3.240E-15  5.133E-15 -3.410E-01  6.185E-15  1.836E-15  5.126E-01 -1.759E-15 -1.167E-01  4.435E-15  7.032E-01
  3.200E+00 -2.816E-01   5.215E+00 -3.326E-01  3.534E-16  1.399E-15 -4.248E-01  1.225E-15  1.466E-15  5.783E-01 -4.617E-16 -1.783E-02  9.498E-16  6.326E-01
  3.200E+00 -4.580E-01   5.841E+00 -4.430E-01  1.420E-16  2.813E-16 -4.666E-01 -1.918E-16  6.936E-17  5.961E-01  4.075E-17  5.314E-02  6.863E-17  5.362E-01
  3.200E+00 -6.179E-01   6.474E+00 -5.014E-01 -9.693E-17 -4.973E-17 -4.639E-01  9.576E-17  1.099E-16  5.695E-01 -6.573E-17  9.021E-02  2.954E-17  4.394E-01
  3.200E+00 -7.554E-01   6.817E+00 -4.928E-01  4.744E-17  2.329E-16 -4.277E-01 -8.970E-17  1.325E-16  5.130E-01  1.156E-16  1.014E-01  2.780E-17  3.623E-01
  3.200E+00 -8.656E-01   6.620E+00 -4.081E-01  1.113E-16  4.640E-16 -3.675E-01  6.548E-17 -1.098E-16  4.359E-01 -7.138E-16  9.607E-02 -1.096E-16  3.137E-01
  3.200E+00 -9.446E-01   5.937E+00 -2.467E-01  1.685E-15  3.502E-15 -2.790E-01 -2.549E-15  3.817E-15  3.297E-01  4.968E-16  7.719E-02  6.560E-16  2.938E-01
  3.200E+00 -9.894E-01   5.226E+00 -6.266E-02 -2.017E-16 -1.781E-16 -1.414E-01  7.346E-16 -5.735E-16  1.671E-01 -1.246E-16  4.037E-02 -1.806E-16  2.944E-01
  3.300E+00  9.894E-01   2.514E+00  4.820E-03  2.878E-17  1.529E-17  2.511E-02  1.070E-16 -3.594E-17  1.122E-02  2.540E-17 -5.366E-02 -1.414E-16  8.731E-01
  3.300E+00  9.446E-01   2.822E+00  2.151E-02 -2.682E-18 -3.662E-17  4.562E-02  8.690E-17 -8.870E-17  3.154E-02  5.883E-17 -1.410E-01 -2.971E-17  8.589E-01
  3.300E+00  8.656E-01   3.299E+00  4.122E-02 -3.359E-17  6.774E-17  4.675E-02 -2.210E-17 -5.644E-17  6.125E-02  9.977E-17 -2.399E-01  1.955E-17  8.262E-01
  3.300E+00  7.554E-01   3.822E+00  5.619E-02 -2.199E-18  2.022E-17  2.956E-02 -1.766E-16  2.497E-16  1.006E-01  1.165E-17 -3.211E-01 -1.390E-16  7.847E-01
  3.300E+00  6.179E-01   4.259E+00  6.063E-02 -4.328E-17 -1.745E-17 -4.285E-03 -8.968E-17 -2.834E-17  1.514E-01 -2.076E-17 -3.643E-01 -1.898E-16  7.508E-01
  3.300E+00  4.580E-01   4.535E+00  4.711E-02 -8.730E-18 -5.149E-17 -5.602E-02  9.325E-17 -4.865E-17  2.171E-01 -3.530E-17 -3.621E-01 -1.048E-16  7.340E-01
  3.300E+00  2.816E-01   4.671E+00  4.859E-03 -8.955E-17 -2.133E-17 -1.284E-01 -7.464E-17  9.022E-17  3.006E-01  3.868E-17 -3.136E-01 -9.140E-17  7.309E-01
  3.300E+00  9.501E-02   4.778E+00 -7.723E-02  1.018E-16 -1.934E-16 -2.206E-01  6.608E-16 -7.405E-16  3.980E-01 -3.218E-16 -2.234E-01  6.219E-17  7.255E-01
  3.300E+00 -9.501E-02   5.011E+00 -1.997E-01 -5.187E-17  3.765E-16 -3.202E-01 -1.495E-15  6.402E-16  4.925E-01  1.423E-17 -1.085E-01 -4.110E-16  6.934E-01
  3.300E+00 -2.816E-01   5.496E+00 -3.397E-01 -8.062E-17 -8.756E-17 -4.016E-01  8.288E-17  1.132E-16  5.565E-01  4.473E-17  2.115E-04 -1.657E-17  6.196E-01
  3.300E+00 -4.580E-01   6.258E+00 -4.564E-01 -2.402E-17  6.964E-18 -4.412E-01  2.651E-17 -1.375E-17  5.709E-01 -1.718E-16  7.476E-02  2.439E-17  5.153E-01
  3.300E+00 -6.179E-01   7.132E+00 -5.166E-01  3.948E-17 -2.009E-16 -4.346E-01 -1.968E-16 -3.958E-17  5.385E-01  1.539E-16  1.092E-01 -6.503E-17  4.089E-01
  3.300E+00 -7.554E-01   7.766E+00 -5.049E-01 -1.831E-16 -3.019E-17 -3.931E-01  7.904E-16  3.731E-17  4.751E-01  4.212E-16  1.146E-01 -2.464E-16  3.228E-01
  3.300E+00 -8.656E-01   7.801E+00 -4.144E-01  3.329E-17  1.286E-16 -3.285E-01 -3.194E-16  1.972E-16  3.926E-01 -1.518E-16  1.036E-01  8.219E-17  2.648E-01
  3.300E+00 -9.446E-01   7.210E+00 -2.477E-01  6.709E-17 -1.764E-16 -2.411E-01  1.558E-16 -2.464E-17  2.876E-01  1.745E-16  8.023E-02 -1.460E-17  2.336E-01
  3.300E+00 -9.894E-01   6.485E+00 -6.226E-02  6.472E-17  1.350E-16 -1.189E-01 -6.846E-17 -4.561E-17  1.420E-01 -3.395E-16  4.093E-02  9.780E-17  2.227E-01
  3.400E+00  9.894E-01   2.913E+00  5.244E-03 -6.006E-17 -8.323E-17  2.135E-02 -3.053E-17 -1.448E-16  1.034E-02 -9.562E-17 -5.805E-02 -1.107E-16  8.842E-01
  3.400E+00  9.446E-01   3.233E+00  2.322E-02 -8.133E-16  3.819E-15  3.899E-02 -1.430E-15  3.565E-15  2.957E-02 -6.094E-16 -1.516E-01  7.281E-16  8.675E-01
  3.400E+00  8.656E-01   3.725E+00  4.362E-02  5.556E-18  5.194E-17  3.978E-02 -2.154E-18  4.236E-18  5.828E-02  5.068E-17 -2.565E-01  2.719E-17  8.294E-01
  3.400E+00  7.554E-01   4.251E+00  5.817E-02 -7.407E-17 -2.042E-17  2.389E-02  7.789E-17 -6.465E-17  9.646E-02 -4.773E-17 -3.416E-01 -1.612E-17  7.813E-01
  3.400E+00  6.179E-01   4.666E+00  6.162E-02  8.847E-17 -4.060E-18 -7.350E-03  1.268E-18 -1.290E-16  1.453E-01  1.866E-16 -3.853E-01 -1.509E-16  7.421E-01
  3.400E+00  4.580E-01   4.886E+00  4.729E-02 -1.348E-16  2.869E-16 -5.496E-02  6.296E-17  4.282E-16  2.080E-01 -5.842E-17 -3.807E-01 -9.999E-17  7.222E-01
  3.400E+00  2.816E-01   4.946E+00  4.809E-03  6.227E-16 -8.636E-17 -1.216E-01 -2.015E-15  7.890E-16  2.875E-01  1.354E-15 -3.268E-01  1.530E-16  7.184E-01
  3.400E+00  9.501E-02   4.978E+00 -7.767E-02  1.133E-15  3.718E-15 -2.071E-01 -4.976E-16  1.894E-15  3.809E-01  1.563E-15 -2.283E-01 -3.840E-15  7.137E-01
  3.400E+00 -9.501E-02   5.164E+00 -2.027E-01 -1.755E-16 -3.465E-15 -3.012E-01 -5.485E-15 -4.533E-15  4.722E-01  2.222E-15 -1.030E-01 -4.423E-15  6.817E-01
  3.400E+00 -2.816E-01   5.667E+00 -3.478E-01  5.073E-16 -5.471E-16 -3.794E-01 -7.685E-16 -4.250E-16  5.340E-01  1.282E-15  1.441E-02 -4.954E-16  6.044E-01
  3.400E+00 -4.580E-01   6.550E+00 -4.692E-01 -5.170E-17 -4.035E-16 -4.166E-01 -4.541E-17 -6.324E-16  5.452E-01  3.934E-17  9.161E-02 -8.906E-17  4.927E-01
  3.400E+00 -6.179E-01   7.672E+00 -5.301E-01  1.377E-16 -1.154E-16 -4.070E-01 -2.306E-16 -1.682E-16  5.082E-01 -4.270E-18  1.226E-01 -1.632E-16  3.784E-01
  3.400E+00 -7.554E-01   8.638E+00 -5.151E-01 -8.011E-17 -3.650E-17 -3.616E-01  8.533E-17  9.377E-17  4.397E-01  5.486E-17  1.223E-01 -7.035E-17  2.859E-01
  3.400E+00 -8.656E-01   8.972E+00 -4.195E-01  1.126E-16  7.945E-16 -2.939E-01  2.574E-16  8.632E-16  3.536E-01  1.021E-16  1.060E-01  6.785E-17  2.220E-01
  3.400E+00 -9.446E-01   8.535E+00 -2.484E-01 -7.734E-16  6.753E-15 -2.086E-01 -1.887E-14 -1.253E-14  2.509E-01 -2.700E-14  7.939E-02 -2.318E-15  1.839E-01
  3.400E+00 -9.894E-01   7.831E+00 -6.180E-02 -3.865E-18  1.892E-16 -9.990E-02 -6.551E-16  1.754E-16  1.206E-01 -5.269E-16  3.961E-02 -8.280E-17  1.659E-01
  3.500E+00  9.894E-01   3.345E+00  5.695E-03 -5.493E-18 -1.384E-17  1.865E-02 -3.297E-17 -4.927E-17  8.962E-03 -5.988E-17 -6.248E-02  5.569E-17  8.915E-01
  3.500E+00  9.446E-01   3.664E+00  2.502E-02 -6.928E-17 -7.915E-17  3.424E-02 -3.451E-17 -2.981E-17  2.668E-02 -5.304E-17 -1.620E-01  8.655E-17  8.729E-01
  3.500E+00  8.656E-01   4.153E+00  4.596E-02  8.372E-17  4.756E-17  3.471E-02  9.067E-17 -7.221E-17  5.435E-02  3.712E-17 -2.725E-01 -4.021E-17  8.304E-01
  3.500E+00  7.554E-01   4.663E+00  5.957E-02  1.466E-16  1.310E-16  1.965E-02 -3.003E-17  7.936E-17  9.158E-02  1.465E-16 -3.610E-01  3.081E-17  7.768E-01
  3.500E+00  6.179E-01   5.034E+00  6.118E-02 -7.428E-18 -6.712E-17 -9.851E-03  1.221E-17 -5.387E-17  1.390E-01 -1.160E-17 -4.053E-01 -1.609E-17  7.332E-01
  3.500E+00  4.580E-01   5.183E+00  4.500E-02 -6.226E-17 -8.916E-17 -5.442E-02  1.289E-16 -9.218E-17  1.993E-01 -6.029E-17 -3.983E-01  6.006E-17  7.108E-01
  3.500E+00  2.816E-01   5.157E+00  1.344E-03 -2.570E-16 -1.291E-16 -1.163E-01  5.635E-17  2.703E-16  2.753E-01  9.597E-17 -3.396E-01 -1.595E-16  7.060E-01
  3.500E+00  9.501E-02   5.108E+00 -8.174E-02 -7.330E-17 -3.241E-16 -1.956E-01  1.081E-16 -4.723E-16  3.644E-01 -2.271E-16 -2.338E-01 -8.722E-17  7.012E-01
  3.500E+00 -9.501E-02   5.240E+00 -2.083E-01  6.443E-17  2.698E-17 -2.837E-01  7.973E-16 -1.678E-16  4.520E-01 -5.914E-16 -9.942E-02  3.661E-16  6.683E-01
  3.500E+00 -2.816E-01   5.748E+00 -3.571E-01 -4.948E-17  3.242E-16 -3.580E-01  2.386E-16  9.275E-16  5.110E-01 -1.864E-16  2.557E-02  2.671E-16  5.870E-01
  3.500E+00 -4.580E-01   6.739E+00 -4.816E-01 -6.785E-17 -5.310E-17 -3.930E-01  1.820E-17  2.287E-17  5.195E-01 -1.646E-16  1.046E-01  1.740E-17  4.687E-01
  3.500E+00 -6.179E-01   8.107E+00 -5.425E-01 -2.582E-17 -1.566E-17 -3.811E-01  3.331E-17  9.726E-17  4.791E-01  1.163E-16  1.318E-01 -3.092E-17  3.483E-01
  3.500E+00 -7.554E-01   9.432E+00 -5.243E-01  1.705E-16 -3.475E-17 -3.332E-01 -2.192E-16 -1.937E-16  4.073E-01  3.113E-16  1.259E-01 -1.583E-17  2.518E-01
  3.500E+00 -8.656E-01   1.012E+01 -4.243E-01  1.581E-17 -4.453E-17 -2.640E-01  9.410E-17  4.489E-17  3.194E-01  1.247E-16  1.051E-01 -7.555E-18  1.850E-01
  3.500E+00 -9.446E-01   9.888E+00 -2.497E-01 -3.967E-17  5.060E-16 -1.812E-01  2.025E-16  4.458E-16  2.197E-01  5.364E-16  7.638E-02 -1.070E-16  1.434E-01
  3.500E+00 -9.894E-01   9.233E+00 -6.163E-02 -1.165E-16  4.137E-16 -8.429E-02  6.191E-17  3.300E-16  1.029E-01  8.323E-17  3.735E-02 -5.004E-17  1.215E-01
  3.600E+00  9.894E-01   3.807E+00  6.207E-03  1.459E-16 -3.415E-16  1.679E-02  2.298E-16 -2.644E-16  7.382E-03  3.558E-16 -6.707E-02  1.074E-16  8.958E-01
  3.600E+00  9.446E-01   4.115E+00  2.698E-02  1.990E-16  2.788E-16  3.093E-02  8.918E-17 -3.480E-17  2.345E-02  2.479E-16 -1.724E-01 -1.559E-16  8.757E-01
  3.600E+00  8.656E-01   4.584E+00  4.846E-02 -1.299E-15 -2.255E-15  3.116E-02  2.151E-16 -1.018E-15  5.006E-02 -1.237E-15 -2.881E-01  3.400E-16  8.294E-01
  3.600E+00  7.554E-01   5.057E+00  6.084E-02 -9.502E-17 -2.472E-17  1.663E-02 -1.746E-16  2.165E-17  8.645E-02  2.267E-17 -3.797E-01 -6.643E-17  7.711E-01
  3.600E+00  6.179E-01   5.366E+00  6.004E-02  3.436E-16  5.969E-16 -1.172E-02 -9.451E-16  4.004E-16  1.327E-01  3.843E-16 -4.242E-01 -3.591E-16  7.240E-01
  3.600E+00  4.580E-01   5.430E+00  4.124E-02 -1.067E-16 -4.124E-16 -5.408E-02  3.136E-16 -3.624E-16  1.912E-01  7.784E-16 -4.150E-01  1.426E-16  6.996E-01
  3.600E+00  2.816E-01   5.310E+00 -4.381E-03 -3.914E-17 -1.494E-16 -1.120E-01 -1.203E-17  3.285E-17  2.640E-01 -7.704E-17 -3.519E-01  1.228E-16  6.939E-01
  3.600E+00  9.501E-02   5.179E+00 -8.852E-02  2.498E-16  2.847E-16 -1.856E-01 -2.742E-16 -1.199E-16  3.487E-01  4.612E-16 -2.396E-01 -1.644E-16  6.882E-01
  3.600E+00 -9.501E-02   5.257E+00 -2.163E-01  2.153E-16  3.213E-16 -2.676E-01  2.685E-18  1.096E-16  4.321E-01  3.648E-16 -9.725E-02  1.555E-17  6.534E-01
  3.600E+00 -2.816E-01   5.762E+00 -3.674E-01 -1.163E-16  4.134E-18 -3.375E-01 -3.306E-17 -7.202E-17  4.880E-01 -1.380E-16  3.427E-02 -8.677E-19  5.679E-01
  3.600E+00 -4.580E-01   6.847E+00 -4.939E-01 -1.505E-16  9.205E-17 -3.702E-01 -4.408E-16  9.072E-16  4.940E-01  8.592E-17  1.146E-01  1.290E-16  4.437E-01
  3.600E+00 -6.179E-01   8.451E+00 -5.541E-01  1.835E-16  4.442E-16 -3.570E-01  7.400E-16  7.956E-18  4.515E-01  7.629E-16  1.378E-01 -2.414E-16  3.190E-01
  3.600E+00 -7.554E-01   1.015E+01 -5.330E-01 -1.719E-16  4.024E-16 -3.080E-01 -1.238E-16 -5.105E-16  3.780E-01 -2.916E-16  1.267E-01  1.482E-16  2.207E-01
  3.600E+00 -8.656E-01   1.122E+01 -4.294E-01 -8.501E-19 -3.451E-15 -2.385E-01  1.740E-15 -2.659E-15  2.897E-01  3.344E-15  1.023E-01 -5.141E-16  1.534E-01
  3.600E+00 -9.446E-01   1.124E+01 -2.517E-01  4.064E-17  1.631E-16 -1.585E-01  4.308E-16  8.691E-17  1.936E-01  6.208E-16  7.232E-02 -9.539E-17  1.106E-01
  3.600E+00 -9.894E-01   1.066E+01 -6.204E-02 -1.350E-16  5.161E-16 -7.156E-02  3.274E-15  7.493E-16  8.834E-02  2.837E-15  3.475E-02 -3.164E-16  8.691E-02
  3.700E+00  9.894E-01   4.299E+00  6.789E-03 -9.984E-17 -9.943E-18  1.553E-02 -1.039E-16  1.144E-16  5.825E-03 -1.115E-16 -7.183E-02  1.546E-16  8.980E-01
  3.700E+00  9.446E-01   4.583E+00  2.911E-02  7.775E-17 -2.613E-17  2.867E-02  1.302E-16 -5.757E-17  2.025E-02  9.016E-17 -1.829E-01 -3.527E-17  8.765E-01
  3.700E+00  8.656E-01   5.015E+00  5.119E-02  2.832E-15 -9.764E-16  2.876E-02  4.637E-15 -8.225E-16  4.579E-02 -4.763E-16 -3.033E-01  4.757E-15  8.268E-01
  3.700E+00  7.554E-01   5.433E+00  6.219E-02  8.466E-17  5.615E-17  1.459E-02  1.464E-18  1.135E-16  8.140E-02  6.256E-17 -3.976E-01  7.797E-17  7.643E-01
  3.700E+00  6.179E-01   5.662E+00  5.861E-02 -9.679E-18  1.113E-17 -1.305E-02 -1.773E-16 -4.136E-17  1.268E-01  2.581E-16 -4.421E-01 -1.718E-17  7.142E-01
  3.700E+00  4.580E-01   5.630E+00  3.667E-02  8.836E-17  2.975E-16 -5.380E-02  4.025E-17  3.642E-16  1.836E-01  2.309E-16 -4.307E-01  1.363E-16  6.886E-01
  3.700E+00  2.816E-01   5.414E+00 -1.157E-02  2.605E-17  3.298E-17 -1.083E-01  6.346E-18 -8.104E-17  2.534E-01  1.588E-16 -3.634E-01 -9.593E-17  6.821E-01
  3.700E+00  9.501E-02   5.202E+00 -9.730E-02 -1.385E-16  1.469E-15 -1.767E-01 -9.064E-16  9.265E-16  3.339E-01  7.815E-17 -2.453E-01 -6.855E-16  6.750E-01
  3.700E+00 -9.501E-02   5.227E+00 -2.261E-01 -4.044E-16 -1.377E-16 -2.527E-01  2.383E-16  1.300E-15  4.126E-01  8.582E-16 -9.608E-02 -1.491E-19  6.374E-01
  3.700E+00 -2.816E-01   5.726E+00 -3.786E-01  1.004E-16  4.633E-16 -3.179E-01 -2.385E-16  4.335E-16  4.650E-01  4.346E-16  4.098E-02 -5.365E-17  5.473E-01
  3.700E+00 -4.580E-01   6.890E+00 -5.062E-01 -9.138E-18 -3.910E-16 -3.483E-01 -3.767E-18  1.804E-16  4.689E-01  7.313E-16  1.219E-01 -1.026E-16  4.182E-01
  3.700E+00 -6.179E-01   8.717E+00 -5.653E-01  2.171E-16  2.853E-16 -3.345E-01 -5.157E-16 -8.470E-17  4.253E-01  3.088E-16  1.414E-01 -1.006E-17  2.909E-01
  3.700E+00 -7.554E-01   1.079E+01 -5.418E-01 -5.275E-17 -3.138E-16 -2.857E-01 -3.320E-16 -7.407E-16  3.518E-01  1.696E-16  1.256E-01 -2.145E-17  1.928E-01
  3.700E+00 -8.656E-01   1.228E+01 -4.353E-01  1.167E-15  1.013E-14 -2.168E-01 -3.245E-14 -1.503E-14  2.643E-01 -2.648E-14  9.835E-02  1.905E-15  1.266E-01
  3.700E+00 -9.446E-01   1.258E+01 -2.548E-01  4.298E-17 -2.732E-16 -1.397E-01  3.856E-16 -1.224E-16  1.718E-01  4.584E-16  6.787E-02 -6.345E-17  8.428E-02
  3.700E+00 -9.894E-01   1.209E+01 -6.303E-02 -5.330E-17  2.275E-16 -6.119E-02  1.264E-16  1.061E-16  7.640E-02 -4.484E-16  3.214E-02 -5.270E-17  6.005E-02
  3.800E+00  9.894E-01   4.815E+00  7.431E-03  6.167E-17  9.736E-18  1.466E-02  5.192E-17  6.789E-17  4.416E-03  2.760E-17 -7.670E-02 -5.260E-17  8.987E-01
  3.800E+00  9.446E-01   5.065E+00  3.141E-02 -2.117E-19  2.500E-17  2.716E-02 -4.329E-17 -6.053E-18  1.730E-02 -1.350E-17 -1.934E-01 -6.780E-18  8.758E-01
  3.800E+00  8.656E-01   5.444E+00  5.418E-02 -5.937E-17  1.277E-16  2.721E-02 -1.009E-16  1.386E-16  4.176E-02 -1.945E-16 -3.183E-01 -1.385E-16  8.227E-01
  3.800E+00  7.554E-01   5.791E+00  6.371E-02  3.971E-18 -4.304E-16  1.324E-02 -5.557E-16  3.324E-16  7.666E-02 -9.261E-16 -4.149E-01  4.473E-16  7.564E-01
  3.800E+00  6.179E-01   5.927E+00  5.712E-02  4.145E-16 -4.226E-16 -1.398E-02 -4.937E-16 -1.231E-15  1.213E-01  7.570E-16 -4.592E-01 -4.260E-15  7.041E-01
  3.800E+00  4.580E-01   5.788E+00  3.168E-02  7.838E-17  2.686E-16 -5.350E-02 -1.878E-16  3.062E-16  1.767E-01  1.697E-16 -4.454E-01  1.157E-16  6.776E-01
  3.800E+00  2.816E-01   5.473E+00 -1.967E-02 -4.848E-17 -4.979E-17 -1.052E-01 -5.833E-17  7.648E-17  2.436E-01  2.093E-16 -3.741E-01  4.186E-16  6.704E-01
  3.800E+00  9.501E-02   5.185E+00 -1.075E-01 -4.971E-17 -1.957E-16 -1.687E-01  3.930E-16 -9.788E-16  3.198E-01 -4.013E-16 -2.507E-01  1.510E-16  6.616E-01
  3.800E+00 -9.501E-02   5.162E+00 -2.375E-01  4.520E-17  9.983E-16 -2.388E-01  1.832E-16  7.136E-16  3.938E-01 -7.299E-16 -9.559E-02  5.531E-16  6.205E-01
  3.800E+00 -2.816E-01   5.652E+00 -3.908E-01  2.232E-16  7.839E-16 -2.991E-01 -3.644E-16  2.217E-16  4.423E-01  2.771E-16  4.605E-02 -1.919E-16  5.256E-01
  3.800E+00 -4.580E-01   6.884E+00 -5.185E-01  1.373E-16  8.346E-17 -3.273E-01 -4.875E-17  6.030E-16  4.443E-01 -6.627E-16  1.272E-01  2.294E-16  3.926E-01
  3.800E+00 -6.179E-01   8.913E+00 -5.763E-01 -2.067E-16 -6.605E-15 -3.138E-01 -1.200E-14 -4.158E-15  4.008E-01  1.224E-14  1.431E-01 -4.132E-15  2.642E-01
  3.800E+00 -7.554E-01   1.135E+01 -5.507E-01 -5.069E-17 -1.048E-15 -2.661E-01  1.073E-15 -2.310E-15  3.284E-01 -6.200E-16  1.234E-01  2.592E-18  1.678E-01
  3.800E+00 -8.656E-01   1.327E+01 -4.421E-01  1.744E-16 -3.947E-16 -1.986E-01 -1.314E-16 -5.522E-16  2.427E-01  1.124E-16  9.392E-02 -3.109E-19  1.040E-01
  3.800E+00 -9.446E-01   1.387E+01 -2.588E-01 -1.711E-17  2.054E-16 -1.243E-01  1.044E-16  3.998E-17  1.537E-01  3.232E-16  6.343E-02  2.251E-17  6.311E-02
  3.800E+00 -9.894E-01   1.349E+01 -6.443E-02  7.015E-17  1.479E-16 -5.270E-02 -4.129E-16  2.786E-16  6.656E-02 -3.384E-17  2.966E-02  3.163E-17  3.915E-02
  3.900E+00  9.894E-01   5.352E+00  8.107E-03  8.533E-17 -2.684E-16  1.407E-02  1.682E-16 -3.326E-16  3.199E-03 -4.689E-17 -8.161E-02 -6.801E-17  8.982E-01
  3.900E+00  9.446E-01   5.558E+00  3.385E-02  4.528E-17 -1.322E-16  2.619E-02  1.040E-16 -1.883E-16  1.467E-02 -7.684E-17 -2.039E-01 -1.872E-16  8.738E-01
  3.900E+00  8.656E-01   5.870E+00  5.740E-02  1.851E-18 -1.275E-16  2.625E-02 -9.121E-17  4.048E-17  3.810E-02 -6.182E-17 -3.330E-01  2.789E-16  8.174E-01
  3.900E+00  7.554E-01   6.131E+00  6.543E-02 -1.205E-16  1.425E-16  1.235E-02 -6.567E-17  1.829E-16  7.237E-02 -4.545E-17 -4.316E-01 -9.324E-17  7.476E-01
  3.900E+00  6.179E-01   6.161E+00  5.568E-02  5.245E-17  1.292E-16 -1.462E-02  5.073E-17  6.584E-17  1.163E-01 -4.453E-17 -4.755E-01 -9.734E-17  6.934E-01
  3.900E+00  4.580E-01   5.909E+00  2.652E-02  2.704E-17  3.041E-17 -5.315E-02 -1.209E-17 -5.352E-17  1.703E-01  3.108E-18 -4.592E-01 -1.391E-16  6.666E-01
  3.900E+00  2.816E-01   5.496E+00 -2.832E-02 -1.525E-17  2.612E-16 -1.023E-01 -3.083E-17  3.830E-16  2.346E-01 -2.687E-17 -3.840E-01 -4.984E-17  6.590E-01
  3.900E+00  9.501E-02   5.137E+00 -1.187E-01  3.946E-17  1.138E-16 -1.614E-01 -5.140E-17 -1.526E-16  3.066E-01 -1.318E-16 -2.558E-01  9.888E-17  6.481E-01
  3.900E+00 -9.501E-02   5.072E+00 -2.500E-01  1.474E-17  1.923E-16 -2.258E-01  8.035E-17 -8.220E-17  3.757E-01 -1.237E-16 -9.553E-02 -1.300E-16  6.031E-01
  3.900E+00 -2.816E-01   5.553E+00 -4.037E-01  4.546E-17 -9.593E-17 -2.811E-01 -3.808E-17  1.881E-17  4.200E-01  1.586E-16  4.977E-02 -8.600E-17  5.033E-01
  3.900E+00 -4.580E-01   6.839E+00 -5.309E-01  6.814E-19  3.459E-16 -3.074E-01 -1.545E-16  2.690E-16  4.205E-01 -1.275E-16  1.308E-01  7.147E-17  3.673E-01
  3.900E+00 -6.179E-01   9.050E+00 -5.872E-01 -3.119E-17 -1.626E-16 -2.947E-01 -8.860E-17 -7.219E-16  3.779E-01 -1.754E-17  1.435E-01 -4.541E-18  2.393E-01
  3.900E+00 -7.554E-01   1.184E+01 -5.600E-01 -8.885E-18  7.233E-16 -2.490E-01 -5.101E-16 -3.648E-16  3.077E-01 -7.433E-16  1.205E-01  2.349E-17  1.456E-01
  3.900E+00 -8.656E-01   1.420E+01 -4.498E-01  5.782E-17  2.290E-16 -1.833E-01 -2.313E-16  2.224E-16  2.243E-01 -5.799E-16  8.940E-02  4.800E-17  8.490E-02
  3.900E+00 -9.446E-01   1.511E+01 -2.639E-01  5.045E-17  3.959E-16 -1.115E-01  6.671E-16  3.979E-16  1.386E-01  5.766E-16  5.920E-02 -6.478E-17  4.608E-02
  3.900E+00 -9.894E-01   1.483E+01 -6.602E-02  8.536E-17 -3.428E-16 -4.567E-02  1.493E-15  6.327E-16  5.840E-02  1.117E-15  2.738E-02  1.311E-16  2.284E-02
  4.000E+00  9.894E-01   5.906E+00  8.792E-03  1.375E-17  3.154E-17  1.367E-02  1.719E-17 -3.483E-17  2.172E-03  5.079E-18 -8.650E-02 -3.286E-17  8.969E-01
  4.000E+00  9.446E-01   6.057E+00  3.642E-02  1.108E-16  1.460E-16  2.559E-02  1.441E-16  2.821E-17  1.238E-02  1.461E-16 -2.143E-01 -1.297E-16  8.708E-01
  4.000E+00  8.656E-01   6.291E+00  6.082E-02 -1.355E-16 -2.496E-16  2.569E-02  2.738E-17 -8.711E-17  3.489E-02 -1.566E-16 -3.474E-01  5.328E-17  8.110E-01
  4.000E+00  7.554E-01   6.454E+00  6.732E-02 -1.659E-17 -5.190E-17  1.176E-02 -1.271E-16  1.335E-16  6.859E-02 -4.280E-17 -4.478E-01  5.269E-17  7.379E-01
  4.000E+00  6.179E-01   6.367E+00  5.434E-02 -9.433E-17 -3.689E-17 -1.505E-02  1.178E-16 -8.455E-17  1.118E-01 -2.272E-16 -4.910E-01  1.314E-16  6.824E-01
  4.000E+00  4.580E-01   5.997E+00  2.134E-02 -2.023E-16 -3.028E-16 -5.274E-02 -9.982E-18 -6.060E-17  1.645E-01 -3.197E-16 -4.721E-01  9.658E-17  6.556E-01
  4.000E+00  2.816E-01   5.488E+00 -3.726E-02 -9.930E-17  1.981E-16 -9.972E-02 -1.395E-17  4.086E-16  2.262E-01 -1.325E-16 -3.932E-01  1.513E-16  6.477E-01
  4.000E+00  9.501E-02   5.065E+00 -1.306E-01 -1.402E-16 -4.404E-16 -1.548E-01 -7.822E-17 -2.920E-16  2.943E-01 -1.094E-16 -2.605E-01 -1.810E-16  6.347E-01
  4.000E+00 -9.501E-02   4.963E+00 -2.634E-01 -5.855E-17  1.416E-17 -2.136E-01  7.628E-16 -4.195E-16  3.582E-01 -9.598E-17 -9.572E-02  4.177E-17  5.854E-01
  4.000E+00 -2.816E-01   5.437E+00 -4.172E-01 -5.266E-17  9.471E-17 -2.640E-01  2.414E-16  1.284E-16  3.983E-01  6.549E-18  5.238E-02  2.361E-17  4.808E-01
  4.000E+00 -4.580E-01   6.767E+00 -5.433E-01 -1.907E-16 -1.622E-16 -2.884E-01 -3.050E-16  3.298E-16  3.976E-01 -1.162E-16  1.330E-01 -1.772E-16  3.426E-01
  4.000E+00 -6.179E-01   9.133E+00 -5.980E-01 -2.892E-17 -2.291E-15 -2.770E-01  6.848E-16 -4.912E-16  3.567E-01  2.239E-15  1.430E-01 -4.173E-16  2.162E-01
  4.000E+00 -7.554E-01   1.226E+01 -5.696E-01 -4.049E-17 -6.547E-16 -2.339E-01 -9.415E-16 -4.450E-16  2.893E-01 -1.079E-16  1.174E-01 -2.360E-17  1.261E-01
  4.000E+00 -8.656E-01   1.505E+01 -4.584E-01 -1.093E-16  3.945E-16 -1.704E-01 -9.703E-16  4.762E-17  2.087E-01 -5.127E-16  8.504E-02  7.099E-17  6.883E-02
  4.000E+00 -9.446E-01   1.628E+01 -2.700E-01  2.476E-17  4.831E-17 -1.010E-01 -5.370E-16 -4.585E-16  1.261E-01 -1.058E-17  5.529E-02 -3.213E-18  3.233E-02
  4.000E+00 -9.894E-01   1.611E+01 -6.768E-02 -4.622E-17 -1.687E-16 -3.979E-02 -1.609E-16 -1.771E-16  5.154E-02 -1.404E-16  2.532E-02  1.505E-17  1.002E-02
  4.100E+00  9.894E-01   6.472E+00  9.473E-03 -1.108E-16 -1.327E-17  1.342E-02 -2.507E-16 -1.288E-16  1.308E-03 -2.002E-16 -9.135E-02 -6.583E-18  8.950E-01
  4.100E+00  9.446E-01   6.560E+00  3.911E-02  2.175E-17 -2.158E-17  2.525E-02 -4.762E-18 -3.086E-17  1.043E-02  6.195E-17 -2.246E-01 -2.123E-17  8.671E-01
  4.100E+00  8.656E-01   6.704E+00  6.440E-02  8.904E-17  1.384E-16  2.536E-02  2.177E-17 -6.396E-18  3.215E-02  7.497E-17 -3.616E-01 -2.713E-16  8.038E-01
  4.100E+00  7.554E-01   6.758E+00  6.936E-02 -3.244E-17 -4.819E-17  1.135E-02 -1.666E-17  4.472E-17  6.533E-02 -2.919E-17 -4.635E-01  5.140E-18  7.274E-01
  4.100E+00  6.179E-01   6.546E+00  5.313E-02  6.374E-17  1.366E-16 -1.532E-02  2.318E-16 -1.386E-17  1.079E-01  6.778E-17 -5.057E-01  1.047E-16  6.709E-01
  4.100E+00  4.580E-01   6.056E+00  1.621E-02  4.228E-17 -2.080E-16 -5.227E-02 -4.131E-17 -2.014E-16  1.592E-01 -1.155E-18 -4.842E-01  9.016E-18  6.446E-01
  4.100E+00  2.816E-01   5.454E+00 -4.634E-02  2.495E-16  2.279E-16 -9.739E-02  1.983E-17 -1.381E-16  2.186E-01  2.361E-16 -4.017E-01 -5.241E-17  6.366E-01
  4.100E+00  9.501E-02   4.973E+00 -1.429E-01  2.579E-16  5.571E-16 -1.487E-01 -1.975E-16  7.171E-16  2.828E-01  6.028E-16 -2.647E-01  1.405E-16  6.215E-01
  4.100E+00 -9.501E-02   4.842E+00 -2.774E-01  7.908E-17  1.349E-16 -2.022E-01 -1.058E-16  7.538E-17  3.415E-01  2.723E-16 -9.606E-02  1.489E-16  5.676E-01
  4.100E+00 -2.816E-01   5.309E+00 -4.311E-01  2.173E-16 -1.211E-16 -2.477E-01 -6.646E-16 -5.574E-16  3.774E-01  3.383E-16  5.407E-02 -1.404E-16  4.583E-01
  4.100E+00 -4.580E-01   6.672E+00 -5.557E-01  1.280E-17  1.145E-16 -2.705E-01 -2.226E-16 -6.181E-16  3.756E-01 -1.003E-15  1.340E-01  1.807E-16  3.188E-01
  4.100E+00 -6.179E-01   9.171E+00 -6.088E-01  3.143E-16  9.952E-16 -2.608E-01 -2.284E-16 -1.417E-16  3.369E-01  1.500E-16  1.419E-01  8.397E-17  1.948E-01
  4.100E+00 -7.554E-01   1.260E+01 -5.795E-01  1.233E-16 -6.661E-16 -2.207E-01 -2.862E-16 -3.670E-16  2.731E-01  5.378E-16  1.142E-01 -1.969E-17  1.088E-01
  4.100E+00 -8.656E-01   1.582E+01 -4.677E-01 -6.972E-17  7.328E-16 -1.597E-01 -7.845E-16  9.960E-16  1.955E-01  1.375E-16  8.098E-02 -5.522E-17  5.528E-02
  4.100E+00 -9.446E-01   1.738E+01 -2.769E-01 -6.272E-17  2.687E-16 -9.233E-02  6.738E-16  4.465E-16  1.157E-01  4.112E-16  5.175E-02 -1.897E-17  2.120E-02
  4.100E+00 -9.894E-01   1.731E+01 -6.938E-02  3.698E-19 -3.705E-15 -3.482E-02  4.881E-16 -4.031E-15  4.574E-02  3.738E-16  2.348E-02  1.267E-17 -1.041E-04
  4.200E+00  9.894E-01   7.046E+00  1.015E-02 -8.102E-17  4.240E-17  1.328E-02 -3.927E-17 -3.963E-17  5.780E-04 -1.322E-16 -9.613E-02 -3.265E-17  8.926E-01
  4.200E+00  9.446E-01   7.064E+00  4.189E-02  1.454E-16  5.855E-17  2.510E-02  2.553E-17  1.664E-16  8.786E-03  3.602E-16 -2.348E-01  8.833E-16  8.627E-01
  4.200E+00  8.656E-01   7.108E+00  6.810E-02 -7.616E-18 -4.301E-16  2.516E-02 -1.216E-16 -2.537E-16  2.986E-02 -1.993E-16 -3.755E-01  1.354E-16  7.958E-01
  4.200E+00  7.554E-01   7.044E+00  7.151E-02 -1.368E-16 -3.063E-17  1.105E-02 -1.598E-16  1.564E-16  6.256E-02 -6.739E-17 -4.785E-01 -1.281E-17  7.163E-01
  4.200E+00  6.179E-01   6.702E+00  5.204E-02 -8.297E-17 -5.333E-17 -1.547E-02 -3.261E-17  5.055E-17  1.043E-01 -2.042E-16 -5.197E-01 -8.015E-17  6.591E-01
  4.200E+00  4.580E-01   6.090E+00  1.117E-02  1.414E-17 -1.067E-16 -5.178E-02 -5.797E-17 -3.064E-16  1.544E-01 -1.171E-16 -4.957E-01 -2.105E-16  6.336E-01
  4.200E+00  2.816E-01   5.399E+00 -5.542E-02  1.051E-16 -2.823E-17 -9.528E-02  9.194E-17  5.410E-17  2.117E-01  1.127E-16 -4.095E-01  3.497E-17  6.257E-01
  4.200E+00  9.501E-02   4.867E+00 -1.554E-01 -1.982E-17 -2.528E-17 -1.431E-01 -1.361E-16  4.006E-16  2.720E-01  5.478E-16 -2.685E-01 -2.244E-17  6.086E-01
  4.200E+00 -9.501E-02   4.712E+00 -2.916E-01  3.612E-17 -1.861E-16 -1.913E-01  1.777E-16 -6.525E-16  3.255E-01 -2.085E-17 -9.648E-02 -6.432E-17  5.501E-01
  4.200E+00 -2.816E-01   5.175E+00 -4.452E-01  1.979E-16  1.245E-16 -2.323E-01 -1.855E-16  2.615E-16  3.572E-01  2.035E-16  5.497E-02 -2.369E-17  4.362E-01
  4.200E+00 -4.580E-01   6.562E+00 -5.681E-01 -1.304E-16  2.114E-15 -2.536E-01 -6.995E-16  1.856E-15  3.547E-01 -3.039E-17  1.342E-01 -1.906E-16  2.960E-01
  4.200E+00 -6.179E-01   9.171E+00 -6.194E-01 -5.041E-17 -2.849E-16 -2.459E-01 -1.492E-17 -5.574E-16  3.187E-01 -8.618E-16  1.403E-01  9.153E-17  1.752E-01
  4.200E+00 -7.554E-01   1.288E+01 -5.895E-01 -1.098E-16 -4.721E-16 -2.092E-01 -6.457E-17  2.888E-16  2.588E-01  8.044E-16  1.110E-01 -1.333E-16  9.368E-02
  4.200E+00 -8.656E-01   1.651E+01 -4.775E-01  1.118E-16 -6.602E-16 -1.507E-01 -4.108E-15 -1.357E-15  1.842E-01 -3.647E-16  7.727E-02  7.526E-17  4.382E-02
  4.200E+00 -9.446E-01   1.841E+01 -2.845E-01  3.107E-17  1.596E-15 -8.511E-02  9.120E-16  1.174E-15  1.069E-01  2.101E-15  4.858E-02 -2.998E-16  1.214E-02
  4.200E+00 -9.894E-01   1.843E+01 -7.120E-02 -1.564E-17  3.582E-16 -3.059E-02 -3.358E-16  4.506E-16  4.079E-02 -6.396E-16  2.185E-02  1.124E-16 -8.165E-03
  4.300E+00  9.894E-01   7.625E+00  1.082E-02  1.699E-16  1.064E-15  1.323E-02 -3.219E-17  1.007E-15 -4.229E-05  4.297E-16 -1.008E-01  2.443E-16  8.897E-01
  4.300E+00  9.446E-01   7.565E+00  4.477E-02  1.770E-16 -4.381E-16  2.505E-02 -1.569E-17  1.116E-16  7.426E-03 -1.003E-16 -2.449E-01  5.821E-16  8.579E-01
  4.300E+00  8.656E-01   7.502E+00  7.188E-02  8.897E-17  1.351E-16  2.503E-02  7.090E-17 -3.410E-17  2.799E-02  7.090E-17 -3.891E-01  8.077E-17  7.871E-01
  4.300E+00  7.554E-01   7.313E+00  7.372E-02  1.486E-17 -4.301E-18  1.081E-02 -2.674E-16  1.933E-16  6.022E-02 -2.195E-16 -4.931E-01 -3.784E-17  7.046E-01
  4.300E+00  6.179E-01   6.835E+00  5.104E-02 -1.238E-16 -1.648E-16 -1.553E-02 -7.150E-17  8.585E-17  1.012E-01 -1.487E-16 -5.331E-01  1.830E-16  6.469E-01
  4.300E+00  4.580E-01   6.101E+00  6.253E-03  2.270E-16  3.229E-16 -5.129E-02  3.065E-16 -3.134E-16  1.501E-01  6.908E-17 -5.064E-01  9.985E-17  6.225E-01
  4.300E+00  2.816E-01   5.326E+00 -6.443E-02 -1.230E-16 -1.531E-17 -9.337E-02 -8.349E-16 -4.375E-16  2.054E-01  3.143E-16 -4.167E-01 -3.988E-16  6.151E-01
  4.300E+00  9.501E-02   4.750E+00 -1.679E-01 -3.246E-16  2.475E-15 -1.379E-01  2.304E-16  6.325E-16  2.618E-01  4.237E-16 -2.718E-01 -6.655E-16  5.959E-01
  4.300E+00 -9.501E-02   4.577E+00 -3.060E-01 -1.853E-16  1.474E-16 -1.811E-01 -2.558E-15 -5.785E-15  3.102E-01  1.745E-16 -9.696E-02 -9.438E-16  5.328E-01
  4.300E+00 -2.816E-01   5.036E+00 -4.592E-01 -6.668E-17  1.179E-15 -2.176E-01 -1.082E-15  1.870E-15  3.378E-01  1.453E-15  5.521E-02 -2.384E-16  4.148E-01
  4.300E+00 -4.580E-01   6.440E+00 -5.802E-01  3.359E-16  5.637E-16 -2.377E-01 -4.750E-16  6.768E-16  3.348E-01 -3.116E-16  1.336E-01  1.610E-16  2.745E-01
  4.300E+00 -6.179E-01   9.137E+00 -6.300E-01 -4.128E-17  1.951E-16 -2.321E-01 -1.388E-15  8.416E-16  3.018E-01  1.278E-15  1.384E-01 -5.933E-16  1.572E-01
  4.300E+00 -7.554E-01   1.309E+01 -5.996E-01 -3.582E-18 -3.418E-16 -1.989E-01  1.889E-15 -5.171E-16  2.461E-01 -1.338E-16  1.080E-01 -5.319E-17  8.032E-02
  4.300E+00 -8.656E-01   1.713E+01 -4.877E-01 -5.620E-18  8.417E-17 -1.431E-01  1.594E-15 -4.545E-16  1.747E-01  5.755E-16  7.395E-02 -2.663E-17  3.410E-02
  4.300E+00 -9.446E-01   1.935E+01 -2.928E-01  2.365E-17 -1.313E-15 -7.911E-02  1.267E-15 -8.769E-16  9.954E-02  1.156E-16  4.579E-02  8.924E-17  4.720E-03
  4.300E+00 -9.894E-01   1.946E+01 -7.323E-02 -8.206E-17  3.841E-16 -2.697E-02  5.998E-15  1.037E-15  3.654E-02  3.656E-15  2.042E-02 -4.896E-17 -1.462E-02
  4.400E+00  9.894E-01   8.206E+00  1.151E-02  1.955E-16  3.184E-16  1.325E-02  3.559E-16  2.071E-16 -5.708E-04  4.938E-16 -1.055E-01  1.018E-15  8.865E-01
  4.400E+00  9.446E-01   8.061E+00  4.771E-02  6.030E-17  5.313E-17  2.507E-02  1.306E-16  2.464E-16  6.322E-03  4.824E-17 -2.549E-01  7.891E-16  8.525E-01
  4.400E+00  8.656E-01   7.885E+00  7.570E-02 -1.141E-16  4.019E-18  2.492E-02 -8.237E-17  2.595E-17  2.650E-02  1.136E-16 -4.024E-01 -2.660E-19  7.778E-01
  4.400E+00  7.554E-01   7.564E+00  7.595E-02  2.185E-16  1.631E-16  1.061E-02  1.554E-16 -6.224E-18  5.827E-02  9.528E-17 -5.070E-01 -5.231E-17  6.923E-01
  4.400E+00  6.179E-01   6.947E+00  5.010E-02  1.428E-16  6.724E-17 -1.554E-02  1.425E-18 -2.973E-18  9.844E-02  2.052E-16 -5.458E-01  8.459E-18  6.344E-01
  4.400E+00  4.580E-01   6.094E+00  1.462E-03  1.535E-16  3.088E-16 -5.080E-02 -8.407E-17 -5.018E-17  1.462E-01  7.485E-17 -5.166E-01 -3.073E-16  6.115E-01
  4.400E+00  2.816E-01   5.240E+00 -7.330E-02 -4.383E-16 -1.426E-15 -9.160E-02 -2.635E-16 -5.224E-16  1.996E-01 -5.104E-16 -4.232E-01 -1.901E-16  6.047E-01
  4.400E+00  9.501E-02   4.625E+00 -1.804E-01 -3.293E-17  5.739E-17 -1.330E-01  8.895E-17  8.687E-17  2.523E-01  2.428E-16 -2.747E-01  4.675E-17  5.835E-01
  4.400E+00 -9.501E-02   4.440E+00 -3.203E-01 -1.313E-16 -3.529E-16 -1.714E-01  1.912E-17  4.222E-16  2.956E-01  2.112E-16 -9.748E-02 -1.367E-16  5.160E-01
  4.400E+00 -2.816E-01   4.896E+00 -4.730E-01  7.304E-17 -3.885E-16 -2.037E-01  6.136E-16 -1.494E-15  3.193E-01  1.565E-16  5.486E-02 -1.080E-16  3.943E-01
  4.400E+00 -4.580E-01   6.310E+00 -5.921E-01  9.948E-17  2.121E-15 -2.228E-01 -8.772E-16  2.039E-15  3.160E-01  2.912E-16  1.324E-01 -2.887E-17  2.543E-01
  4.400E+00 -6.179E-01   9.077E+00 -6.404E-01  8.370E-17  1.530E-16 -2.194E-01  1.971E-16 -1.261E-17  2.862E-01  7.400E-17  1.363E-01  1.755E-17  1.408E-01
  4.400E+00 -7.554E-01   1.324E+01 -6.096E-01  2.498E-16  4.175E-16 -1.899E-01 -7.272E-16 -4.516E-16  2.347E-01 -7.916E-16  1.053E-01  3.111E-16  6.853E-02
  4.400E+00 -8.656E-01   1.766E+01 -4.980E-01  6.370E-17  1.951E-16 -1.367E-01  9.101E-16  3.009E-17  1.666E-01  7.921E-16  7.099E-02 -3.955E-17  2.582E-02
  4.400E+00 -9.446E-01   2.023E+01 -3.014E-01 -2.867E-18 -1.025E-15 -7.411E-02 -1.145E-14 -6.524E-15  9.333E-02 -9.243E-15  4.334E-02  7.204E-16 -1.383E-03
  4.400E+00 -9.894E-01   2.042E+01 -7.558E-02  4.492E-17 -3.203E-15 -2.388E-02 -3.180E-15  3.271E-15  3.290E-02  4.055E-15  1.918E-02 -1.014E-15 -1.983E-02
  4.500E+00  9.894E-01   8.786E+00  1.222E-02 -2.973E-18 -3.523E-17  1.332E-02  8.112E-18  9.270E-18 -1.020E-03  2.531E-17 -1.101E-01  8.240E-17  8.830E-01
  4.500E+00  9.446E-01   8.550E+00  5.071E-02  2.780E-17  5.303E-17  2.511E-02 -2.726E-17  1.803E-16  5.444E-03 -1.299E-17 -2.647E-01 -4.048E-17  8.467E-01
  4.500E+00  8.656E-01   8.255E+00  7.955E-02 -2.276E-17  2.716E-17  2.482E-02 -6.678E-17  6.799E-18  2.533E-02 -7.682E-17 -4.154E-01 -2.747E-17  7.679E-01
  4.500E+00  7.554E-01   7.799E+00  7.816E-02  1.325E-16 -1.706E-16  1.044E-02  2.688E-16 -1.410E-16  5.664E-02 -1.226E-16 -5.205E-01  2.356E-16  6.796E-01
  4.500E+00  6.179E-01   7.041E+00  4.920E-02 -4.581E-16 -1.576E-15 -1.552E-02 -6.794E-16  9.917E-16  9.601E-02 -4.638E-16 -5.579E-01  2.911E-15  6.217E-01
  4.500E+00  4.580E-01   6.070E+00 -3.200E-03  7.271E-17 -5.600E-17 -5.034E-02  4.757E-16  6.308E-17  1.427E-01 -3.737E-16 -5.262E-01  4.774E-17  6.004E-01
  4.500E+00  2.816E-01   5.142E+00 -8.199E-02 -2.035E-16 -8.950E-16 -8.993E-02  5.094E-16 -1.876E-16  1.942E-01 -8.487E-16 -4.293E-01 -9.839E-17  5.946E-01
  4.500E+00  9.501E-02   4.496E+00 -1.927E-01  6.712E-17 -4.732E-16 -1.284E-01  6.985E-16 -2.762E-16  2.433E-01 -5.495E-16 -2.772E-01  8.618E-17  5.715E-01
  4.500E+00 -9.501E-02   4.302E+00 -3.346E-01 -1.762E-16 -9.816E-16 -1.623E-01  8.416E-17 -1.086E-15  2.816E-01 -1.606E-15 -9.806E-02  3.248E-16  4.996E-01
  4.500E+00 -2.816E-01   4.755E+00 -4.864E-01 -1.020E-16 -2.752E-15 -1.907E-01 -1.482E-15 -2.686E-15  3.016E-01 -1.396E-15  5.402E-02  1.010E-16  3.748E-01
  4.500E+00 -4.580E-01   6.174E+00 -6.035E-01  1.573E-16 -3.304E-16 -2.088E-01 -6.492E-16 -1.700E-15  2.983E-01 -1.364E-15  1.308E-01  2.660E-16  2.354E-01
  4.500E+00 -6.179E-01   8.993E+00 -6.505E-01  1.260E-15  6.490E-15 -2.078E-01 -1.151E-14 -1.052E-14  2.717E-01 -3.402E-15  1.342E-01  2.183E-15  1.259E-01
  4.500E+00 -7.554E-01   1.335E+01 -6.197E-01  9.024E-17  1.952E-15 -1.818E-01  1.281E-16  1.988E-15  2.246E-01 -7.368E-16  1.027E-01  6.579E-17  5.810E-02
  4.500E+00 -8.656E-01   1.813E+01 -5.085E-01 -5.237E-17 -7.020E-17 -1.314E-01  2.578E-16 -1.765E-16  1.596E-01  2.782E-17  6.838E-02  2.807E-17  1.873E-02
  4.500E+00 -9.446E-01   2.103E+01 -3.104E-01 -2.995E-18  2.727E-15 -6.993E-02  4.465E-16  2.968E-15  8.808E-02  2.097E-16  4.121E-02 -1.029E-18 -6.437E-03
  4.500E+00 -9.894E-01   2.131E+01 -7.829E-02 -1.198E-16  1.406E-15 -2.124E-02 -5.690E-16  1.572E-15  2.976E-02  2.358E-17  1.811E-02 -1.576E-16 -2.405E-02
  4.600E+00  9.894E-01   9.362E+00  1.297E-02  7.707E-17 -3.239E-17  1.341E-02  1.334E-16 -7.747E-17 -1.398E-03  1.138E-16 -1.147E-01 -7.118E-17  8.792E-01
  4.600E+00  9.446E-01   9.032E+00  5.376E-02 -3.983E-15  1.824E-15  2.517E-02 -6.468E-15  3.047E-15  4.766E-03 -4.535E-15 -2.744E-01  3.008E-15  8.406E-01
  4.600E+00  8.656E-01   8.612E+00  8.339E-02 -2.254E-16 -1.457E-16  2.471E-02  2.083E-17 -1.262E-17  2.444E-02 -1.427E-16 -4.280E-01 -2.499E-17  7.576E-01
  4.600E+00  7.554E-01   8.017E+00  8.032E-02  8.343E-17 -1.792E-17  1.028E-02  1.243E-16  5.915E-17  5.529E-02  1.558E-16 -5.334E-01 -7.492E-17  6.664E-01
  4.600E+00  6.179E-01   7.117E+00  4.831E-02  1.390E-16 -1.597E-16 -1.550E-02  4.418E-16 -1.385E-16  9.389E-02  5.609E-16 -5.695E-01  3.758E-16  6.087E-01
  4.600E+00  4.580E-01   6.031E+00 -7.735E-03  4.049E-16  7.140E-16 -4.988E-02  5.594E-16  3.188E-16  1.395E-01  7.226E-16 -5.352E-01  1.129E-16  5.894E-01
  4.600E+00  2.816E-01   5.037E+00 -9.047E-02  1.957E-17 -5.646E-16 -8.832E-02  4.261E-16 -1.696E-16  1.892E-01 -8.356E-16 -4.348E-01  5.403E-16  5.847E-01
  4.600E+00  9.501E-02   4.364E+00 -2.049E-01 -6.490E-16 -2.246E-15 -1.241E-01 -3.317E-16 -1.964E-15  2.347E-01  2.618E-16 -2.793E-01 -1.385E-15  5.598E-01
  4.600E+00 -9.501E-02   4.166E+00 -3.486E-01 -2.400E-16  2.280E-15 -1.538E-01  6.270E-15  4.154E-15  2.683E-01 -4.547E-15 -9.869E-02  1.248E-15  4.839E-01
  4.600E+00 -2.816E-01   4.617E+00 -4.995E-01  2.266E-17  4.281E-16 -1.784E-01  3.798E-16 -5.834E-16  2.848E-01 -5.345E-16  5.274E-02  6.350E-17  3.563E-01
  4.600E+00 -4.580E-01   6.034E+00 -6.145E-01 -4.118E-17 -3.033E-17 -1.957E-01 -1.591E-15  7.616E-16  2.816E-01 -4.832E-16  1.289E-01  5.384E-17  2.179E-01
  4.600E+00 -6.179E-01   8.891E+00 -6.604E-01 -7.333E-17 -1.566E-16 -1.969E-01 -2.493E-15  1.322E-15  2.582E-01 -9.124E-17  1.320E-01  4.100E-18  1.123E-01
  4.600E+00 -7.554E-01   1.340E+01 -6.296E-01 -1.224E-17 -3.633E-16 -1.745E-01 -3.027E-16 -5.758E-16  2.154E-01 -1.491E-16  1.004E-01  8.539E-17  4.882E-02
  4.600E+00 -8.656E-01   1.852E+01 -5.189E-01 -7.186E-16 -4.859E-16 -1.268E-01 -2.731E-15 -9.031E-16  1.537E-01  9.633E-16  6.609E-02  1.980E-17  1.262E-02
  4.600E+00 -9.446E-01   2.176E+01 -3.194E-01 -1.690E-15 -1.827E-14 -6.645E-02  1.249E-14 -1.621E-14  8.365E-02 -3.211E-14  3.935E-02  6.580E-15 -1.065E-02
  4.600E+00 -9.894E-01   2.213E+01 -8.139E-02  5.821E-17  4.988E-16 -1.898E-02  1.514E-16  1.989E-17  2.707E-02  3.679E-16  1.719E-02 -6.460E-17 -2.749E-02
  4.700E+00  9.894E-01   9.933E+00  1.375E-02 -8.232E-17 -1.099E-16  1.352E-02 -5.046E-17 -1.160E-16 -1.711E-03 -1.015E-16 -1.192E-01 -2.249E-16  8.752E-01
  4.700E+00  9.446E-01   9.504E+00  5.685E-02  1.033E-17 -2.968E-17  2.522E-02  7.000E-17 -2.938E-17  4.258E-03  2.040E-17 -2.840E-01 -1.091E-17  8.341E-01
  4.700E+00  8.656E-01   8.957E+00  8.721E-02 -8.928E-17 -8.922E-17  2.460E-02  8.343E-17  4.566E-17  2.378E-02 -5.883E-17 -4.403E-01  3.136E-16  7.467E-01
  4.700E+00  7.554E-01   8.220E+00  8.238E-02 -1.564E-16 -1.603E-15  1.013E-02 -7.061E-16 -1.470E-15  5.418E-02 -2.049E-15 -5.459E-01 -2.101E-15  6.528E-01
  4.700E+00  6.179E-01   7.178E+00  4.740E-02  6.909E-17  6.572E-18 -1.550E-02 -3.642E-17 -5.596E-18  9.204E-02  1.593E-16 -5.806E-01 -8.652E-18  5.956E-01
  4.700E+00  4.580E-01   5.981E+00 -1.215E-02 -4.036E-17 -1.252E-16 -4.944E-02 -1.638E-15 -4.797E-16  1.366E-01 -4.621E-16 -5.438E-01  9.007E-16  5.784E-01
  4.700E+00  2.816E-01   4.924E+00 -9.872E-02 -7.782E-17  8.472E-16 -8.674E-02  4.018E-17  8.942E-16  1.844E-01  9.498E-16 -4.398E-01  1.383E-17  5.750E-01
  4.700E+00  9.501E-02   4.231E+00 -2.168E-01  1.150E-15  7.097E-15 -1.200E-01 -5.070E-15  6.705E-15  2.266E-01 -4.788E-15 -2.811E-01 -1.722E-15  5.485E-01
  4.700E+00 -9.501E-02   4.032E+00 -3.624E-01  1.320E-15  7.421E-15 -1.457E-01 -2.977E-15  1.369E-15  2.556E-01 -5.506E-15 -9.937E-02  2.314E-15  4.687E-01
  4.700E+00 -2.816E-01   4.481E+00 -5.120E-01 -1.872E-17  1.389E-15 -1.669E-01  1.116E-15  1.015E-15  2.689E-01  1.964E-15  5.109E-02 -1.777E-16  3.390E-01
  4.700E+00 -4.580E-01   5.892E+00 -6.250E-01 -1.464E-17  5.435E-15 -1.834E-01 -3.320E-16 -1.922E-15  2.658E-01 -1.587E-15  1.266E-01 -9.094E-16  2.018E-01
  4.700E+00 -6.179E-01   8.772E+00 -6.700E-01 -1.378E-16 -4.265E-16 -1.869E-01 -9.021E-17  1.161E-16  2.458E-01 -4.411E-16  1.299E-01 -4.974E-18  9.997E-02
  4.700E+00 -7.554E-01   1.341E+01 -6.393E-01  1.870E-16 -2.160E-14 -1.680E-01 -1.284E-14  2.206E-14  2.071E-01 -6.659E-15  9.838E-02  3.582E-15  4.056E-02
  4.700E+00 -8.656E-01   1.884E+01 -5.292E-01 -2.841E-16 -1.565E-16 -1.229E-01  7.487E-16 -5.407E-16  1.485E-01  5.671E-16  6.410E-02 -1.284E-17  7.324E-03
  4.700E+00 -9.446E-01   2.241E+01 -3.286E-01 -1.053E-17 -9.629E-16 -6.355E-02 -1.277E-15 -8.036E-16  7.989E-02 -1.749E-15  3.774E-02  1.798E-16 -1.418E-02
  4.700E+00 -9.894E-01   2.289E+01 -8.484E-02 -8.340E-17 -1.762E-15 -1.707E-02  1.323E-15 -2.046E-15  2.477E-02  1.496E-16  1.641E-02  8.149E-17 -3.032E-02
  4.800E+00  9.894E-01   1.050E+01  1.458E-02 -1.508E-17 -1.043E-16  1.363E-02 -1.296E-17 -6.169E-17 -1.965E-03 -1.970E-17 -1.237E-01  3.767E-17  8.710E-01
  4.800E+00  9.446E-01   9.965E+00  5.996E-02 -5.272E-17 -1.214E-16  2.526E-02 -1.532E-16 -4.817E-17  3.896E-03  1.354E-16 -2.934E-01  2.221E-16  8.273E-01
  4.800E+00  8.656E-01   9.288E+00  9.097E-02  2.736E-17 -4.205E-17  2.448E-02  7.635E-17 -6.782E-17  2.330E-02  1.185E-16 -4.523E-01 -2.676E-17  7.355E-01
  4.800E+00  7.554E-01   8.408E+00  8.433E-02  4.628E-18  1.049E-16  9.976E-03 -1.131E-15 -2.142E-16  5.326E-02 -6.761E-17 -5.578E-01 -1.866E-16  6.388E-01
  4.800E+00  6.179E-01   7.224E+00  4.644E-02 -3.741E-16 -4.488E-16 -1.551E-02  7.647E-17  7.521E-18  9.044E-02 -5.352E-17 -5.911E-01 -5.273E-16  5.822E-01
  4.800E+00  4.580E-01   5.920E+00 -1.645E-02  1.509E-16  9.529E-16 -4.901E-02 -3.108E-16  7.472E-17  1.340E-01  7.719E-16 -5.519E-01 -1.553E-16  5.675E-01
  4.800E+00  2.816E-01   4.807E+00 -1.067E-01 -1.085E-16 -6.877E-16 -8.516E-02 -2.684E-16 -1.748E-16  1.799E-01 -4.931E-16 -4.445E-01 -4.919E-16  5.656E-01
  4.800E+00  9.501E-02   4.099E+00 -2.285E-01  1.003E-16 -1.542E-15 -1.160E-01 -7.427E-16 -1.470E-15  2.188E-01 -1.050E-15 -2.825E-01 -5.247E-17  5.375E-01
  4.800E+00 -9.501E-02   3.901E+00 -3.759E-01  9.379E-17 -2.377E-15 -1.382E-01  4.900E-17 -1.474E-15  2.436E-01 -1.637E-15 -1.001E-01 -3.753E-18  4.542E-01
  4.800E+00 -2.816E-01   4.348E+00 -5.241E-01 -3.020E-16 -2.066E-15 -1.561E-01 -7.454E-16 -2.795E-15  2.538E-01  2.054E-15  4.913E-02  6.192E-17  3.228E-01
  4.800E+00 -4.580E-01   5.749E+00 -6.350E-01  9.486E-17  1.684E-15 -1.719E-01  5.548E-16  2.282E-15  2.510E-01  1.696E-15  1.242E-01 -1.069E-16  1.870E-01
  4.800E+00 -6.179E-01   8.641E+00 -6.791E-01  2.691E-16  6.772E-16 -1.776E-01 -8.528E-17  1.234E-15  2.341E-01 -2.690E-15  1.278E-01  8.957E-16  8.882E-02
  4.800E+00 -7.554E-01   1.339E+01 -6.488E-01 -1.804E-16  2.503E-16 -1.620E-01  3.014E-15  4.258E-15  1.996E-01  5.176E-15  9.656E-02 -5.246E-16  3.316E-02
  4.800E+00 -8.656E-01   1.911E+01 -5.394E-01  9.731E-18 -6.224E-16 -1.196E-01  5.418E-16  3.222E-16  1.441E-01  7.709E-16  6.237E-02 -4.603E-17  2.707E-03
  4.800E+00 -9.446E-01   2.301E+01 -3.376E-01  2.126E-17  3.785E-15 -6.113E-02  6.156E-15  5.373E-15  7.670E-02  4.453E-15  3.634E-02 -2.801E-16 -1.717E-02
  4.800E+00 -9.894E-01   2.360E+01 -8.857E-02 -2.471E-17  4.968E-16 -1.544E-02  1.304E-15  5.153E-16  2.279E-02  6.179E-16  1.575E-02 -1.392E-17 -3.266E-02
  4.900E+00  9.894E-01   1.105E+01  1.545E-02 -6.740E-17 -4.764E-17  1.374E-02 -9.714E-17  2.349E-19 -2.165E-03 -8.865E-17 -1.282E-01 -2.439E-16  8.665E-01
  4.900E+00  9.446E-01   1.042E+01  6.310E-02 -4.971E-17  3.003E-17  2.529E-02  1.977E-16 -5.073E-17  3.655E-03  6.283E-17 -3.027E-01 -2.042E-16  8.201E-01
  4.900E+00  8.656E-01   9.606E+00  9.467E-02  1.948E-15  9.314E-16  2.435E-02  2.195E-15 -6.189E-16  2.298E-02  2.242E-15 -4.639E-01 -8.314E-16  7.238E-01
  4.900E+00  7.554E-01   8.582E+00  8.615E-02  7.948E-18  9.476E-16  9.815E-03 -8.617E-17  3.418E-16  5.253E-02  6.172E-16 -5.693E-01 -7.503E-17  6.245E-01
  4.900E+00  6.179E-01   7.257E+00  4.542E-02  1.651E-16 -4.484E-16 -1.556E-02  7.281E-16  1.914E-16  8.904E-02 -8.256E-16 -6.011E-01  3.721E-16  5.688E-01
  4.900E+00  4.580E-01   5.850E+00 -2.065E-02  2.763E-16  4.998E-16 -4.856E-02  5.055E-16  1.755E-16  1.316E-01  2.447E-16 -5.595E-01  4.133E-16  5.565E-01
  4.900E+00  2.816E-01   4.687E+00 -1.145E-01 -3.656E-17  3.351E-18 -8.357E-02  4.103E-16  6.945E-18  1.756E-01 -2.914E-16 -4.487E-01 -2.438E-16  5.564E-01
  4.900E+00  9.501E-02   3.968E+00 -2.400E-01  1.987E-16  2.740E-16 -1.123E-01 -1.357E-15 -2.349E-16  2.114E-01  1.825E-15 -2.837E-01 -1.825E-16  5.268E-01
  4.900E+00 -9.501E-02   3.775E+00 -3.889E-01  2.652E-16 -1.635E-15 -1.312E-01  4.660E-16 -1.635E-15  2.321E-01  8.830E-16 -1.008E-01 -4.944E-16  4.403E-01
  4.900E+00 -2.816E-01   4.219E+00 -5.355E-01  2.554E-17 -1.429E-15 -1.461E-01 -2.553E-15 -9.222E-16  2.395E-01  2.407E-15  4.693E-02 -3.175E-16  3.077E-01
  4.900E+00 -4.580E-01   5.606E+00 -6.443E-01  1.929E-16  2.153E-15 -1.612E-01  1.016E-15  7.235E-17  2.371E-01 -9.957E-18  1.216E-01 -1.293E-16  1.734E-01
  4.900E+00 -6.179E-01   8.498E+00 -6.879E-01  3.029E-16 -6.319E-15 -1.690E-01  1.708E-16 -2.432E-15  2.233E-01  7.853E-15  1.258E-01 -8.517E-16  7.873E-02
  4.900E+00 -7.554E-01   1.334E+01 -6.580E-01  1.641E-16  3.043E-15 -1.565E-01 -3.001E-15  5.108E-15  1.926E-01 -5.081E-16  9.497E-02  5.291E-17  2.651E-02
  4.900E+00 -8.656E-01   1.932E+01 -5.494E-01  1.931E-16  4.777E-15 -1.167E-01 -1.450E-14  5.646E-15  1.402E-01 -8.426E-15  6.089E-02  4.054E-16 -1.347E-03
  4.900E+00 -9.446E-01   2.354E+01 -3.466E-01 -2.351E-18 -9.532E-16 -5.912E-02  8.186E-16 -1.968E-17  7.400E-02  2.059E-15  3.513E-02 -1.811E-16 -1.971E-02
  4.900E+00 -9.894E-01   2.425E+01 -9.252E-02  1.648E-16  1.249E-14 -1.406E-02 -9.466E-15  1.403E-14  2.109E-02 -6.656E-15  1.519E-02 -2.221E-16 -3.461E-02
  5.000E+00  9.894E-01   1.160E+01  1.635E-02 -2.890E-17  1.456E-17  1.384E-02 -1.281E-16 -8.665E-17 -2.317E-03  3.725E-17 -1.326E-01  9.455E-17  8.619E-01
  5.000E+00  9.446E-01   1.086E+01  6.625E-02 -2.325E-17  8.111E-17  2.531E-02  2.795E-17  5.358E-17  3.514E-03 -5.580E-17 -3.118E-01 -7.005E-17  8.126E-01
  5.000E+00  8.656E-01   9.911E+00  9.830E-02  2.739E-17  1.993E-17  2.421E-02  4.133E-17  3.721E-17  2.279E-02  4.951E-17 -4.753E-01  7.497E-18  7.116E-01
  5.000E+00  7.554E-01   8.742E+00  8.781E-02  2.182E-16  2.508E-16  9.643E-03  4.397E-16  5.865E-16  5.194E-02  7.148E-16 -5.803E-01  7.283E-16  6.100E-01
  5.000E+00  6.179E-01   7.278E+00  4.431E-02 -1.516E-16 -1.798E-16 -1.564E-02 -2.262E-16 -8.945E-17  8.783E-02 -1.961E-16 -6.107E-01 -5.490E-16  5.552E-01
  5.000E+00  4.580E-01   5.773E+00 -2.476E-02  2.089E-16  1.196E-16 -4.811E-02  1.169E-16 -6.867E-16  1.293E-01 -2.622E-16 -5.667E-01 -2.236E-16  5.457E-01
  5.000E+00  2.816E-01   4.565E+00 -1.221E-01 -5.555E-17  1.325E-17 -8.196E-02  6.639E-16  2.579E-16  1.715E-01 -3.764E-16 -4.527E-01 -1.516E-17  5.473E-01
  5.000E+00  9.501E-02   3.840E+00 -2.511E-01 -1.185E-15 -1.827E-14 -1.086E-01  4.332E-15 -1.756E-14  2.043E-01  2.308E-15 -2.847E-01 -4.603E-15  5.164E-01
  5.000E+00 -9.501E-02   3.653E+00 -4.016E-01 -1.521E-15 -1.438E-14 -1.246E-01  2.656E-15 -1.183E-15  2.213E-01 -1.425E-14 -1.016E-01  1.860E-15  4.271E-01
  5.000E+00 -2.816E-01   4.094E+00 -5.465E-01 -1.017E-16 -5.486E-16 -1.367E-01 -1.017E-15 -1.642E-15  2.260E-01 -2.126E-15  4.451E-02  8.561E-17  2.938E-01
  5.000E+00 -4.580E-01   5.465E+00 -6.530E-01 -2.611E-17  2.155E-16 -1.511E-01  2.126E-15 -5.696E-16  2.239E-01  4.780E-16  1.188E-01  1.659E-16  1.611E-01
  5.000E+00 -6.179E-01   8.348E+00 -6.961E-01 -7.619E-17  1.342E-15 -1.608E-01 -1.154E-15  1.286E-15  2.132E-01 -3.320E-15  1.239E-01  2.728E-16  6.961E-02
  5.000E+00 -7.554E-01   1.326E+01 -6.670E-01 -8.183E-16 -2.880E-15 -1.514E-01 -4.245E-15 -8.067E-15  1.862E-01 -3.478E-15  9.359E-02  6.759E-16  2.051E-02
  5.000E+00 -8.656E-01   1.949E+01 -5.592E-01  8.617E-19  1.273E-17 -1.142E-01 -5.082E-16  3.256E-16  1.368E-01  7.561E-16  5.963E-02 -1.319E-16 -4.931E-03
  5.000E+00 -9.446E-01   2.401E+01 -3.554E-01 -7.122E-17 -1.252E-15 -5.745E-02 -8.096E-16 -1.248E-15  7.170E-02  2.372E-16  3.409E-02  4.864E-17 -2.189E-02
  5.000E+00 -9.894E-01   2.485E+01 -9.659E-02  1.178E-17  1.498E-15 -1.288E-02  5.134E-16  1.439E-15  1.962E-02 -2.285E-16  1.471E-02  6.406E-17 -3.626E-02