9000 1 5 0.000000 0.000000 8.000000 8.000000
1 12 0.494000
   -1 -0.018616 -0.398958 3.816720 3.869225
2 8 0.140000
   1 -0.004997 0.218330 1.495606 1.517937
3 11 0.494000
   1 0.095663 0.258966 1.054485 1.196741
4 9 0.140000
   -1 -0.441142 0.109050 1.100209 1.198565
5 14 0.938000
   1 0.369092 -0.187387 0.532979 1.155532
9000 2 5 0.000000 0.000000 8.000000 8.000000
1 12 0.494000
   -1 0.373610 -0.297716 4.494175 4.546412
2 8 0.140000
   1 -0.037067 -0.164078 0.286338 0.360396
3 11 0.494000
   1 -0.175749 0.483264 1.786692 1.923730
4 9 0.140000
   -1 -0.208150 -0.080409 1.065007 1.097101
5 14 0.938000
   1 0.047355 0.058939 0.367788 1.010361
9000 3 5 0.000000 0.000000 8.000000 8.000000
1 12 0.494000
   -1 0.320484 -0.285827 1.945413 2.052577
2 8 0.140000
   1 0.332371 0.270098 1.516168 1.581705
3 11 0.494000
   1 -0.552083 0.162558 2.262148 2.385911
4 9 0.140000
   -1 0.030885 0.003018 1.871371 1.876857
5 14 0.938000
   1 -0.131656 -0.149847 0.404899 1.040949
9000 4 5 0.000000 0.000000 8.000000 8.000000
1 12 0.494000
   -1 0.073347 0.033692 3.261688 3.299872
2 8 0.140000
   1 0.141759 -0.096097 0.245442 0.330412
3 11 0.494000
   1 -0.051074 0.157533 1.792819 1.866993
4 9 0.140000
   -1 -0.196042 -0.436630 2.318587 2.371607
5 14 0.938000
   1 0.032010 0.341503 0.381465 1.069116
9000 5 5 0.000000 0.000000 8.000000 8.000000
1 12 0.494000
   -1 -0.114551 -0.552874 2.447901 2.560282
2 8 0.140000
   1 -0.458187 -0.112576 2.291115 2.343377
3 11 0.494000
   1 0.218552 0.094766 0.775031 0.949450
4 9 0.140000
   -1 0.135680 0.127355 1.815653 1.830525
5 14 0.938000
   1 0.218506 0.443329 0.670301 1.254366
9000 6 5 0.000000 0.000000 8.000000 8.000000
1 12 0.494000
   -1 -0.467886 -0.103069 2.110525 2.219886
2 8 0.140000
   1 -0.081052 -0.027318 0.055734 0.173268
3 11 0.494000
   1 0.604486 0.035623 4.144534 4.217567
4 9 0.140000
   -1 -0.012607 0.292766 1.213507 1.256212
5 14 0.938000
   1 -0.042942 -0.198001 0.475700 1.071066
9000 7 5 0.000000 0.000000 8.000000 8.000000
1 12 0.494000
   -1 -0.068192 0.307647 1.255584 1.385577
2 8 0.140000
   1 0.015327 -0.285807 1.404237 1.439931
3 11 0.494000
   1 -0.302664 -0.074601 3.307722 3.358903
4 9 0.140000
   -1 0.273146 0.038321 1.740321 1.767595
5 14 0.938000
   1 0.082384 0.014440 0.292138 0.985994
9000 8 5 0.000000 0.000000 8.000000 8.000000
1 12 0.494000
   -1 0.213330 -0.010334 2.356987 2.417651
2 8 0.140000
   1 0.032523 -0.516830 1.911801 1.985636
3 11 0.494000
   1 -0.452645 0.509129 3.155294 3.265580
4 9 0.140000
   -1 0.068217 -0.038604 0.176983 0.238886
5 14 0.938000
   1 0.138575 0.056639 0.398936 1.030245
9000 9 5 0.000000 0.000000 8.000000 8.000000
1 12 0.494000
   -1 0.392532 0.697456 2.871269 3.021381
2 8 0.140000
   1 -0.002879 -0.144438 0.280666 0.345318
3 11 0.494000
   1 0.031701 0.008923 1.783288 1.850740
4 9 0.140000
   -1 -0.175130 -0.265366 2.567846 2.591239
5 14 0.938000
   1 -0.246225 -0.296575 0.496931 1.129322
9000 10 5 0.000000 0.000000 8.000000 8.000000
1 12 0.494000
   -1 -0.248205 -0.166013 0.974885 1.132962
2 8 0.140000
   1 0.091065 -0.453146 1.808113 1.871498
3 11 0.494000
   1 0.552729 0.426819 4.364794 4.447825
4 9 0.140000
   -1 -0.013863 -0.024232 0.249625 0.287562
5 14 0.938000
   1 -0.381726 0.216572 0.602582 1.198152
