  3.000E+00  9.816E-01   3.367E+00  1.123E-01 -5.270E-02 -1.526E-01
  3.000E+00  9.041E-01   3.900E+00  1.920E-01 -1.679E-01 -2.610E-01
  3.000E+00  7.699E-01   4.245E+00  2.191E-01 -2.169E-01 -2.976E-01
  3.000E+00  5.873E-01   4.267E+00  2.240E-01 -2.028E-01 -3.038E-01
  3.000E+00  3.678E-01   4.119E+00  2.188E-01 -1.584E-01 -2.951E-01
  3.000E+00  1.252E-01   3.935E+00  2.090E-01 -1.074E-01 -2.785E-01
  3.000E+00 -1.252E-01   3.760E+00  1.963E-01 -6.241E-02 -2.570E-01
  3.000E+00 -3.678E-01   3.564E+00  1.789E-01 -3.010E-02 -2.305E-01
  3.000E+00 -5.873E-01   3.247E+00  1.550E-01 -1.266E-02 -1.989E-01
  3.000E+00 -7.699E-01   2.700E+00  1.248E-01 -7.628E-03 -1.636E-01
  3.000E+00 -9.041E-01   1.950E+00  8.985E-02 -7.712E-03 -1.247E-01
  3.000E+00 -9.816E-01   1.288E+00  4.615E-02 -3.646E-03 -6.967E-02
  4.000E+00  9.816E-01   7.691E+00  6.880E-02 -2.757E-01 -1.037E-01
  4.000E+00  9.041E-01   1.112E+01  7.859E-02 -5.022E-01 -1.181E-01
  4.000E+00  7.699E-01   1.083E+01  7.765E-02 -5.106E-01 -1.173E-01
  4.000E+00  5.873E-01   9.041E+00  7.244E-02 -4.598E-01 -1.115E-01
  4.000E+00  3.678E-01   7.452E+00  6.649E-02 -4.013E-01 -1.038E-01
  4.000E+00  1.252E-01   6.335E+00  7.003E-02 -3.408E-01 -1.054E-01
  4.000E+00 -1.252E-01   5.648E+00  8.716E-02 -2.674E-01 -1.208E-01
  4.000E+00 -3.678E-01   5.482E+00  1.023E-01 -1.833E-01 -1.330E-01
  4.000E+00 -5.873E-01   5.933E+00  8.997E-02 -1.097E-01 -1.161E-01
  4.000E+00 -7.699E-01   6.634E+00  4.881E-02 -6.707E-02 -7.089E-02
  4.000E+00 -9.041E-01   6.478E+00  3.436E-03 -4.564E-02 -2.361E-02
  4.000E+00 -9.816E-01   5.189E+00 -1.790E-02 -1.739E-02  3.299E-03
  5.000E+00  9.816E-01   1.147E+01  3.584E-02 -4.208E-01 -5.647E-02
  5.000E+00  9.041E-01   1.557E+01  3.826E-02 -5.927E-01 -5.941E-02
  5.000E+00  7.699E-01   1.241E+01  3.592E-02 -5.710E-01 -5.743E-02
  5.000E+00  5.873E-01   8.810E+00  2.799E-02 -5.391E-01 -4.894E-02
  5.000E+00  3.678E-01   6.597E+00  1.974E-02 -5.268E-01 -3.919E-02
  5.000E+00  1.252E-01   5.460E+00  1.949E-02 -5.199E-01 -3.779E-02
  5.000E+00 -1.252E-01   4.809E+00  4.283E-02 -4.840E-01 -6.189E-02
  5.000E+00 -3.678E-01   4.637E+00  8.006E-02 -4.000E-01 -1.013E-01
  5.000E+00 -5.873E-01   5.410E+00  8.749E-02 -2.574E-01 -1.094E-01
  5.000E+00 -7.699E-01   7.760E+00  4.241E-02 -1.140E-01 -6.316E-02
  5.000E+00 -9.041E-01   1.071E+01 -8.920E-03 -4.243E-02 -1.086E-02
  5.000E+00 -9.816E-01   1.138E+01 -2.311E-02 -1.202E-02  8.972E-03