  3.000E+00  9.816E-01   3.686E+00 -5.261E-02 -1.581E-03  5.565E-02
  3.000E+00  9.041E-01   3.742E+00 -1.051E-01 -5.713E-03  1.118E-01
  3.000E+00  7.699E-01   3.744E+00 -1.209E-01 -9.065E-03  1.302E-01
  3.000E+00  5.873E-01   3.641E+00 -1.020E-01 -2.196E-02  1.130E-01
  3.000E+00  3.678E-01   3.415E+00 -3.894E-02 -4.671E-02  5.064E-02
  3.000E+00  1.252E-01   3.145E+00  7.897E-02 -9.118E-02 -6.897E-02
  3.000E+00 -1.252E-01   3.093E+00  2.129E-01 -2.014E-01 -2.073E-01
  3.000E+00 -3.678E-01   3.374E+00  3.087E-01 -3.550E-01 -3.078E-01
  3.000E+00 -5.873E-01   3.800E+00  3.520E-01 -4.585E-01 -3.543E-01
  3.000E+00 -7.699E-01   4.068E+00  3.569E-01 -4.689E-01 -3.602E-01
  3.000E+00 -9.041E-01   3.757E+00  3.229E-01 -3.599E-01 -3.260E-01
  3.000E+00 -9.816E-01   2.972E+00  1.984E-01 -1.181E-01 -2.003E-01
  4.000E+00  9.816E-01   8.216E+00 -1.796E-02 -2.850E-03  1.524E-02
  4.000E+00  9.041E-01   7.891E+00 -3.582E-02  1.188E-02  3.042E-02
  4.000E+00  7.699E-01   7.168E+00 -5.112E-02  1.630E-02  4.567E-02
  4.000E+00  5.873E-01   6.381E+00 -6.150E-02 -5.456E-02  5.640E-02
  4.000E+00  3.678E-01   5.520E+00 -4.199E-03 -1.710E-01 -1.999E-03
  4.000E+00  1.252E-01   5.360E+00  4.017E-02 -3.755E-01 -4.463E-02
  4.000E+00 -1.252E-01   5.379E+00  4.635E-02 -5.287E-01 -4.997E-02
  4.000E+00 -3.678E-01   5.686E+00  1.335E-01 -6.125E-01 -1.396E-01
  4.000E+00 -5.873E-01   8.153E+00  1.552E-01 -6.931E-01 -1.613E-01
  4.000E+00 -7.699E-01   1.100E+01  1.294E-01 -6.115E-01 -1.348E-01
  4.000E+00 -9.041E-01   1.445E+01  1.199E-01 -3.985E-01 -1.245E-01
  4.000E+00 -9.816E-01   1.555E+01  8.661E-02 -1.253E-01 -8.919E-02
  5.000E+00  9.816E-01   1.172E+01  3.092E-04  1.136E-02 -1.400E-03
  5.000E+00  9.041E-01   1.018E+01 -5.320E-03  3.430E-02  1.818E-03
  5.000E+00  7.699E-01   7.667E+00 -5.738E-03  7.225E-02 -7.621E-04
  5.000E+00  5.873E-01   5.544E+00 -3.400E-02  2.471E-02  2.743E-02
  5.000E+00  3.678E-01   4.510E+00  1.914E-02 -1.999E-01 -1.967E-02
  5.000E+00  1.252E-01   3.909E+00  7.189E-02 -3.962E-01 -6.932E-02
  5.000E+00 -1.252E-01   4.599E+00 -1.116E-02 -6.197E-01  1.346E-02
  5.000E+00 -3.678E-01   5.765E+00  5.068E-02 -7.393E-01 -4.961E-02
  5.000E+00 -5.873E-01   7.463E+00  8.884E-02 -7.467E-01 -8.946E-02
  5.000E+00 -7.699E-01   1.176E+01  8.061E-02 -6.672E-01 -8.173E-02
  5.000E+00 -9.041E-01   1.863E+01  5.531E-02 -5.961E-01 -5.616E-02
  5.000E+00 -9.816E-01   1.755E+01  4.092E-02 -3.407E-01 -4.157E-02