  3.000E+00  9.816E-01   1.509E+00  5.676E-02  7.120E-03  6.340E-03
  3.000E+00  9.041E-01   1.856E+00  8.402E-02  2.426E-02  3.745E-02
  3.000E+00  7.699E-01   2.375E+00  4.946E-02  3.240E-02  1.014E-01
  3.000E+00  5.873E-01   2.890E+00 -1.832E-02  2.665E-02  1.836E-01
  3.000E+00  3.678E-01   3.294E+00 -1.175E-01 -1.205E-02  2.885E-01
  3.000E+00  1.252E-01   3.610E+00 -2.608E-01 -9.721E-02  4.271E-01
  3.000E+00 -1.252E-01   3.937E+00 -4.106E-01 -2.234E-01  5.643E-01
  3.000E+00 -3.678E-01   4.381E+00 -5.055E-01 -3.660E-01  6.379E-01
  3.000E+00 -5.873E-01   4.745E+00 -5.269E-01 -4.580E-01  6.342E-01
  3.000E+00 -7.699E-01   4.694E+00 -4.949E-01 -4.593E-01  5.803E-01
  3.000E+00 -9.041E-01   4.028E+00 -4.275E-01 -3.463E-01  4.940E-01
  3.000E+00 -9.816E-01   3.077E+00 -2.647E-01 -1.120E-01  3.033E-01
  4.000E+00  9.816E-01   5.881E+00  2.612E-02  1.241E-02 -2.930E-03
  4.000E+00  9.041E-01   6.094E+00  2.934E-02  5.110E-02  2.513E-02
  4.000E+00  7.699E-01   6.355E+00  1.278E-02  6.620E-02  6.718E-02
  4.000E+00  5.873E-01   6.254E+00 -5.431E-03  5.059E-02  1.080E-01
  4.000E+00  3.678E-01   5.622E+00 -8.399E-02  1.301E-02  2.150E-01
  4.000E+00  1.252E-01   5.060E+00 -1.772E-01 -9.690E-02  3.284E-01
  4.000E+00 -1.252E-01   4.930E+00 -1.909E-01 -2.670E-01  3.533E-01
  4.000E+00 -3.678E-01   5.944E+00 -2.702E-01 -4.726E-01  4.070E-01
  4.000E+00 -5.873E-01   8.759E+00 -2.783E-01 -5.969E-01  3.591E-01
  4.000E+00 -7.699E-01   1.231E+01 -2.180E-01 -5.403E-01  2.683E-01
  4.000E+00 -9.041E-01   1.599E+01 -1.225E-01 -3.420E-01  1.546E-01
  4.000E+00 -9.816E-01   1.739E+01 -3.401E-02 -9.270E-02  4.871E-02
  5.000E+00  9.816E-01   1.173E+01  2.428E-02  3.763E-02 -8.578E-03
  5.000E+00  9.041E-01   1.006E+01  3.698E-02  1.140E-01  5.251E-04
  5.000E+00  7.699E-01   8.384E+00  1.981E-02  1.127E-01  4.315E-02
  5.000E+00  5.873E-01   6.649E+00 -2.271E-02  5.049E-02  9.781E-02
  5.000E+00  3.678E-01   4.908E+00 -7.296E-02 -5.616E-02  1.453E-01
  5.000E+00  1.252E-01   3.618E+00 -1.222E-01 -1.829E-01  1.969E-01
  5.000E+00 -1.252E-01   3.274E+00 -1.568E-01 -3.714E-01  2.329E-01
  5.000E+00 -3.678E-01   4.746E+00 -1.417E-01 -6.251E-01  2.054E-01
  5.000E+00 -5.873E-01   7.725E+00 -1.628E-01 -6.821E-01  2.109E-01
  5.000E+00 -7.699E-01   1.263E+01 -1.181E-01 -5.930E-01  1.428E-01
  5.000E+00 -9.041E-01   2.092E+01 -7.904E-02 -5.189E-01  8.797E-02
  5.000E+00 -9.816E-01   2.113E+01 -2.198E-02 -2.675E-01  2.594E-02
